{"meta": {"format": 3, "version": "7.10.4", "timestamp": "2025-08-24T00:39:34.203964", "branch_coverage": false, "show_contexts": false}, "files": {"src\\addrnorm\\__init__.py": {"executed_lines": [0], "summary": {"covered_lines": 0, "num_statements": 0, "percent_covered": 100.0, "percent_covered_display": "100", "missing_lines": 0, "excluded_lines": 0}, "missing_lines": [], "excluded_lines": [], "functions": {"": {"executed_lines": [], "summary": {"covered_lines": 0, "num_statements": 0, "percent_covered": 100.0, "percent_covered_display": "100", "missing_lines": 0, "excluded_lines": 0}, "missing_lines": [], "excluded_lines": []}}, "classes": {"": {"executed_lines": [], "summary": {"covered_lines": 0, "num_statements": 0, "percent_covered": 100.0, "percent_covered_display": "100", "missing_lines": 0, "excluded_lines": 0}, "missing_lines": [], "excluded_lines": []}}}, "src\\addrnorm\\api\\__init__.py": {"executed_lines": [], "summary": {"covered_lines": 0, "num_statements": 3, "percent_covered": 0.0, "percent_covered_display": "0", "missing_lines": 3, "excluded_lines": 0}, "missing_lines": [5, 12, 14], "excluded_lines": [], "functions": {"": {"executed_lines": [], "summary": {"covered_lines": 0, "num_statements": 3, "percent_covered": 0.0, "percent_covered_display": "0", "missing_lines": 3, "excluded_lines": 0}, "missing_lines": [5, 12, 14], "excluded_lines": []}}, "classes": {"": {"executed_lines": [], "summary": {"covered_lines": 0, "num_statements": 3, "percent_covered": 0.0, "percent_covered_display": "0", "missing_lines": 3, "excluded_lines": 0}, "missing_lines": [5, 12, 14], "excluded_lines": []}}}, "src\\addrnorm\\api\\models.py": {"executed_lines": [], "summary": {"covered_lines": 0, "num_statements": 23, "percent_covered": 0.0, "percent_covered_display": "0", "missing_lines": 23, "excluded_lines": 0}, "missing_lines": [6, 8, 11, 14, 19, 22, 30, 33, 34, 35, 38, 39, 40, 43, 48, 51, 54, 55, 56, 59, 62, 63, 64], "excluded_lines": [], "functions": {"": {"executed_lines": [], "summary": {"covered_lines": 0, "num_statements": 23, "percent_covered": 0.0, "percent_covered_display": "0", "missing_lines": 23, "excluded_lines": 0}, "missing_lines": [6, 8, 11, 14, 19, 22, 30, 33, 34, 35, 38, 39, 40, 43, 48, 51, 54, 55, 56, 59, 62, 63, 64], "excluded_lines": []}}, "classes": {"AddressRequest": {"executed_lines": [], "summary": {"covered_lines": 0, "num_statements": 0, "percent_covered": 100.0, "percent_covered_display": "100", "missing_lines": 0, "excluded_lines": 0}, "missing_lines": [], "excluded_lines": []}, "BatchAddressRequest": {"executed_lines": [], "summary": {"covered_lines": 0, "num_statements": 0, "percent_covered": 100.0, "percent_covered_display": "100", "missing_lines": 0, "excluded_lines": 0}, "missing_lines": [], "excluded_lines": []}, "AddressResponse": {"executed_lines": [], "summary": {"covered_lines": 0, "num_statements": 0, "percent_covered": 100.0, "percent_covered_display": "100", "missing_lines": 0, "excluded_lines": 0}, "missing_lines": [], "excluded_lines": []}, "BatchAddressResponse": {"executed_lines": [], "summary": {"covered_lines": 0, "num_statements": 0, "percent_covered": 100.0, "percent_covered_display": "100", "missing_lines": 0, "excluded_lines": 0}, "missing_lines": [], "excluded_lines": []}, "HealthResponse": {"executed_lines": [], "summary": {"covered_lines": 0, "num_statements": 0, "percent_covered": 100.0, "percent_covered_display": "100", "missing_lines": 0, "excluded_lines": 0}, "missing_lines": [], "excluded_lines": []}, "": {"executed_lines": [], "summary": {"covered_lines": 0, "num_statements": 23, "percent_covered": 0.0, "percent_covered_display": "0", "missing_lines": 23, "excluded_lines": 0}, "missing_lines": [6, 8, 11, 14, 19, 22, 30, 33, 34, 35, 38, 39, 40, 43, 48, 51, 54, 55, 56, 59, 62, 63, 64], "excluded_lines": []}}}, "src\\addrnorm\\api\\server.py": {"executed_lines": [], "summary": {"covered_lines": 0, "num_statements": 74, "percent_covered": 0.0, "percent_covered_display": "0", "missing_lines": 74, "excluded_lines": 0}, "missing_lines": [5, 6, 8, 9, 10, 11, 13, 18, 27, 28, 29, 32, 35, 36, 39, 49, 58, 61, 62, 66, 68, 69, 79, 80, 82, 83, 84, 87, 88, 90, 93, 95, 106, 107, 110, 117, 124, 125, 133, 134, 139, 140, 142, 143, 145, 146, 147, 153, 154, 162, 163, 168, 169, 171, 172, 174, 175, 176, 177, 179, 180, 182, 189, 190, 191, 197, 198, 201, 203, 209, 212, 214, 225, 226], "excluded_lines": [], "functions": {"startup_event": {"executed_lines": [], "summary": {"covered_lines": 0, "num_statements": 8, "percent_covered": 0.0, "percent_covered_display": "0", "missing_lines": 8, "excluded_lines": 0}, "missing_lines": [66, 68, 69, 79, 80, 82, 83, 84], "excluded_lines": []}, "shutdown_event": {"executed_lines": [], "summary": {"covered_lines": 0, "num_statements": 1, "percent_covered": 0.0, "percent_covered_display": "0", "missing_lines": 1, "excluded_lines": 0}, "missing_lines": [90], "excluded_lines": []}, "_result_to_dict": {"executed_lines": [], "summary": {"covered_lines": 0, "num_statements": 1, "percent_covered": 0.0, "percent_covered_display": "0", "missing_lines": 1, "excluded_lines": 0}, "missing_lines": [95], "excluded_lines": []}, "health_check": {"executed_lines": [], "summary": {"covered_lines": 0, "num_statements": 2, "percent_covered": 0.0, "percent_covered_display": "0", "missing_lines": 2, "excluded_lines": 0}, "missing_lines": [110, 117], "excluded_lines": []}, "normalize_address": {"executed_lines": [], "summary": {"covered_lines": 0, "num_statements": 9, "percent_covered": 0.0, "percent_covered_display": "0", "missing_lines": 9, "excluded_lines": 0}, "missing_lines": [133, 134, 139, 140, 142, 143, 145, 146, 147], "excluded_lines": []}, "normalize_batch": {"executed_lines": [], "summary": {"covered_lines": 0, "num_statements": 16, "percent_covered": 0.0, "percent_covered_display": "0", "missing_lines": 16, "excluded_lines": 0}, "missing_lines": [162, 163, 168, 169, 171, 172, 174, 175, 176, 177, 179, 180, 182, 189, 190, 191], "excluded_lines": []}, "global_exception_handler": {"executed_lines": [], "summary": {"covered_lines": 0, "num_statements": 2, "percent_covered": 0.0, "percent_covered_display": "0", "missing_lines": 2, "excluded_lines": 0}, "missing_lines": [201, 203], "excluded_lines": []}, "main": {"executed_lines": [], "summary": {"covered_lines": 0, "num_statements": 2, "percent_covered": 0.0, "percent_covered_display": "0", "missing_lines": 2, "excluded_lines": 0}, "missing_lines": [212, 214], "excluded_lines": []}, "": {"executed_lines": [], "summary": {"covered_lines": 0, "num_statements": 33, "percent_covered": 0.0, "percent_covered_display": "0", "missing_lines": 33, "excluded_lines": 0}, "missing_lines": [5, 6, 8, 9, 10, 11, 13, 18, 27, 28, 29, 32, 35, 36, 39, 49, 58, 61, 62, 87, 88, 93, 106, 107, 124, 125, 153, 154, 197, 198, 209, 225, 226], "excluded_lines": []}}, "classes": {"": {"executed_lines": [], "summary": {"covered_lines": 0, "num_statements": 74, "percent_covered": 0.0, "percent_covered_display": "0", "missing_lines": 74, "excluded_lines": 0}, "missing_lines": [5, 6, 8, 9, 10, 11, 13, 18, 27, 28, 29, 32, 35, 36, 39, 49, 58, 61, 62, 66, 68, 69, 79, 80, 82, 83, 84, 87, 88, 90, 93, 95, 106, 107, 110, 117, 124, 125, 133, 134, 139, 140, 142, 143, 145, 146, 147, 153, 154, 162, 163, 168, 169, 171, 172, 174, 175, 176, 177, 179, 180, 182, 189, 190, 191, 197, 198, 201, 203, 209, 212, 214, 225, 226], "excluded_lines": []}}}, "src\\addrnorm\\cli.py": {"executed_lines": [], "summary": {"covered_lines": 0, "num_statements": 237, "percent_covered": 0.0, "percent_covered_display": "0", "missing_lines": 237, "excluded_lines": 0}, "missing_lines": [8, 9, 10, 11, 12, 13, 16, 17, 18, 20, 21, 22, 23, 26, 29, 56, 59, 82, 83, 90, 95, 102, 110, 117, 125, 131, 136, 141, 147, 155, 158, 161, 164, 167, 174, 176, 179, 182, 184, 185, 186, 189, 190, 194, 197, 198, 201, 204, 205, 212, 215, 217, 218, 219, 220, 223, 226, 227, 233, 236, 239, 240, 242, 243, 244, 245, 247, 250, 251, 252, 254, 256, 258, 259, 263, 265, 267, 268, 269, 272, 274, 275, 276, 278, 279, 280, 282, 283, 286, 287, 289, 290, 291, 292, 294, 295, 296, 299, 301, 302, 303, 305, 306, 307, 308, 309, 314, 317, 322, 324, 326, 328, 330, 333, 334, 335, 342, 345, 346, 347, 348, 349, 356, 359, 360, 361, 362, 363, 365, 366, 367, 370, 371, 372, 374, 375, 376, 378, 379, 382, 383, 384, 385, 387, 405, 408, 411, 412, 413, 414, 415, 420, 423, 424, 425, 427, 428, 429, 430, 431, 432, 433, 434, 438, 439, 440, 441, 442, 444, 447, 451, 462, 463, 464, 466, 468, 469, 471, 472, 473, 476, 477, 479, 481, 482, 484, 485, 486, 487, 489, 491, 499, 501, 502, 503, 505, 506, 509, 510, 512, 514, 518, 520, 521, 522, 525, 526, 527, 528, 531, 532, 534, 535, 536, 537, 538, 539, 542, 544, 545, 546, 547, 550, 553, 554, 557, 558, 559, 562, 565, 566, 567, 568, 570, 571, 574, 575], "excluded_lines": [], "functions": {"create_parser": {"executed_lines": [], "summary": {"covered_lines": 0, "num_statements": 22, "percent_covered": 0.0, "percent_covered_display": "0", "missing_lines": 22, "excluded_lines": 0}, "missing_lines": [29, 56, 59, 82, 83, 90, 95, 102, 110, 117, 125, 131, 136, 141, 147, 155, 158, 161, 164, 167, 174, 176], "excluded_lines": []}, "validate_args": {"executed_lines": [], "summary": {"covered_lines": 0, "num_statements": 12, "percent_covered": 0.0, "percent_covered_display": "0", "missing_lines": 12, "excluded_lines": 0}, "missing_lines": [182, 184, 185, 186, 189, 190, 194, 197, 198, 201, 204, 205], "excluded_lines": []}, "process_single_address": {"executed_lines": [], "summary": {"covered_lines": 0, "num_statements": 9, "percent_covered": 0.0, "percent_covered_display": "0", "missing_lines": 9, "excluded_lines": 0}, "missing_lines": [215, 217, 218, 219, 220, 223, 226, 227, 233], "excluded_lines": []}, "process_file_input": {"executed_lines": [], "summary": {"covered_lines": 0, "num_statements": 85, "percent_covered": 0.0, "percent_covered_display": "0", "missing_lines": 85, "excluded_lines": 0}, "missing_lines": [239, 240, 242, 243, 244, 245, 247, 250, 251, 252, 254, 256, 258, 259, 263, 265, 267, 268, 269, 272, 274, 275, 276, 278, 279, 280, 282, 283, 286, 287, 289, 290, 291, 292, 294, 295, 296, 299, 301, 302, 303, 305, 306, 307, 308, 309, 314, 317, 322, 324, 326, 328, 330, 333, 334, 335, 342, 345, 346, 347, 348, 349, 356, 359, 360, 361, 362, 363, 365, 366, 367, 370, 371, 372, 374, 375, 376, 378, 379, 382, 383, 384, 385, 387, 405], "excluded_lines": []}, "save_metrics": {"executed_lines": [], "summary": {"covered_lines": 0, "num_statements": 5, "percent_covered": 0.0, "percent_covered_display": "0", "missing_lines": 5, "excluded_lines": 0}, "missing_lines": [411, 412, 413, 414, 415], "excluded_lines": []}, "print_stats": {"executed_lines": [], "summary": {"covered_lines": 0, "num_statements": 17, "percent_covered": 0.0, "percent_covered_display": "0", "missing_lines": 17, "excluded_lines": 0}, "missing_lines": [423, 424, 425, 427, 428, 429, 430, 431, 432, 433, 434, 438, 439, 440, 441, 442, 444], "excluded_lines": []}, "run_normalize_command": {"executed_lines": [], "summary": {"covered_lines": 0, "num_statements": 47, "percent_covered": 0.0, "percent_covered_display": "0", "missing_lines": 47, "excluded_lines": 0}, "missing_lines": [451, 462, 463, 464, 466, 468, 469, 471, 472, 473, 476, 477, 479, 481, 482, 484, 485, 486, 487, 489, 491, 499, 501, 502, 503, 505, 506, 509, 510, 512, 514, 518, 520, 521, 522, 525, 526, 527, 528, 531, 532, 534, 535, 536, 537, 538, 539], "excluded_lines": []}, "show_version": {"executed_lines": [], "summary": {"covered_lines": 0, "num_statements": 4, "percent_covered": 0.0, "percent_covered_display": "0", "missing_lines": 4, "excluded_lines": 0}, "missing_lines": [544, 545, 546, 547], "excluded_lines": []}, "main": {"executed_lines": [], "summary": {"covered_lines": 0, "num_statements": 12, "percent_covered": 0.0, "percent_covered_display": "0", "missing_lines": 12, "excluded_lines": 0}, "missing_lines": [553, 554, 557, 558, 559, 562, 565, 566, 567, 568, 570, 571], "excluded_lines": []}, "": {"executed_lines": [], "summary": {"covered_lines": 0, "num_statements": 24, "percent_covered": 0.0, "percent_covered_display": "0", "missing_lines": 24, "excluded_lines": 0}, "missing_lines": [8, 9, 10, 11, 12, 13, 16, 17, 18, 20, 21, 22, 23, 26, 179, 212, 236, 408, 420, 447, 542, 550, 574, 575], "excluded_lines": []}}, "classes": {"": {"executed_lines": [], "summary": {"covered_lines": 0, "num_statements": 237, "percent_covered": 0.0, "percent_covered_display": "0", "missing_lines": 237, "excluded_lines": 0}, "missing_lines": [8, 9, 10, 11, 12, 13, 16, 17, 18, 20, 21, 22, 23, 26, 29, 56, 59, 82, 83, 90, 95, 102, 110, 117, 125, 131, 136, 141, 147, 155, 158, 161, 164, 167, 174, 176, 179, 182, 184, 185, 186, 189, 190, 194, 197, 198, 201, 204, 205, 212, 215, 217, 218, 219, 220, 223, 226, 227, 233, 236, 239, 240, 242, 243, 244, 245, 247, 250, 251, 252, 254, 256, 258, 259, 263, 265, 267, 268, 269, 272, 274, 275, 276, 278, 279, 280, 282, 283, 286, 287, 289, 290, 291, 292, 294, 295, 296, 299, 301, 302, 303, 305, 306, 307, 308, 309, 314, 317, 322, 324, 326, 328, 330, 333, 334, 335, 342, 345, 346, 347, 348, 349, 356, 359, 360, 361, 362, 363, 365, 366, 367, 370, 371, 372, 374, 375, 376, 378, 379, 382, 383, 384, 385, 387, 405, 408, 411, 412, 413, 414, 415, 420, 423, 424, 425, 427, 428, 429, 430, 431, 432, 433, 434, 438, 439, 440, 441, 442, 444, 447, 451, 462, 463, 464, 466, 468, 469, 471, 472, 473, 476, 477, 479, 481, 482, 484, 485, 486, 487, 489, 491, 499, 501, 502, 503, 505, 506, 509, 510, 512, 514, 518, 520, 521, 522, 525, 526, 527, 528, 531, 532, 534, 535, 536, 537, 538, 539, 542, 544, 545, 546, 547, 550, 553, 554, 557, 558, 559, 562, 565, 566, 567, 568, 570, 571, 574, 575], "excluded_lines": []}}}, "src\\addrnorm\\explainer\\__init__.py": {"executed_lines": [], "summary": {"covered_lines": 0, "num_statements": 2, "percent_covered": 0.0, "percent_covered_display": "0", "missing_lines": 2, "excluded_lines": 0}, "missing_lines": [10, 12], "excluded_lines": [], "functions": {"": {"executed_lines": [], "summary": {"covered_lines": 0, "num_statements": 2, "percent_covered": 0.0, "percent_covered_display": "0", "missing_lines": 2, "excluded_lines": 0}, "missing_lines": [10, 12], "excluded_lines": []}}, "classes": {"": {"executed_lines": [], "summary": {"covered_lines": 0, "num_statements": 2, "percent_covered": 0.0, "percent_covered_display": "0", "missing_lines": 2, "excluded_lines": 0}, "missing_lines": [10, 12], "excluded_lines": []}}}, "src\\addrnorm\\explainer\\rules.py": {"executed_lines": [], "summary": {"covered_lines": 0, "num_statements": 117, "percent_covered": 0.0, "percent_covered_display": "0", "missing_lines": 117, "excluded_lines": 0}, "missing_lines": [7, 8, 9, 12, 13, 16, 17, 18, 19, 20, 23, 26, 29, 49, 65, 67, 72, 73, 75, 78, 89, 90, 93, 94, 97, 98, 100, 101, 102, 103, 104, 106, 107, 109, 112, 115, 117, 120, 180, 226, 228, 229, 232, 235, 238, 240, 242, 249, 250, 251, 254, 255, 257, 258, 259, 260, 261, 263, 264, 267, 268, 270, 273, 274, 275, 276, 278, 280, 281, 283, 285, 289, 292, 293, 297, 298, 301, 302, 305, 306, 307, 308, 310, 313, 331, 332, 334, 335, 337, 338, 341, 343, 344, 347, 349, 358, 360, 361, 362, 363, 364, 365, 368, 370, 382, 383, 385, 386, 387, 388, 389, 390, 391, 393, 394, 397, 398], "excluded_lines": [], "functions": {"TurkishSuffixProcessor.__init__": {"executed_lines": [], "summary": {"covered_lines": 0, "num_statements": 3, "percent_covered": 0.0, "percent_covered_display": "0", "missing_lines": 3, "excluded_lines": 0}, "missing_lines": [29, 49, 65], "excluded_lines": []}, "TurkishSuffixProcessor.strip_suffixes": {"executed_lines": [], "summary": {"covered_lines": 0, "num_statements": 18, "percent_covered": 0.0, "percent_covered_display": "0", "missing_lines": 18, "excluded_lines": 0}, "missing_lines": [72, 73, 75, 78, 89, 90, 93, 94, 97, 98, 100, 101, 102, 103, 104, 106, 107, 109], "excluded_lines": []}, "ExplanationParser.__init__": {"executed_lines": [], "summary": {"covered_lines": 0, "num_statements": 3, "percent_covered": 0.0, "percent_covered_display": "0", "missing_lines": 3, "excluded_lines": 0}, "missing_lines": [117, 120, 180], "excluded_lines": []}, "ExplanationParser._clean_text": {"executed_lines": [], "summary": {"covered_lines": 0, "num_statements": 6, "percent_covered": 0.0, "percent_covered_display": "0", "missing_lines": 6, "excluded_lines": 0}, "missing_lines": [228, 229, 232, 235, 238, 240], "excluded_lines": []}, "ExplanationParser._extract_relation_and_landmark": {"executed_lines": [], "summary": {"covered_lines": 0, "num_statements": 23, "percent_covered": 0.0, "percent_covered_display": "0", "missing_lines": 23, "excluded_lines": 0}, "missing_lines": [249, 250, 251, 254, 255, 257, 258, 259, 260, 261, 263, 264, 267, 268, 270, 273, 274, 275, 276, 278, 280, 281, 283], "excluded_lines": []}, "ExplanationParser._calculate_confidence": {"executed_lines": [], "summary": {"covered_lines": 0, "num_statements": 12, "percent_covered": 0.0, "percent_covered_display": "0", "missing_lines": 12, "excluded_lines": 0}, "missing_lines": [289, 292, 293, 297, 298, 301, 302, 305, 306, 307, 308, 310], "excluded_lines": []}, "parse_explanation": {"executed_lines": [], "summary": {"covered_lines": 0, "num_statements": 11, "percent_covered": 0.0, "percent_covered_display": "0", "missing_lines": 11, "excluded_lines": 0}, "missing_lines": [331, 332, 334, 335, 337, 338, 341, 343, 344, 347, 349], "excluded_lines": []}, "load_test_explanations": {"executed_lines": [], "summary": {"covered_lines": 0, "num_statements": 6, "percent_covered": 0.0, "percent_covered_display": "0", "missing_lines": 6, "excluded_lines": 0}, "missing_lines": [360, 361, 362, 363, 364, 365], "excluded_lines": []}, "main": {"executed_lines": [], "summary": {"covered_lines": 0, "num_statements": 12, "percent_covered": 0.0, "percent_covered_display": "0", "missing_lines": 12, "excluded_lines": 0}, "missing_lines": [370, 382, 383, 385, 386, 387, 388, 389, 390, 391, 393, 394], "excluded_lines": []}, "": {"executed_lines": [], "summary": {"covered_lines": 0, "num_statements": 23, "percent_covered": 0.0, "percent_covered_display": "0", "missing_lines": 23, "excluded_lines": 0}, "missing_lines": [7, 8, 9, 12, 13, 16, 17, 18, 19, 20, 23, 26, 67, 112, 115, 226, 242, 285, 313, 358, 368, 397, 398], "excluded_lines": []}}, "classes": {"ExplanationResult": {"executed_lines": [], "summary": {"covered_lines": 0, "num_statements": 0, "percent_covered": 100.0, "percent_covered_display": "100", "missing_lines": 0, "excluded_lines": 0}, "missing_lines": [], "excluded_lines": []}, "TurkishSuffixProcessor": {"executed_lines": [], "summary": {"covered_lines": 0, "num_statements": 21, "percent_covered": 0.0, "percent_covered_display": "0", "missing_lines": 21, "excluded_lines": 0}, "missing_lines": [29, 49, 65, 72, 73, 75, 78, 89, 90, 93, 94, 97, 98, 100, 101, 102, 103, 104, 106, 107, 109], "excluded_lines": []}, "ExplanationParser": {"executed_lines": [], "summary": {"covered_lines": 0, "num_statements": 44, "percent_covered": 0.0, "percent_covered_display": "0", "missing_lines": 44, "excluded_lines": 0}, "missing_lines": [117, 120, 180, 228, 229, 232, 235, 238, 240, 249, 250, 251, 254, 255, 257, 258, 259, 260, 261, 263, 264, 267, 268, 270, 273, 274, 275, 276, 278, 280, 281, 283, 289, 292, 293, 297, 298, 301, 302, 305, 306, 307, 308, 310], "excluded_lines": []}, "": {"executed_lines": [], "summary": {"covered_lines": 0, "num_statements": 52, "percent_covered": 0.0, "percent_covered_display": "0", "missing_lines": 52, "excluded_lines": 0}, "missing_lines": [7, 8, 9, 12, 13, 16, 17, 18, 19, 20, 23, 26, 67, 112, 115, 226, 242, 285, 313, 331, 332, 334, 335, 337, 338, 341, 343, 344, 347, 349, 358, 360, 361, 362, 363, 364, 365, 368, 370, 382, 383, 385, 386, 387, 388, 389, 390, 391, 393, 394, 397, 398], "excluded_lines": []}}}, "src\\addrnorm\\explanation\\__init__.py": {"executed_lines": [1, 27, 34, 41, 42, 44, 45, 48, 67], "summary": {"covered_lines": 8, "num_statements": 8, "percent_covered": 100.0, "percent_covered_display": "100", "missing_lines": 0, "excluded_lines": 0}, "missing_lines": [], "excluded_lines": [], "functions": {"": {"executed_lines": [1, 27, 34, 41, 42, 44, 45, 48, 67], "summary": {"covered_lines": 8, "num_statements": 8, "percent_covered": 100.0, "percent_covered_display": "100", "missing_lines": 0, "excluded_lines": 0}, "missing_lines": [], "excluded_lines": []}}, "classes": {"": {"executed_lines": [1, 27, 34, 41, 42, 44, 45, 48, 67], "summary": {"covered_lines": 8, "num_statements": 8, "percent_covered": 100.0, "percent_covered_display": "100", "missing_lines": 0, "excluded_lines": 0}, "missing_lines": [], "excluded_lines": []}}}, "src\\addrnorm\\explanation\\landmarks.py": {"executed_lines": [1, 6, 7, 8, 11, 12, 14, 16, 71, 80, 81, 84, 91, 93, 95, 96, 97, 99, 100, 101, 103, 105, 107, 109, 110, 111, 112, 114, 116, 126, 127, 130, 133, 136, 137, 139, 141, 143, 145, 146, 147, 149, 151, 155, 156, 158, 160, 162, 164, 165, 167, 176, 178, 181, 182, 186, 187, 188, 189, 192, 193, 194, 195, 198, 201, 202, 204, 208, 213, 217, 224, 256, 259, 260, 262, 263, 264, 268, 270, 273, 276, 280, 281, 284, 288, 289, 292, 294, 296, 299, 300, 302, 303, 306, 307, 308, 309, 310, 312, 313, 314, 316, 318, 321, 322, 341, 345], "summary": {"covered_lines": 105, "num_statements": 136, "percent_covered": 77.20588235294117, "percent_covered_display": "77", "missing_lines": 31, "excluded_lines": 0}, "missing_lines": [169, 173, 174, 205, 227, 230, 231, 232, 234, 236, 237, 240, 245, 249, 266, 277, 285, 290, 297, 325, 326, 329, 330, 332, 333, 334, 335, 337, 339, 343, 347], "excluded_lines": [], "functions": {"LandmarkDetector.__init__": {"executed_lines": [16, 71, 80, 81, 84], "summary": {"covered_lines": 5, "num_statements": 5, "percent_covered": 100.0, "percent_covered_display": "100", "missing_lines": 0, "excluded_lines": 0}, "missing_lines": [], "excluded_lines": []}, "LandmarkDetector._compile_category_patterns": {"executed_lines": [93, 95, 96, 97, 99, 100, 101, 103], "summary": {"covered_lines": 8, "num_statements": 8, "percent_covered": 100.0, "percent_covered_display": "100", "missing_lines": 0, "excluded_lines": 0}, "missing_lines": [], "excluded_lines": []}, "LandmarkDetector._compile_business_patterns": {"executed_lines": [107, 109, 110, 111, 112, 114], "summary": {"covered_lines": 6, "num_statements": 6, "percent_covered": 100.0, "percent_covered_display": "100", "missing_lines": 0, "excluded_lines": 0}, "missing_lines": [], "excluded_lines": []}, "LandmarkDetector.detect_landmarks": {"executed_lines": [126, 127, 130, 133, 136, 137, 139], "summary": {"covered_lines": 7, "num_statements": 7, "percent_covered": 100.0, "percent_covered_display": "100", "missing_lines": 0, "excluded_lines": 0}, "missing_lines": [], "excluded_lines": []}, "LandmarkDetector._detect_category_landmarks": {"executed_lines": [143, 145, 146, 147, 149, 151, 155, 156, 158], "summary": {"covered_lines": 9, "num_statements": 9, "percent_covered": 100.0, "percent_covered_display": "100", "missing_lines": 0, "excluded_lines": 0}, "missing_lines": [], "excluded_lines": []}, "LandmarkDetector._detect_business_landmarks": {"executed_lines": [162, 164, 165, 167, 176], "summary": {"covered_lines": 5, "num_statements": 8, "percent_covered": 62.5, "percent_covered_display": "62", "missing_lines": 3, "excluded_lines": 0}, "missing_lines": [169, 173, 174], "excluded_lines": []}, "LandmarkDetector._extract_landmark_name": {"executed_lines": [181, 182, 186, 187, 188, 189, 192, 193, 194, 195, 198, 201, 202, 204, 208, 213, 217], "summary": {"covered_lines": 17, "num_statements": 18, "percent_covered": 94.44444444444444, "percent_covered_display": "94", "missing_lines": 1, "excluded_lines": 0}, "missing_lines": [205], "excluded_lines": []}, "LandmarkDetector._extract_business_name": {"executed_lines": [], "summary": {"covered_lines": 0, "num_statements": 10, "percent_covered": 0.0, "percent_covered_display": "0", "missing_lines": 10, "excluded_lines": 0}, "missing_lines": [227, 230, 231, 232, 234, 236, 237, 240, 245, 249], "excluded_lines": []}, "LandmarkDetector._reconstruct_original_case": {"executed_lines": [259, 260, 262, 263, 264], "summary": {"covered_lines": 5, "num_statements": 6, "percent_covered": 83.33333333333333, "percent_covered_display": "83", "missing_lines": 1, "excluded_lines": 0}, "missing_lines": [266], "excluded_lines": []}, "LandmarkDetector._calculate_landmark_confidence": {"executed_lines": [270, 273, 276, 280, 281, 284, 288, 289, 292], "summary": {"covered_lines": 9, "num_statements": 12, "percent_covered": 75.0, "percent_covered_display": "75", "missing_lines": 3, "excluded_lines": 0}, "missing_lines": [277, 285, 290], "excluded_lines": []}, "LandmarkDetector._deduplicate_landmarks": {"executed_lines": [296, 299, 300, 302, 303, 306, 307, 308, 309, 310, 312, 313, 314, 316], "summary": {"covered_lines": 14, "num_statements": 15, "percent_covered": 93.33333333333333, "percent_covered_display": "93", "missing_lines": 1, "excluded_lines": 0}, "missing_lines": [297], "excluded_lines": []}, "LandmarkDetector._names_are_similar": {"executed_lines": [321, 322], "summary": {"covered_lines": 2, "num_statements": 12, "percent_covered": 16.666666666666668, "percent_covered_display": "17", "missing_lines": 10, "excluded_lines": 0}, "missing_lines": [325, 326, 329, 330, 332, 333, 334, 335, 337, 339], "excluded_lines": []}, "LandmarkDetector.get_supported_categories": {"executed_lines": [], "summary": {"covered_lines": 0, "num_statements": 1, "percent_covered": 0.0, "percent_covered_display": "0", "missing_lines": 1, "excluded_lines": 0}, "missing_lines": [343], "excluded_lines": []}, "LandmarkDetector.get_category_keywords": {"executed_lines": [], "summary": {"covered_lines": 0, "num_statements": 1, "percent_covered": 0.0, "percent_covered_display": "0", "missing_lines": 1, "excluded_lines": 0}, "missing_lines": [347], "excluded_lines": []}, "": {"executed_lines": [1, 6, 7, 8, 11, 12, 14, 91, 105, 116, 141, 160, 178, 224, 256, 268, 294, 318, 341, 345], "summary": {"covered_lines": 18, "num_statements": 18, "percent_covered": 100.0, "percent_covered_display": "100", "missing_lines": 0, "excluded_lines": 0}, "missing_lines": [], "excluded_lines": []}}, "classes": {"LandmarkDetector": {"executed_lines": [16, 71, 80, 81, 84, 93, 95, 96, 97, 99, 100, 101, 103, 107, 109, 110, 111, 112, 114, 126, 127, 130, 133, 136, 137, 139, 143, 145, 146, 147, 149, 151, 155, 156, 158, 162, 164, 165, 167, 176, 181, 182, 186, 187, 188, 189, 192, 193, 194, 195, 198, 201, 202, 204, 208, 213, 217, 259, 260, 262, 263, 264, 270, 273, 276, 280, 281, 284, 288, 289, 292, 296, 299, 300, 302, 303, 306, 307, 308, 309, 310, 312, 313, 314, 316, 321, 322], "summary": {"covered_lines": 87, "num_statements": 118, "percent_covered": 73.72881355932203, "percent_covered_display": "74", "missing_lines": 31, "excluded_lines": 0}, "missing_lines": [169, 173, 174, 205, 227, 230, 231, 232, 234, 236, 237, 240, 245, 249, 266, 277, 285, 290, 297, 325, 326, 329, 330, 332, 333, 334, 335, 337, 339, 343, 347], "excluded_lines": []}, "": {"executed_lines": [1, 6, 7, 8, 11, 12, 14, 91, 105, 116, 141, 160, 178, 224, 256, 268, 294, 318, 341, 345], "summary": {"covered_lines": 18, "num_statements": 18, "percent_covered": 100.0, "percent_covered_display": "100", "missing_lines": 0, "excluded_lines": 0}, "missing_lines": [], "excluded_lines": []}}}, "src\\addrnorm\\explanation\\models.py": {"executed_lines": [1, 6, 7, 10, 11, 13, 14, 16, 17, 28, 29, 31, 32, 33, 34, 36, 37, 39, 46, 49, 52, 53, 55, 56, 57, 58, 59, 60, 62, 89, 90, 92, 93, 94, 95, 96, 97], "summary": {"covered_lines": 32, "num_statements": 45, "percent_covered": 71.11111111111111, "percent_covered_display": "71", "missing_lines": 13, "excluded_lines": 0}, "missing_lines": [19, 23, 24, 25, 48, 64, 70, 71, 77, 78, 83, 84, 86], "excluded_lines": [], "functions": {"SpatialRelation.validate_relation": {"executed_lines": [], "summary": {"covered_lines": 0, "num_statements": 4, "percent_covered": 0.0, "percent_covered_display": "0", "missing_lines": 4, "excluded_lines": 0}, "missing_lines": [19, 23, 24, 25], "excluded_lines": []}, "Landmark.validate_type": {"executed_lines": [39, 46, 49], "summary": {"covered_lines": 3, "num_statements": 4, "percent_covered": 75.0, "percent_covered_display": "75", "missing_lines": 1, "excluded_lines": 0}, "missing_lines": [48], "excluded_lines": []}, "ExplanationResult.to_json_output": {"executed_lines": [], "summary": {"covered_lines": 0, "num_statements": 8, "percent_covered": 0.0, "percent_covered_display": "0", "missing_lines": 8, "excluded_lines": 0}, "missing_lines": [64, 70, 71, 77, 78, 83, 84, 86], "excluded_lines": []}, "": {"executed_lines": [1, 6, 7, 10, 11, 13, 14, 16, 17, 28, 29, 31, 32, 33, 34, 36, 37, 52, 53, 55, 56, 57, 58, 59, 60, 62, 89, 90, 92, 93, 94, 95, 96, 97], "summary": {"covered_lines": 29, "num_statements": 29, "percent_covered": 100.0, "percent_covered_display": "100", "missing_lines": 0, "excluded_lines": 0}, "missing_lines": [], "excluded_lines": []}}, "classes": {"SpatialRelation": {"executed_lines": [], "summary": {"covered_lines": 0, "num_statements": 4, "percent_covered": 0.0, "percent_covered_display": "0", "missing_lines": 4, "excluded_lines": 0}, "missing_lines": [19, 23, 24, 25], "excluded_lines": []}, "Landmark": {"executed_lines": [39, 46, 49], "summary": {"covered_lines": 3, "num_statements": 4, "percent_covered": 75.0, "percent_covered_display": "75", "missing_lines": 1, "excluded_lines": 0}, "missing_lines": [48], "excluded_lines": []}, "ExplanationResult": {"executed_lines": [], "summary": {"covered_lines": 0, "num_statements": 8, "percent_covered": 0.0, "percent_covered_display": "0", "missing_lines": 8, "excluded_lines": 0}, "missing_lines": [64, 70, 71, 77, 78, 83, 84, 86], "excluded_lines": []}, "ExplanationConfig": {"executed_lines": [], "summary": {"covered_lines": 0, "num_statements": 0, "percent_covered": 100.0, "percent_covered_display": "100", "missing_lines": 0, "excluded_lines": 0}, "missing_lines": [], "excluded_lines": []}, "": {"executed_lines": [1, 6, 7, 10, 11, 13, 14, 16, 17, 28, 29, 31, 32, 33, 34, 36, 37, 52, 53, 55, 56, 57, 58, 59, 60, 62, 89, 90, 92, 93, 94, 95, 96, 97], "summary": {"covered_lines": 29, "num_statements": 29, "percent_covered": 100.0, "percent_covered_display": "100", "missing_lines": 0, "excluded_lines": 0}, "missing_lines": [], "excluded_lines": []}}}, "src\\addrnorm\\explanation\\parser.py": {"executed_lines": [1, 6, 7, 8, 9, 10, 11, 14, 15, 23, 47, 112, 138, 166, 208, 220, 258, 278, 294], "summary": {"covered_lines": 17, "num_statements": 105, "percent_covered": 16.19047619047619, "percent_covered_display": "16", "missing_lines": 88, "excluded_lines": 0}, "missing_lines": [30, 31, 32, 35, 36, 37, 40, 45, 57, 60, 65, 66, 67, 70, 71, 74, 75, 77, 78, 79, 80, 82, 88, 89, 91, 92, 93, 94, 96, 102, 105, 106, 108, 110, 122, 123, 124, 125, 126, 127, 128, 129, 134, 136, 149, 152, 155, 158, 159, 162, 164, 176, 177, 180, 181, 182, 185, 186, 187, 189, 190, 193, 194, 196, 199, 200, 203, 204, 206, 218, 230, 239, 240, 241, 248, 249, 250, 255, 270, 274, 289, 290, 291, 304, 305, 307, 308, 313], "excluded_lines": [], "functions": {"ExplanationParser.__init__": {"executed_lines": [], "summary": {"covered_lines": 0, "num_statements": 8, "percent_covered": 0.0, "percent_covered_display": "0", "missing_lines": 8, "excluded_lines": 0}, "missing_lines": [30, 31, 32, 35, 36, 37, 40, 45], "excluded_lines": []}, "ExplanationParser.parse": {"executed_lines": [], "summary": {"covered_lines": 0, "num_statements": 26, "percent_covered": 0.0, "percent_covered_display": "0", "missing_lines": 26, "excluded_lines": 0}, "missing_lines": [57, 60, 65, 66, 67, 70, 71, 74, 75, 77, 78, 79, 80, 82, 88, 89, 91, 92, 93, 94, 96, 102, 105, 106, 108, 110], "excluded_lines": []}, "ExplanationParser.parse_batch": {"executed_lines": [], "summary": {"covered_lines": 0, "num_statements": 10, "percent_covered": 0.0, "percent_covered_display": "0", "missing_lines": 10, "excluded_lines": 0}, "missing_lines": [122, 123, 124, 125, 126, 127, 128, 129, 134, 136], "excluded_lines": []}, "ExplanationParser._preprocess_text": {"executed_lines": [], "summary": {"covered_lines": 0, "num_statements": 7, "percent_covered": 0.0, "percent_covered_display": "0", "missing_lines": 7, "excluded_lines": 0}, "missing_lines": [149, 152, 155, 158, 159, 162, 164], "excluded_lines": []}, "ExplanationParser._calculate_overall_confidence": {"executed_lines": [], "summary": {"covered_lines": 0, "num_statements": 18, "percent_covered": 0.0, "percent_covered_display": "0", "missing_lines": 18, "excluded_lines": 0}, "missing_lines": [176, 177, 180, 181, 182, 185, 186, 187, 189, 190, 193, 194, 196, 199, 200, 203, 204, 206], "excluded_lines": []}, "ExplanationParser.is_valid_result": {"executed_lines": [], "summary": {"covered_lines": 0, "num_statements": 1, "percent_covered": 0.0, "percent_covered_display": "0", "missing_lines": 1, "excluded_lines": 0}, "missing_lines": [218], "excluded_lines": []}, "ExplanationParser.get_debug_info": {"executed_lines": [], "summary": {"covered_lines": 0, "num_statements": 8, "percent_covered": 0.0, "percent_covered_display": "0", "missing_lines": 8, "excluded_lines": 0}, "missing_lines": [230, 239, 240, 241, 248, 249, 250, 255], "excluded_lines": []}, "create_parser": {"executed_lines": [], "summary": {"covered_lines": 0, "num_statements": 2, "percent_covered": 0.0, "percent_covered_display": "0", "missing_lines": 2, "excluded_lines": 0}, "missing_lines": [270, 274], "excluded_lines": []}, "parse_explanation": {"executed_lines": [], "summary": {"covered_lines": 0, "num_statements": 3, "percent_covered": 0.0, "percent_covered_display": "0", "missing_lines": 3, "excluded_lines": 0}, "missing_lines": [289, 290, 291], "excluded_lines": []}, "extract_landmark_info": {"executed_lines": [], "summary": {"covered_lines": 0, "num_statements": 5, "percent_covered": 0.0, "percent_covered_display": "0", "missing_lines": 5, "excluded_lines": 0}, "missing_lines": [304, 305, 307, 308, 313], "excluded_lines": []}, "": {"executed_lines": [1, 6, 7, 8, 9, 10, 11, 14, 15, 23, 47, 112, 138, 166, 208, 220, 258, 278, 294], "summary": {"covered_lines": 17, "num_statements": 17, "percent_covered": 100.0, "percent_covered_display": "100", "missing_lines": 0, "excluded_lines": 0}, "missing_lines": [], "excluded_lines": []}}, "classes": {"ExplanationParser": {"executed_lines": [], "summary": {"covered_lines": 0, "num_statements": 78, "percent_covered": 0.0, "percent_covered_display": "0", "missing_lines": 78, "excluded_lines": 0}, "missing_lines": [30, 31, 32, 35, 36, 37, 40, 45, 57, 60, 65, 66, 67, 70, 71, 74, 75, 77, 78, 79, 80, 82, 88, 89, 91, 92, 93, 94, 96, 102, 105, 106, 108, 110, 122, 123, 124, 125, 126, 127, 128, 129, 134, 136, 149, 152, 155, 158, 159, 162, 164, 176, 177, 180, 181, 182, 185, 186, 187, 189, 190, 193, 194, 196, 199, 200, 203, 204, 206, 218, 230, 239, 240, 241, 248, 249, 250, 255], "excluded_lines": []}, "": {"executed_lines": [1, 6, 7, 8, 9, 10, 11, 14, 15, 23, 47, 112, 138, 166, 208, 220, 258, 278, 294], "summary": {"covered_lines": 17, "num_statements": 27, "percent_covered": 62.96296296296296, "percent_covered_display": "63", "missing_lines": 10, "excluded_lines": 0}, "missing_lines": [270, 274, 289, 290, 291, 304, 305, 307, 308, 313], "excluded_lines": []}}}, "src\\addrnorm\\explanation\\relations.py": {"executed_lines": [1, 6, 7, 8, 11, 12, 14, 53, 66, 111, 152, 165, 169], "summary": {"covered_lines": 11, "num_statements": 57, "percent_covered": 19.29824561403509, "percent_covered_display": "19", "missing_lines": 46, "excluded_lines": 0}, "missing_lines": [16, 35, 38, 55, 57, 59, 61, 62, 64, 76, 77, 80, 82, 83, 85, 86, 89, 90, 92, 95, 97, 98, 104, 105, 108, 109, 124, 125, 128, 129, 130, 133, 134, 135, 138, 139, 140, 143, 144, 147, 148, 150, 162, 163, 167, 171], "excluded_lines": [], "functions": {"SpatialRelationExtractor.__init__": {"executed_lines": [], "summary": {"covered_lines": 0, "num_statements": 3, "percent_covered": 0.0, "percent_covered_display": "0", "missing_lines": 3, "excluded_lines": 0}, "missing_lines": [16, 35, 38], "excluded_lines": []}, "SpatialRelationExtractor._compile_patterns": {"executed_lines": [], "summary": {"covered_lines": 0, "num_statements": 6, "percent_covered": 0.0, "percent_covered_display": "0", "missing_lines": 6, "excluded_lines": 0}, "missing_lines": [55, 57, 59, 61, 62, 64], "excluded_lines": []}, "SpatialRelationExtractor.extract_relations": {"executed_lines": [], "summary": {"covered_lines": 0, "num_statements": 17, "percent_covered": 0.0, "percent_covered_display": "0", "missing_lines": 17, "excluded_lines": 0}, "missing_lines": [76, 77, 80, 82, 83, 85, 86, 89, 90, 92, 95, 97, 98, 104, 105, 108, 109], "excluded_lines": []}, "SpatialRelationExtractor._adjust_confidence": {"executed_lines": [], "summary": {"covered_lines": 0, "num_statements": 16, "percent_covered": 0.0, "percent_covered_display": "0", "missing_lines": 16, "excluded_lines": 0}, "missing_lines": [124, 125, 128, 129, 130, 133, 134, 135, 138, 139, 140, 143, 144, 147, 148, 150], "excluded_lines": []}, "SpatialRelationExtractor.get_best_relation": {"executed_lines": [], "summary": {"covered_lines": 0, "num_statements": 2, "percent_covered": 0.0, "percent_covered_display": "0", "missing_lines": 2, "excluded_lines": 0}, "missing_lines": [162, 163], "excluded_lines": []}, "SpatialRelationExtractor.get_supported_relations": {"executed_lines": [], "summary": {"covered_lines": 0, "num_statements": 1, "percent_covered": 0.0, "percent_covered_display": "0", "missing_lines": 1, "excluded_lines": 0}, "missing_lines": [167], "excluded_lines": []}, "SpatialRelationExtractor.get_relation_keywords": {"executed_lines": [], "summary": {"covered_lines": 0, "num_statements": 1, "percent_covered": 0.0, "percent_covered_display": "0", "missing_lines": 1, "excluded_lines": 0}, "missing_lines": [171], "excluded_lines": []}, "": {"executed_lines": [1, 6, 7, 8, 11, 12, 14, 53, 66, 111, 152, 165, 169], "summary": {"covered_lines": 11, "num_statements": 11, "percent_covered": 100.0, "percent_covered_display": "100", "missing_lines": 0, "excluded_lines": 0}, "missing_lines": [], "excluded_lines": []}}, "classes": {"SpatialRelationExtractor": {"executed_lines": [], "summary": {"covered_lines": 0, "num_statements": 46, "percent_covered": 0.0, "percent_covered_display": "0", "missing_lines": 46, "excluded_lines": 0}, "missing_lines": [16, 35, 38, 55, 57, 59, 61, 62, 64, 76, 77, 80, 82, 83, 85, 86, 89, 90, 92, 95, 97, 98, 104, 105, 108, 109, 124, 125, 128, 129, 130, 133, 134, 135, 138, 139, 140, 143, 144, 147, 148, 150, 162, 163, 167, 171], "excluded_lines": []}, "": {"executed_lines": [1, 6, 7, 8, 11, 12, 14, 53, 66, 111, 152, 165, 169], "summary": {"covered_lines": 11, "num_statements": 11, "percent_covered": 100.0, "percent_covered_display": "100", "missing_lines": 0, "excluded_lines": 0}, "missing_lines": [], "excluded_lines": []}}}, "src\\addrnorm\\fallback\\__init__.py": {"executed_lines": [], "summary": {"covered_lines": 0, "num_statements": 3, "percent_covered": 0.0, "percent_covered_display": "0", "missing_lines": 3, "excluded_lines": 0}, "missing_lines": [14, 19, 21], "excluded_lines": [], "functions": {"": {"executed_lines": [], "summary": {"covered_lines": 0, "num_statements": 3, "percent_covered": 0.0, "percent_covered_display": "0", "missing_lines": 3, "excluded_lines": 0}, "missing_lines": [14, 19, 21], "excluded_lines": []}}, "classes": {"": {"executed_lines": [], "summary": {"covered_lines": 0, "num_statements": 3, "percent_covered": 0.0, "percent_covered_display": "0", "missing_lines": 3, "excluded_lines": 0}, "missing_lines": [14, 19, 21], "excluded_lines": []}}}, "src\\addrnorm\\fallback\\apply.py": {"executed_lines": [], "summary": {"covered_lines": 0, "num_statements": 89, "percent_covered": 0.0, "percent_covered_display": "0", "missing_lines": 89, "excluded_lines": 0}, "missing_lines": [6, 8, 9, 12, 18, 19, 21, 34, 37, 42, 47, 48, 53, 62, 75, 78, 93, 94, 95, 96, 99, 100, 101, 102, 103, 106, 107, 108, 109, 110, 112, 114, 117, 118, 121, 123, 126, 128, 136, 139, 142, 145, 146, 147, 148, 152, 153, 155, 156, 159, 161, 163, 175, 180, 183, 190, 191, 192, 194, 196, 200, 214, 216, 217, 218, 221, 224, 225, 227, 228, 229, 230, 231, 232, 233, 234, 235, 237, 240, 241, 243, 245, 248, 250, 272, 274, 278, 291, 292], "excluded_lines": [], "functions": {"FallbackNormalizer.__init__": {"executed_lines": [], "summary": {"covered_lines": 0, "num_statements": 1, "percent_covered": 0.0, "percent_covered_display": "0", "missing_lines": 1, "excluded_lines": 0}, "missing_lines": [19], "excluded_lines": []}, "FallbackNormalizer.normalize": {"executed_lines": [], "summary": {"covered_lines": 0, "num_statements": 6, "percent_covered": 0.0, "percent_covered_display": "0", "missing_lines": 6, "excluded_lines": 0}, "missing_lines": [34, 37, 42, 47, 48, 53], "excluded_lines": []}, "FallbackNormalizer._merge_components": {"executed_lines": [], "summary": {"covered_lines": 0, "num_statements": 17, "percent_covered": 0.0, "percent_covered_display": "0", "missing_lines": 17, "excluded_lines": 0}, "missing_lines": [75, 78, 93, 94, 95, 96, 99, 100, 101, 102, 103, 106, 107, 108, 109, 110, 112], "excluded_lines": []}, "FallbackNormalizer._calculate_confidence": {"executed_lines": [], "summary": {"covered_lines": 0, "num_statements": 5, "percent_covered": 0.0, "percent_covered_display": "0", "missing_lines": 5, "excluded_lines": 0}, "missing_lines": [117, 118, 121, 123, 126], "excluded_lines": []}, "FallbackNormalizer._collect_warnings": {"executed_lines": [], "summary": {"covered_lines": 0, "num_statements": 13, "percent_covered": 0.0, "percent_covered_display": "0", "missing_lines": 13, "excluded_lines": 0}, "missing_lines": [136, 139, 142, 145, 146, 147, 148, 152, 153, 155, 156, 159, 161], "excluded_lines": []}, "FallbackNormalizer._build_address_out": {"executed_lines": [], "summary": {"covered_lines": 0, "num_statements": 7, "percent_covered": 0.0, "percent_covered_display": "0", "missing_lines": 7, "excluded_lines": 0}, "missing_lines": [175, 180, 183, 190, 191, 192, 194], "excluded_lines": []}, "FallbackNormalizer._build_normalized_string": {"executed_lines": [], "summary": {"covered_lines": 0, "num_statements": 21, "percent_covered": 0.0, "percent_covered_display": "0", "missing_lines": 21, "excluded_lines": 0}, "missing_lines": [200, 214, 216, 217, 218, 221, 224, 225, 227, 228, 229, 230, 231, 232, 233, 234, 235, 237, 240, 241, 243], "excluded_lines": []}, "FallbackNormalizer.get_stats": {"executed_lines": [], "summary": {"covered_lines": 0, "num_statements": 2, "percent_covered": 0.0, "percent_covered_display": "0", "missing_lines": 2, "excluded_lines": 0}, "missing_lines": [248, 250], "excluded_lines": []}, "create_fallback_normalizer": {"executed_lines": [], "summary": {"covered_lines": 0, "num_statements": 1, "percent_covered": 0.0, "percent_covered_display": "0", "missing_lines": 1, "excluded_lines": 0}, "missing_lines": [274], "excluded_lines": []}, "normalize_address_fallback": {"executed_lines": [], "summary": {"covered_lines": 0, "num_statements": 2, "percent_covered": 0.0, "percent_covered_display": "0", "missing_lines": 2, "excluded_lines": 0}, "missing_lines": [291, 292], "excluded_lines": []}, "": {"executed_lines": [], "summary": {"covered_lines": 0, "num_statements": 14, "percent_covered": 0.0, "percent_covered_display": "0", "missing_lines": 14, "excluded_lines": 0}, "missing_lines": [6, 8, 9, 12, 18, 21, 62, 114, 128, 163, 196, 245, 272, 278], "excluded_lines": []}}, "classes": {"FallbackNormalizer": {"executed_lines": [], "summary": {"covered_lines": 0, "num_statements": 72, "percent_covered": 0.0, "percent_covered_display": "0", "missing_lines": 72, "excluded_lines": 0}, "missing_lines": [19, 34, 37, 42, 47, 48, 53, 75, 78, 93, 94, 95, 96, 99, 100, 101, 102, 103, 106, 107, 108, 109, 110, 112, 117, 118, 121, 123, 126, 136, 139, 142, 145, 146, 147, 148, 152, 153, 155, 156, 159, 161, 175, 180, 183, 190, 191, 192, 194, 200, 214, 216, 217, 218, 221, 224, 225, 227, 228, 229, 230, 231, 232, 233, 234, 235, 237, 240, 241, 243, 248, 250], "excluded_lines": []}, "": {"executed_lines": [], "summary": {"covered_lines": 0, "num_statements": 17, "percent_covered": 0.0, "percent_covered_display": "0", "missing_lines": 17, "excluded_lines": 0}, "missing_lines": [6, 8, 9, 12, 18, 21, 62, 114, 128, 163, 196, 245, 272, 274, 278, 291, 292], "excluded_lines": []}}}, "src\\addrnorm\\fallback\\rules.py": {"executed_lines": [], "summary": {"covered_lines": 0, "num_statements": 100, "percent_covered": 0.0, "percent_covered_display": "0", "missing_lines": 100, "excluded_lines": 0}, "missing_lines": [6, 7, 8, 11, 12, 15, 16, 17, 18, 19, 22, 25, 26, 27, 29, 33, 51, 69, 94, 126, 144, 162, 179, 183, 224, 278, 288, 305, 316, 324, 327, 335, 336, 338, 339, 340, 342, 343, 349, 351, 353, 354, 356, 365, 375, 376, 379, 380, 383, 385, 387, 402, 403, 405, 413, 416, 417, 418, 419, 420, 423, 426, 427, 428, 429, 430, 433, 436, 438, 439, 441, 442, 443, 444, 448, 450, 451, 454, 457, 460, 461, 462, 463, 464, 467, 469, 471, 475, 478, 481, 483, 485, 490, 492, 493, 495, 496, 498, 500, 503], "excluded_lines": [], "functions": {"TurkishAddressRules.__init__": {"executed_lines": [], "summary": {"covered_lines": 0, "num_statements": 2, "percent_covered": 0.0, "percent_covered_display": "0", "missing_lines": 2, "excluded_lines": 0}, "missing_lines": [26, 27], "excluded_lines": []}, "TurkishAddressRules._compile_rules": {"executed_lines": [], "summary": {"covered_lines": 0, "num_statements": 7, "percent_covered": 0.0, "percent_covered_display": "0", "missing_lines": 7, "excluded_lines": 0}, "missing_lines": [33, 51, 69, 94, 126, 144, 162], "excluded_lines": []}, "TurkishAddressRules._compile_field_keywords": {"executed_lines": [], "summary": {"covered_lines": 0, "num_statements": 4, "percent_covered": 0.0, "percent_covered_display": "0", "missing_lines": 4, "excluded_lines": 0}, "missing_lines": [183, 224, 278, 288], "excluded_lines": []}, "TurkishAddressRules.normalize_patterns": {"executed_lines": [], "summary": {"covered_lines": 0, "num_statements": 22, "percent_covered": 0.0, "percent_covered_display": "0", "missing_lines": 22, "excluded_lines": 0}, "missing_lines": [316, 324, 327, 335, 336, 338, 339, 340, 342, 343, 349, 351, 353, 354, 356, 365, 375, 376, 379, 380, 383, 385], "excluded_lines": []}, "TurkishAddressRules.apply_heuristics": {"executed_lines": [], "summary": {"covered_lines": 0, "num_statements": 35, "percent_covered": 0.0, "percent_covered_display": "0", "missing_lines": 35, "excluded_lines": 0}, "missing_lines": [402, 403, 405, 413, 416, 417, 418, 419, 420, 423, 426, 427, 428, 429, 430, 433, 436, 438, 439, 441, 442, 443, 444, 448, 450, 451, 454, 457, 460, 461, 462, 463, 464, 467, 469], "excluded_lines": []}, "TurkishAddressRules._clean_text": {"executed_lines": [], "summary": {"covered_lines": 0, "num_statements": 4, "percent_covered": 0.0, "percent_covered_display": "0", "missing_lines": 4, "excluded_lines": 0}, "missing_lines": [475, 478, 481, 483], "excluded_lines": []}, "TurkishAddressRules._select_best_components": {"executed_lines": [], "summary": {"covered_lines": 0, "num_statements": 6, "percent_covered": 0.0, "percent_covered_display": "0", "missing_lines": 6, "excluded_lines": 0}, "missing_lines": [490, 492, 493, 495, 496, 498], "excluded_lines": []}, "TurkishAddressRules.get_pattern_stats": {"executed_lines": [], "summary": {"covered_lines": 0, "num_statements": 1, "percent_covered": 0.0, "percent_covered_display": "0", "missing_lines": 1, "excluded_lines": 0}, "missing_lines": [503], "excluded_lines": []}, "": {"executed_lines": [], "summary": {"covered_lines": 0, "num_statements": 19, "percent_covered": 0.0, "percent_covered_display": "0", "missing_lines": 19, "excluded_lines": 0}, "missing_lines": [6, 7, 8, 11, 12, 15, 16, 17, 18, 19, 22, 25, 29, 179, 305, 387, 471, 485, 500], "excluded_lines": []}}, "classes": {"NormalizationRule": {"executed_lines": [], "summary": {"covered_lines": 0, "num_statements": 0, "percent_covered": 100.0, "percent_covered_display": "100", "missing_lines": 0, "excluded_lines": 0}, "missing_lines": [], "excluded_lines": []}, "TurkishAddressRules": {"executed_lines": [], "summary": {"covered_lines": 0, "num_statements": 81, "percent_covered": 0.0, "percent_covered_display": "0", "missing_lines": 81, "excluded_lines": 0}, "missing_lines": [26, 27, 33, 51, 69, 94, 126, 144, 162, 183, 224, 278, 288, 316, 324, 327, 335, 336, 338, 339, 340, 342, 343, 349, 351, 353, 354, 356, 365, 375, 376, 379, 380, 383, 385, 402, 403, 405, 413, 416, 417, 418, 419, 420, 423, 426, 427, 428, 429, 430, 433, 436, 438, 439, 441, 442, 443, 444, 448, 450, 451, 454, 457, 460, 461, 462, 463, 464, 467, 469, 475, 478, 481, 483, 490, 492, 493, 495, 496, 498, 503], "excluded_lines": []}, "": {"executed_lines": [], "summary": {"covered_lines": 0, "num_statements": 19, "percent_covered": 0.0, "percent_covered_display": "0", "missing_lines": 19, "excluded_lines": 0}, "missing_lines": [6, 7, 8, 11, 12, 15, 16, 17, 18, 19, 22, 25, 29, 179, 305, 387, 471, 485, 500], "excluded_lines": []}}}, "src\\addrnorm\\ml\\__init__.py": {"executed_lines": [], "summary": {"covered_lines": 0, "num_statements": 3, "percent_covered": 0.0, "percent_covered_display": "0", "missing_lines": 3, "excluded_lines": 0}, "missing_lines": [7, 13, 15], "excluded_lines": [], "functions": {"": {"executed_lines": [], "summary": {"covered_lines": 0, "num_statements": 3, "percent_covered": 0.0, "percent_covered_display": "0", "missing_lines": 3, "excluded_lines": 0}, "missing_lines": [7, 13, 15], "excluded_lines": []}}, "classes": {"": {"executed_lines": [], "summary": {"covered_lines": 0, "num_statements": 3, "percent_covered": 0.0, "percent_covered_display": "0", "missing_lines": 3, "excluded_lines": 0}, "missing_lines": [7, 13, 15], "excluded_lines": []}}}, "src\\addrnorm\\ml\\infer.py": {"executed_lines": [], "summary": {"covered_lines": 0, "num_statements": 112, "percent_covered": 0.0, "percent_covered_display": "0", "missing_lines": 112, "excluded_lines": 0}, "missing_lines": [8, 9, 10, 13, 14, 15, 17, 18, 20, 22, 23, 24, 27, 30, 38, 39, 40, 41, 44, 46, 48, 49, 50, 52, 53, 55, 56, 57, 58, 59, 61, 62, 63, 64, 65, 66, 67, 68, 70, 72, 74, 84, 85, 92, 94, 95, 98, 101, 102, 103, 113, 122, 123, 130, 147, 156, 157, 159, 161, 169, 172, 173, 175, 177, 181, 194, 195, 206, 207, 216, 218, 220, 222, 223, 224, 227, 228, 229, 230, 231, 232, 233, 234, 235, 236, 237, 238, 239, 240, 241, 242, 243, 244, 246, 248, 250, 251, 254, 255, 257, 259, 269, 272, 278, 279, 281, 284, 302, 303, 306, 308, 309], "excluded_lines": [], "functions": {"MLAddressNormalizer.__init__": {"executed_lines": [], "summary": {"covered_lines": 0, "num_statements": 5, "percent_covered": 0.0, "percent_covered_display": "0", "missing_lines": 5, "excluded_lines": 0}, "missing_lines": [38, 39, 40, 41, 44], "excluded_lines": []}, "MLAddressNormalizer._load_model": {"executed_lines": [], "summary": {"covered_lines": 0, "num_statements": 18, "percent_covered": 0.0, "percent_covered_display": "0", "missing_lines": 18, "excluded_lines": 0}, "missing_lines": [48, 49, 50, 52, 53, 55, 56, 57, 58, 59, 61, 62, 63, 64, 65, 66, 67, 68], "excluded_lines": []}, "MLAddressNormalizer.is_available": {"executed_lines": [], "summary": {"covered_lines": 0, "num_statements": 1, "percent_covered": 0.0, "percent_covered_display": "0", "missing_lines": 1, "excluded_lines": 0}, "missing_lines": [72], "excluded_lines": []}, "MLAddressNormalizer.extract_entities_ml": {"executed_lines": [], "summary": {"covered_lines": 0, "num_statements": 12, "percent_covered": 0.0, "percent_covered_display": "0", "missing_lines": 12, "excluded_lines": 0}, "missing_lines": [84, 85, 92, 94, 95, 98, 101, 102, 103, 113, 122, 123], "excluded_lines": []}, "MLAddressNormalizer.normalize_with_ml_fallback": {"executed_lines": [], "summary": {"covered_lines": 0, "num_statements": 16, "percent_covered": 0.0, "percent_covered_display": "0", "missing_lines": 16, "excluded_lines": 0}, "missing_lines": [147, 156, 157, 159, 161, 169, 172, 173, 175, 177, 181, 194, 195, 206, 207, 216], "excluded_lines": []}, "MLAddressNormalizer._convert_ml_entities_to_normalized": {"executed_lines": [], "summary": {"covered_lines": 0, "num_statements": 23, "percent_covered": 0.0, "percent_covered_display": "0", "missing_lines": 23, "excluded_lines": 0}, "missing_lines": [220, 222, 223, 224, 227, 228, 229, 230, 231, 232, 233, 234, 235, 236, 237, 238, 239, 240, 241, 242, 243, 244, 246], "excluded_lines": []}, "MLAddressNormalizer._calculate_ml_confidence": {"executed_lines": [], "summary": {"covered_lines": 0, "num_statements": 4, "percent_covered": 0.0, "percent_covered_display": "0", "missing_lines": 4, "excluded_lines": 0}, "missing_lines": [250, 251, 254, 255], "excluded_lines": []}, "MLAddressNormalizer.get_stats": {"executed_lines": [], "summary": {"covered_lines": 0, "num_statements": 1, "percent_covered": 0.0, "percent_covered_display": "0", "missing_lines": 1, "excluded_lines": 0}, "missing_lines": [259], "excluded_lines": []}, "get_ml_normalizer": {"executed_lines": [], "summary": {"covered_lines": 0, "num_statements": 3, "percent_covered": 0.0, "percent_covered_display": "0", "missing_lines": 3, "excluded_lines": 0}, "missing_lines": [278, 279, 281], "excluded_lines": []}, "normalize_with_ml_fallback": {"executed_lines": [], "summary": {"covered_lines": 0, "num_statements": 2, "percent_covered": 0.0, "percent_covered_display": "0", "missing_lines": 2, "excluded_lines": 0}, "missing_lines": [302, 303], "excluded_lines": []}, "is_ml_available": {"executed_lines": [], "summary": {"covered_lines": 0, "num_statements": 2, "percent_covered": 0.0, "percent_covered_display": "0", "missing_lines": 2, "excluded_lines": 0}, "missing_lines": [308, 309], "excluded_lines": []}, "": {"executed_lines": [], "summary": {"covered_lines": 0, "num_statements": 25, "percent_covered": 0.0, "percent_covered_display": "0", "missing_lines": 25, "excluded_lines": 0}, "missing_lines": [8, 9, 10, 13, 14, 15, 17, 18, 20, 22, 23, 24, 27, 30, 46, 70, 74, 130, 218, 248, 257, 269, 272, 284, 306], "excluded_lines": []}}, "classes": {"MLAddressNormalizer": {"executed_lines": [], "summary": {"covered_lines": 0, "num_statements": 80, "percent_covered": 0.0, "percent_covered_display": "0", "missing_lines": 80, "excluded_lines": 0}, "missing_lines": [38, 39, 40, 41, 44, 48, 49, 50, 52, 53, 55, 56, 57, 58, 59, 61, 62, 63, 64, 65, 66, 67, 68, 72, 84, 85, 92, 94, 95, 98, 101, 102, 103, 113, 122, 123, 147, 156, 157, 159, 161, 169, 172, 173, 175, 177, 181, 194, 195, 206, 207, 216, 220, 222, 223, 224, 227, 228, 229, 230, 231, 232, 233, 234, 235, 236, 237, 238, 239, 240, 241, 242, 243, 244, 246, 250, 251, 254, 255, 259], "excluded_lines": []}, "": {"executed_lines": [], "summary": {"covered_lines": 0, "num_statements": 32, "percent_covered": 0.0, "percent_covered_display": "0", "missing_lines": 32, "excluded_lines": 0}, "missing_lines": [8, 9, 10, 13, 14, 15, 17, 18, 20, 22, 23, 24, 27, 30, 46, 70, 74, 130, 218, 248, 257, 269, 272, 278, 279, 281, 284, 302, 303, 306, 308, 309], "excluded_lines": []}}}, "src\\addrnorm\\ml\\ner_baseline.py": {"executed_lines": [], "summary": {"covered_lines": 0, "num_statements": 132, "percent_covered": 0.0, "percent_covered_display": "0", "missing_lines": 132, "excluded_lines": 0}, "missing_lines": [8, 9, 10, 12, 13, 14, 17, 20, 27, 28, 29, 44, 45, 47, 49, 52, 53, 54, 56, 59, 60, 62, 65, 66, 68, 70, 72, 73, 75, 77, 78, 79, 81, 97, 98, 101, 102, 103, 104, 105, 108, 111, 113, 115, 116, 119, 121, 122, 124, 125, 127, 129, 139, 140, 142, 144, 145, 146, 160, 166, 168, 170, 180, 181, 183, 184, 185, 187, 189, 190, 193, 196, 199, 202, 203, 204, 207, 208, 209, 215, 224, 234, 237, 240, 241, 242, 245, 246, 247, 248, 249, 252, 253, 254, 257, 260, 261, 262, 264, 267, 277, 279, 280, 281, 282, 283, 284, 285, 286, 288, 291, 293, 294, 295, 296, 299, 302, 330, 332, 333, 336, 337, 339, 340, 341, 342, 345, 346, 347, 348, 351, 352], "excluded_lines": [], "functions": {"TurkishAddressNER.__init__": {"executed_lines": [], "summary": {"covered_lines": 0, "num_statements": 6, "percent_covered": 0.0, "percent_covered_display": "0", "missing_lines": 6, "excluded_lines": 0}, "missing_lines": [27, 28, 29, 44, 45, 47], "excluded_lines": []}, "TurkishAddressNER.create_blank_model": {"executed_lines": [], "summary": {"covered_lines": 0, "num_statements": 10, "percent_covered": 0.0, "percent_covered_display": "0", "missing_lines": 10, "excluded_lines": 0}, "missing_lines": [52, 53, 54, 56, 59, 60, 62, 65, 66, 68], "excluded_lines": []}, "TurkishAddressNER.load_model": {"executed_lines": [], "summary": {"covered_lines": 0, "num_statements": 2, "percent_covered": 0.0, "percent_covered_display": "0", "missing_lines": 2, "excluded_lines": 0}, "missing_lines": [72, 73], "excluded_lines": []}, "TurkishAddressNER.save_model": {"executed_lines": [], "summary": {"covered_lines": 0, "num_statements": 3, "percent_covered": 0.0, "percent_covered_display": "0", "missing_lines": 3, "excluded_lines": 0}, "missing_lines": [77, 78, 79], "excluded_lines": []}, "TurkishAddressNER.train": {"executed_lines": [], "summary": {"covered_lines": 0, "num_statements": 18, "percent_covered": 0.0, "percent_covered_display": "0", "missing_lines": 18, "excluded_lines": 0}, "missing_lines": [97, 98, 101, 102, 103, 104, 105, 108, 111, 113, 115, 116, 119, 121, 122, 124, 125, 127], "excluded_lines": []}, "TurkishAddressNER.predict": {"executed_lines": [], "summary": {"covered_lines": 0, "num_statements": 7, "percent_covered": 0.0, "percent_covered_display": "0", "missing_lines": 7, "excluded_lines": 0}, "missing_lines": [139, 140, 142, 144, 145, 146, 160], "excluded_lines": []}, "TurkishAddressNER.predict_batch": {"executed_lines": [], "summary": {"covered_lines": 0, "num_statements": 1, "percent_covered": 0.0, "percent_covered_display": "0", "missing_lines": 1, "excluded_lines": 0}, "missing_lines": [168], "excluded_lines": []}, "TurkishAddressNER.evaluate": {"executed_lines": [], "summary": {"covered_lines": 0, "num_statements": 18, "percent_covered": 0.0, "percent_covered_display": "0", "missing_lines": 18, "excluded_lines": 0}, "missing_lines": [180, 181, 183, 184, 185, 187, 189, 190, 193, 196, 199, 202, 203, 204, 207, 208, 209, 215], "excluded_lines": []}, "TurkishAddressNER.format_bio_output": {"executed_lines": [], "summary": {"covered_lines": 0, "num_statements": 18, "percent_covered": 0.0, "percent_covered_display": "0", "missing_lines": 18, "excluded_lines": 0}, "missing_lines": [234, 237, 240, 241, 242, 245, 246, 247, 248, 249, 252, 253, 254, 257, 260, 261, 262, 264], "excluded_lines": []}, "load_training_data": {"executed_lines": [], "summary": {"covered_lines": 0, "num_statements": 10, "percent_covered": 0.0, "percent_covered_display": "0", "missing_lines": 10, "excluded_lines": 0}, "missing_lines": [277, 279, 280, 281, 282, 283, 284, 285, 286, 288], "excluded_lines": []}, "save_training_data": {"executed_lines": [], "summary": {"covered_lines": 0, "num_statements": 4, "percent_covered": 0.0, "percent_covered_display": "0", "missing_lines": 4, "excluded_lines": 0}, "missing_lines": [293, 294, 295, 296], "excluded_lines": []}, "main": {"executed_lines": [], "summary": {"covered_lines": 0, "num_statements": 14, "percent_covered": 0.0, "percent_covered_display": "0", "missing_lines": 14, "excluded_lines": 0}, "missing_lines": [302, 330, 332, 333, 336, 337, 339, 340, 341, 342, 345, 346, 347, 348], "excluded_lines": []}, "": {"executed_lines": [], "summary": {"covered_lines": 0, "num_statements": 21, "percent_covered": 0.0, "percent_covered_display": "0", "missing_lines": 21, "excluded_lines": 0}, "missing_lines": [8, 9, 10, 12, 13, 14, 17, 20, 49, 70, 75, 81, 129, 166, 170, 224, 267, 291, 299, 351, 352], "excluded_lines": []}}, "classes": {"TurkishAddressNER": {"executed_lines": [], "summary": {"covered_lines": 0, "num_statements": 83, "percent_covered": 0.0, "percent_covered_display": "0", "missing_lines": 83, "excluded_lines": 0}, "missing_lines": [27, 28, 29, 44, 45, 47, 52, 53, 54, 56, 59, 60, 62, 65, 66, 68, 72, 73, 77, 78, 79, 97, 98, 101, 102, 103, 104, 105, 108, 111, 113, 115, 116, 119, 121, 122, 124, 125, 127, 139, 140, 142, 144, 145, 146, 160, 168, 180, 181, 183, 184, 185, 187, 189, 190, 193, 196, 199, 202, 203, 204, 207, 208, 209, 215, 234, 237, 240, 241, 242, 245, 246, 247, 248, 249, 252, 253, 254, 257, 260, 261, 262, 264], "excluded_lines": []}, "": {"executed_lines": [], "summary": {"covered_lines": 0, "num_statements": 49, "percent_covered": 0.0, "percent_covered_display": "0", "missing_lines": 49, "excluded_lines": 0}, "missing_lines": [8, 9, 10, 12, 13, 14, 17, 20, 49, 70, 75, 81, 129, 166, 170, 224, 267, 277, 279, 280, 281, 282, 283, 284, 285, 286, 288, 291, 293, 294, 295, 296, 299, 302, 330, 332, 333, 336, 337, 339, 340, 341, 342, 345, 346, 347, 348, 351, 352], "excluded_lines": []}}}, "src\\addrnorm\\patterns\\__init__.py": {"executed_lines": [], "summary": {"covered_lines": 0, "num_statements": 4, "percent_covered": 0.0, "percent_covered_display": "0", "missing_lines": 4, "excluded_lines": 0}, "missing_lines": [30, 31, 32, 34], "excluded_lines": [], "functions": {"": {"executed_lines": [], "summary": {"covered_lines": 0, "num_statements": 4, "percent_covered": 0.0, "percent_covered_display": "0", "missing_lines": 4, "excluded_lines": 0}, "missing_lines": [30, 31, 32, 34], "excluded_lines": []}}, "classes": {"": {"executed_lines": [], "summary": {"covered_lines": 0, "num_statements": 4, "percent_covered": 0.0, "percent_covered_display": "0", "missing_lines": 4, "excluded_lines": 0}, "missing_lines": [30, 31, 32, 34], "excluded_lines": []}}}, "src\\addrnorm\\patterns\\compiler.py": {"executed_lines": [], "summary": {"covered_lines": 0, "num_statements": 129, "percent_covered": 0.0, "percent_covered_display": "0", "missing_lines": 129, "excluded_lines": 0}, "missing_lines": [7, 8, 9, 10, 12, 15, 16, 19, 20, 21, 22, 23, 26, 27, 30, 31, 32, 33, 34, 35, 36, 38, 40, 45, 48, 50, 52, 53, 56, 58, 59, 60, 61, 65, 67, 68, 69, 70, 71, 74, 75, 77, 79, 80, 82, 83, 84, 85, 86, 87, 91, 94, 95, 96, 98, 100, 101, 102, 103, 104, 107, 108, 110, 120, 122, 123, 124, 127, 129, 130, 132, 135, 136, 137, 140, 142, 143, 146, 148, 149, 152, 153, 158, 161, 168, 171, 172, 174, 176, 178, 180, 183, 184, 187, 189, 191, 193, 195, 197, 199, 201, 202, 203, 204, 205, 206, 208, 210, 211, 212, 213, 216, 218, 219, 221, 222, 224, 225, 226, 227, 228, 229, 230, 231, 232, 236, 237, 240, 241], "excluded_lines": [], "functions": {"CompiledPattern.__post_init__": {"executed_lines": [], "summary": {"covered_lines": 0, "num_statements": 1, "percent_covered": 0.0, "percent_covered_display": "0", "missing_lines": 1, "excluded_lines": 0}, "missing_lines": [40], "excluded_lines": []}, "PatternCompiler.__init__": {"executed_lines": [], "summary": {"covered_lines": 0, "num_statements": 8, "percent_covered": 0.0, "percent_covered_display": "0", "missing_lines": 8, "excluded_lines": 0}, "missing_lines": [50, 52, 53, 56, 58, 59, 60, 61], "excluded_lines": []}, "PatternCompiler._load_config": {"executed_lines": [], "summary": {"covered_lines": 0, "num_statements": 7, "percent_covered": 0.0, "percent_covered_display": "0", "missing_lines": 7, "excluded_lines": 0}, "missing_lines": [67, 68, 69, 70, 71, 74, 75], "excluded_lines": []}, "PatternCompiler.compile_all_patterns": {"executed_lines": [], "summary": {"covered_lines": 0, "num_statements": 12, "percent_covered": 0.0, "percent_covered_display": "0", "missing_lines": 12, "excluded_lines": 0}, "missing_lines": [79, 80, 82, 83, 84, 85, 86, 87, 91, 94, 95, 96], "excluded_lines": []}, "PatternCompiler._compile_single_pattern": {"executed_lines": [], "summary": {"covered_lines": 0, "num_statements": 8, "percent_covered": 0.0, "percent_covered_display": "0", "missing_lines": 8, "excluded_lines": 0}, "missing_lines": [100, 101, 102, 103, 104, 107, 108, 110], "excluded_lines": []}, "PatternCompiler._parse_pattern": {"executed_lines": [], "summary": {"covered_lines": 0, "num_statements": 31, "percent_covered": 0.0, "percent_covered_display": "0", "missing_lines": 31, "excluded_lines": 0}, "missing_lines": [122, 123, 124, 127, 129, 130, 132, 135, 136, 137, 140, 142, 143, 146, 148, 149, 152, 153, 158, 161, 168, 171, 172, 174, 176, 178, 180, 183, 184, 187, 189], "excluded_lines": []}, "PatternCompiler.get_keywords": {"executed_lines": [], "summary": {"covered_lines": 0, "num_statements": 1, "percent_covered": 0.0, "percent_covered_display": "0", "missing_lines": 1, "excluded_lines": 0}, "missing_lines": [193], "excluded_lines": []}, "PatternCompiler.get_scoring_config": {"executed_lines": [], "summary": {"covered_lines": 0, "num_statements": 1, "percent_covered": 0.0, "percent_covered_display": "0", "missing_lines": 1, "excluded_lines": 0}, "missing_lines": [197], "excluded_lines": []}, "PatternCompiler.validate_pattern": {"executed_lines": [], "summary": {"covered_lines": 0, "num_statements": 6, "percent_covered": 0.0, "percent_covered_display": "0", "missing_lines": 6, "excluded_lines": 0}, "missing_lines": [201, 202, 203, 204, 205, 206], "excluded_lines": []}, "PatternCompiler.get_pattern_by_id": {"executed_lines": [], "summary": {"covered_lines": 0, "num_statements": 4, "percent_covered": 0.0, "percent_covered_display": "0", "missing_lines": 4, "excluded_lines": 0}, "missing_lines": [210, 211, 212, 213], "excluded_lines": []}, "main": {"executed_lines": [], "summary": {"covered_lines": 0, "num_statements": 15, "percent_covered": 0.0, "percent_covered_display": "0", "missing_lines": 15, "excluded_lines": 0}, "missing_lines": [218, 219, 221, 222, 224, 225, 226, 227, 228, 229, 230, 231, 232, 236, 237], "excluded_lines": []}, "": {"executed_lines": [], "summary": {"covered_lines": 0, "num_statements": 35, "percent_covered": 0.0, "percent_covered_display": "0", "missing_lines": 35, "excluded_lines": 0}, "missing_lines": [7, 8, 9, 10, 12, 15, 16, 19, 20, 21, 22, 23, 26, 27, 30, 31, 32, 33, 34, 35, 36, 38, 45, 48, 65, 77, 98, 120, 191, 195, 199, 208, 216, 240, 241], "excluded_lines": []}}, "classes": {"CompiledSlot": {"executed_lines": [], "summary": {"covered_lines": 0, "num_statements": 0, "percent_covered": 100.0, "percent_covered_display": "100", "missing_lines": 0, "excluded_lines": 0}, "missing_lines": [], "excluded_lines": []}, "CompiledPattern": {"executed_lines": [], "summary": {"covered_lines": 0, "num_statements": 1, "percent_covered": 0.0, "percent_covered_display": "0", "missing_lines": 1, "excluded_lines": 0}, "missing_lines": [40], "excluded_lines": []}, "PatternCompiler": {"executed_lines": [], "summary": {"covered_lines": 0, "num_statements": 78, "percent_covered": 0.0, "percent_covered_display": "0", "missing_lines": 78, "excluded_lines": 0}, "missing_lines": [50, 52, 53, 56, 58, 59, 60, 61, 67, 68, 69, 70, 71, 74, 75, 79, 80, 82, 83, 84, 85, 86, 87, 91, 94, 95, 96, 100, 101, 102, 103, 104, 107, 108, 110, 122, 123, 124, 127, 129, 130, 132, 135, 136, 137, 140, 142, 143, 146, 148, 149, 152, 153, 158, 161, 168, 171, 172, 174, 176, 178, 180, 183, 184, 187, 189, 193, 197, 201, 202, 203, 204, 205, 206, 210, 211, 212, 213], "excluded_lines": []}, "": {"executed_lines": [], "summary": {"covered_lines": 0, "num_statements": 50, "percent_covered": 0.0, "percent_covered_display": "0", "missing_lines": 50, "excluded_lines": 0}, "missing_lines": [7, 8, 9, 10, 12, 15, 16, 19, 20, 21, 22, 23, 26, 27, 30, 31, 32, 33, 34, 35, 36, 38, 45, 48, 65, 77, 98, 120, 191, 195, 199, 208, 216, 218, 219, 221, 222, 224, 225, 226, 227, 228, 229, 230, 231, 232, 236, 237, 240, 241], "excluded_lines": []}}}, "src\\addrnorm\\patterns\\matcher.py": {"executed_lines": [], "summary": {"covered_lines": 0, "num_statements": 168, "percent_covered": 0.0, "percent_covered_display": "0", "missing_lines": 168, "excluded_lines": 0}, "missing_lines": [7, 8, 10, 11, 14, 15, 18, 19, 20, 21, 22, 23, 25, 26, 32, 35, 41, 42, 43, 44, 47, 50, 51, 52, 54, 65, 66, 68, 71, 72, 73, 75, 78, 79, 82, 84, 86, 88, 89, 91, 99, 101, 103, 105, 107, 109, 114, 115, 116, 119, 120, 121, 122, 123, 126, 130, 139, 156, 159, 160, 169, 170, 173, 174, 182, 183, 191, 194, 197, 198, 201, 205, 207, 211, 212, 214, 215, 217, 218, 219, 221, 223, 226, 227, 228, 229, 230, 231, 233, 235, 236, 238, 241, 242, 244, 246, 248, 249, 251, 252, 254, 255, 257, 259, 262, 263, 266, 269, 270, 271, 273, 275, 279, 280, 283, 284, 286, 287, 290, 291, 293, 295, 296, 298, 299, 301, 302, 303, 304, 305, 306, 307, 308, 309, 311, 313, 322, 325, 326, 329, 332, 333, 336, 337, 338, 340, 342, 344, 360, 362, 364, 367, 375, 376, 378, 379, 382, 383, 384, 387, 389, 390, 391, 392, 394, 396, 399, 400], "excluded_lines": [], "functions": {"MatchResult.__str__": {"executed_lines": [], "summary": {"covered_lines": 0, "num_statements": 1, "percent_covered": 0.0, "percent_covered_display": "0", "missing_lines": 1, "excluded_lines": 0}, "missing_lines": [26], "excluded_lines": []}, "PatternMatcher.__init__": {"executed_lines": [], "summary": {"covered_lines": 0, "num_statements": 8, "percent_covered": 0.0, "percent_covered_display": "0", "missing_lines": 8, "excluded_lines": 0}, "missing_lines": [41, 42, 43, 44, 47, 50, 51, 52], "excluded_lines": []}, "PatternMatcher.match_text": {"executed_lines": [], "summary": {"covered_lines": 0, "num_statements": 11, "percent_covered": 0.0, "percent_covered_display": "0", "missing_lines": 11, "excluded_lines": 0}, "missing_lines": [65, 66, 68, 71, 72, 73, 75, 78, 79, 82, 84], "excluded_lines": []}, "PatternMatcher.get_best_match": {"executed_lines": [], "summary": {"covered_lines": 0, "num_statements": 2, "percent_covered": 0.0, "percent_covered_display": "0", "missing_lines": 2, "excluded_lines": 0}, "missing_lines": [88, 89], "excluded_lines": []}, "PatternMatcher.provide_feedback": {"executed_lines": [], "summary": {"covered_lines": 0, "num_statements": 1, "percent_covered": 0.0, "percent_covered_display": "0", "missing_lines": 1, "excluded_lines": 0}, "missing_lines": [99], "excluded_lines": []}, "PatternMatcher.get_threshold_info": {"executed_lines": [], "summary": {"covered_lines": 0, "num_statements": 1, "percent_covered": 0.0, "percent_covered_display": "0", "missing_lines": 1, "excluded_lines": 0}, "missing_lines": [103], "excluded_lines": []}, "PatternMatcher.get_current_threshold": {"executed_lines": [], "summary": {"covered_lines": 0, "num_statements": 1, "percent_covered": 0.0, "percent_covered_display": "0", "missing_lines": 1, "excluded_lines": 0}, "missing_lines": [107], "excluded_lines": []}, "PatternMatcher._try_pattern": {"executed_lines": [], "summary": {"covered_lines": 0, "num_statements": 10, "percent_covered": 0.0, "percent_covered_display": "0", "missing_lines": 10, "excluded_lines": 0}, "missing_lines": [114, 115, 116, 119, 120, 121, 122, 123, 126, 130], "excluded_lines": []}, "PatternMatcher._calculate_confidence": {"executed_lines": [], "summary": {"covered_lines": 0, "num_statements": 15, "percent_covered": 0.0, "percent_covered_display": "0", "missing_lines": 15, "excluded_lines": 0}, "missing_lines": [156, 159, 160, 169, 170, 173, 174, 182, 183, 191, 194, 197, 198, 201, 205], "excluded_lines": []}, "PatternMatcher._calculate_slot_score": {"executed_lines": [], "summary": {"covered_lines": 0, "num_statements": 22, "percent_covered": 0.0, "percent_covered_display": "0", "missing_lines": 22, "excluded_lines": 0}, "missing_lines": [211, 212, 214, 215, 217, 218, 219, 221, 223, 226, 227, 228, 229, 230, 231, 233, 235, 236, 238, 241, 242, 244], "excluded_lines": []}, "PatternMatcher._calculate_token_overlap": {"executed_lines": [], "summary": {"covered_lines": 0, "num_statements": 6, "percent_covered": 0.0, "percent_covered_display": "0", "missing_lines": 6, "excluded_lines": 0}, "missing_lines": [248, 249, 251, 252, 254, 255], "excluded_lines": []}, "PatternMatcher._calculate_keyword_score": {"executed_lines": [], "summary": {"covered_lines": 0, "num_statements": 8, "percent_covered": 0.0, "percent_covered_display": "0", "missing_lines": 8, "excluded_lines": 0}, "missing_lines": [259, 262, 263, 266, 269, 270, 271, 273], "excluded_lines": []}, "PatternMatcher._calculate_edit_distance_score": {"executed_lines": [], "summary": {"covered_lines": 0, "num_statements": 8, "percent_covered": 0.0, "percent_covered_display": "0", "missing_lines": 8, "excluded_lines": 0}, "missing_lines": [279, 280, 283, 284, 286, 287, 290, 291], "excluded_lines": []}, "PatternMatcher._levenshtein_distance": {"executed_lines": [], "summary": {"covered_lines": 0, "num_statements": 14, "percent_covered": 0.0, "percent_covered_display": "0", "missing_lines": 14, "excluded_lines": 0}, "missing_lines": [295, 296, 298, 299, 301, 302, 303, 304, 305, 306, 307, 308, 309, 311], "excluded_lines": []}, "PatternMatcher._apply_penalties": {"executed_lines": [], "summary": {"covered_lines": 0, "num_statements": 10, "percent_covered": 0.0, "percent_covered_display": "0", "missing_lines": 10, "excluded_lines": 0}, "missing_lines": [322, 325, 326, 329, 332, 333, 336, 337, 338, 340], "excluded_lines": []}, "PatternMatcher.get_pattern_stats": {"executed_lines": [], "summary": {"covered_lines": 0, "num_statements": 1, "percent_covered": 0.0, "percent_covered_display": "0", "missing_lines": 1, "excluded_lines": 0}, "missing_lines": [344], "excluded_lines": []}, "main": {"executed_lines": [], "summary": {"covered_lines": 0, "num_statements": 17, "percent_covered": 0.0, "percent_covered_display": "0", "missing_lines": 17, "excluded_lines": 0}, "missing_lines": [362, 364, 367, 375, 376, 378, 379, 382, 383, 384, 387, 389, 390, 391, 392, 394, 396], "excluded_lines": []}, "": {"executed_lines": [], "summary": {"covered_lines": 0, "num_statements": 32, "percent_covered": 0.0, "percent_covered_display": "0", "missing_lines": 32, "excluded_lines": 0}, "missing_lines": [7, 8, 10, 11, 14, 15, 18, 19, 20, 21, 22, 23, 25, 32, 35, 54, 86, 91, 101, 105, 109, 139, 207, 246, 257, 275, 293, 313, 342, 360, 399, 400], "excluded_lines": []}}, "classes": {"MatchResult": {"executed_lines": [], "summary": {"covered_lines": 0, "num_statements": 1, "percent_covered": 0.0, "percent_covered_display": "0", "missing_lines": 1, "excluded_lines": 0}, "missing_lines": [26], "excluded_lines": []}, "PatternMatcher": {"executed_lines": [], "summary": {"covered_lines": 0, "num_statements": 118, "percent_covered": 0.0, "percent_covered_display": "0", "missing_lines": 118, "excluded_lines": 0}, "missing_lines": [41, 42, 43, 44, 47, 50, 51, 52, 65, 66, 68, 71, 72, 73, 75, 78, 79, 82, 84, 88, 89, 99, 103, 107, 114, 115, 116, 119, 120, 121, 122, 123, 126, 130, 156, 159, 160, 169, 170, 173, 174, 182, 183, 191, 194, 197, 198, 201, 205, 211, 212, 214, 215, 217, 218, 219, 221, 223, 226, 227, 228, 229, 230, 231, 233, 235, 236, 238, 241, 242, 244, 248, 249, 251, 252, 254, 255, 259, 262, 263, 266, 269, 270, 271, 273, 279, 280, 283, 284, 286, 287, 290, 291, 295, 296, 298, 299, 301, 302, 303, 304, 305, 306, 307, 308, 309, 311, 322, 325, 326, 329, 332, 333, 336, 337, 338, 340, 344], "excluded_lines": []}, "": {"executed_lines": [], "summary": {"covered_lines": 0, "num_statements": 49, "percent_covered": 0.0, "percent_covered_display": "0", "missing_lines": 49, "excluded_lines": 0}, "missing_lines": [7, 8, 10, 11, 14, 15, 18, 19, 20, 21, 22, 23, 25, 32, 35, 54, 86, 91, 101, 105, 109, 139, 207, 246, 257, 275, 293, 313, 342, 360, 362, 364, 367, 375, 376, 378, 379, 382, 383, 384, 387, 389, 390, 391, 392, 394, 396, 399, 400], "excluded_lines": []}}}, "src\\addrnorm\\patterns\\thresholds.py": {"executed_lines": [], "summary": {"covered_lines": 0, "num_statements": 114, "percent_covered": 0.0, "percent_covered_display": "0", "missing_lines": 114, "excluded_lines": 0}, "missing_lines": [9, 10, 11, 12, 13, 14, 15, 17, 20, 21, 24, 25, 26, 28, 30, 32, 33, 35, 38, 48, 56, 57, 58, 59, 62, 63, 65, 66, 67, 70, 71, 72, 75, 78, 80, 82, 83, 85, 86, 87, 89, 90, 91, 93, 94, 96, 97, 99, 102, 104, 105, 106, 107, 109, 110, 113, 114, 115, 116, 118, 120, 122, 123, 124, 126, 136, 137, 138, 140, 143, 144, 150, 158, 159, 162, 164, 172, 173, 175, 177, 178, 182, 185, 186, 191, 192, 195, 196, 197, 198, 200, 210, 211, 213, 215, 216, 218, 225, 226, 227, 229, 231, 232, 233, 234, 236, 246, 247, 248, 250, 258, 259, 268, 277], "excluded_lines": [], "functions": {"PatternStats.to_dict": {"executed_lines": [], "summary": {"covered_lines": 0, "num_statements": 1, "percent_covered": 0.0, "percent_covered_display": "0", "missing_lines": 1, "excluded_lines": 0}, "missing_lines": [30], "excluded_lines": []}, "PatternStats.from_dict": {"executed_lines": [], "summary": {"covered_lines": 0, "num_statements": 1, "percent_covered": 0.0, "percent_covered_display": "0", "missing_lines": 1, "excluded_lines": 0}, "missing_lines": [35], "excluded_lines": []}, "ThresholdManager.__init__": {"executed_lines": [], "summary": {"covered_lines": 0, "num_statements": 14, "percent_covered": 0.0, "percent_covered_display": "0", "missing_lines": 14, "excluded_lines": 0}, "missing_lines": [56, 57, 58, 59, 62, 63, 65, 66, 67, 70, 71, 72, 75, 78], "excluded_lines": []}, "ThresholdManager._load_stats": {"executed_lines": [], "summary": {"covered_lines": 0, "num_statements": 12, "percent_covered": 0.0, "percent_covered_display": "0", "missing_lines": 12, "excluded_lines": 0}, "missing_lines": [82, 83, 85, 86, 87, 89, 90, 91, 93, 94, 96, 97], "excluded_lines": []}, "ThresholdManager._save_stats": {"executed_lines": [], "summary": {"covered_lines": 0, "num_statements": 16, "percent_covered": 0.0, "percent_covered_display": "0", "missing_lines": 16, "excluded_lines": 0}, "missing_lines": [102, 104, 105, 106, 107, 109, 110, 113, 114, 115, 116, 118, 120, 122, 123, 124], "excluded_lines": []}, "ThresholdManager.get_threshold": {"executed_lines": [], "summary": {"covered_lines": 0, "num_statements": 10, "percent_covered": 0.0, "percent_covered_display": "0", "missing_lines": 10, "excluded_lines": 0}, "missing_lines": [136, 137, 138, 140, 143, 144, 150, 158, 159, 162], "excluded_lines": []}, "ThresholdManager.update_success": {"executed_lines": [], "summary": {"covered_lines": 0, "num_statements": 14, "percent_covered": 0.0, "percent_covered_display": "0", "missing_lines": 14, "excluded_lines": 0}, "missing_lines": [172, 173, 175, 177, 178, 182, 185, 186, 191, 192, 195, 196, 197, 198], "excluded_lines": []}, "ThresholdManager.get_stats": {"executed_lines": [], "summary": {"covered_lines": 0, "num_statements": 2, "percent_covered": 0.0, "percent_covered_display": "0", "missing_lines": 2, "excluded_lines": 0}, "missing_lines": [210, 211], "excluded_lines": []}, "ThresholdManager.get_all_stats": {"executed_lines": [], "summary": {"covered_lines": 0, "num_statements": 2, "percent_covered": 0.0, "percent_covered_display": "0", "missing_lines": 2, "excluded_lines": 0}, "missing_lines": [215, 216], "excluded_lines": []}, "ThresholdManager.reset_stats": {"executed_lines": [], "summary": {"covered_lines": 0, "num_statements": 8, "percent_covered": 0.0, "percent_covered_display": "0", "missing_lines": 8, "excluded_lines": 0}, "missing_lines": [225, 226, 227, 229, 231, 232, 233, 234], "excluded_lines": []}, "ThresholdManager.get_threshold_info": {"executed_lines": [], "summary": {"covered_lines": 0, "num_statements": 8, "percent_covered": 0.0, "percent_covered_display": "0", "missing_lines": 8, "excluded_lines": 0}, "missing_lines": [246, 247, 248, 250, 258, 259, 268, 277], "excluded_lines": []}, "": {"executed_lines": [], "summary": {"covered_lines": 0, "num_statements": 26, "percent_covered": 0.0, "percent_covered_display": "0", "missing_lines": 26, "excluded_lines": 0}, "missing_lines": [9, 10, 11, 12, 13, 14, 15, 17, 20, 21, 24, 25, 26, 28, 32, 33, 38, 48, 80, 99, 126, 164, 200, 213, 218, 236], "excluded_lines": []}}, "classes": {"PatternStats": {"exec
[...]
21, 24, 26, 28, 29, 30, 32, 33, 34, 36, 38, 40, 43, 49, 55, 58, 59, 60, 61, 62, 64, 66, 68, 69, 70, 73, 75, 86, 90, 92, 96, 98, 100, 102, 103, 107, 113, 115, 117, 118, 120, 121, 122, 126, 132, 134, 135, 136, 138, 140, 142, 143, 146, 147, 150, 151], "excluded_lines": [], "functions": {"process_file": {"executed_lines": [], "summary": {"covered_lines": 0, "num_statements": 23, "percent_covered": 0.0, "percent_covered_display": "0", "missing_lines": 23, "excluded_lines": 0}, "missing_lines": [26, 28, 29, 30, 32, 33, 34, 36, 38, 40, 43, 49, 55, 58, 59, 60, 61, 62, 64, 66, 68, 69, 70], "excluded_lines": []}, "main": {"executed_lines": [], "summary": {"covered_lines": 0, "num_statements": 28, "percent_covered": 0.0, "percent_covered_display": "0", "missing_lines": 28, "excluded_lines": 0}, "missing_lines": [75, 86, 90, 92, 96, 98, 100, 102, 103, 107, 113, 115, 117, 118, 120, 121, 122, 126, 132, 134, 135, 136, 138, 140, 142, 143, 146, 147], "excluded_lines": []}, "": {"executed_lines": [], "summary": {"covered_lines": 0, "num_statements": 16, "percent_covered": 0.0, "percent_covered_display": "0", "missing_lines": 16, "excluded_lines": 0}, "missing_lines": [6, 7, 8, 9, 11, 13, 14, 15, 17, 19, 20, 21, 24, 73, 150, 151], "excluded_lines": []}}, "classes": {"": {"executed_lines": [], "summary": {"covered_lines": 0, "num_statements": 67, "percent_covered": 0.0, "percent_covered_display": "0", "missing_lines": 67, "excluded_lines": 0}, "missing_lines": [6, 7, 8, 9, 11, 13, 14, 15, 17, 19, 20, 21, 24, 26, 28, 29, 30, 32, 33, 34, 36, 38, 40, 43, 49, 55, 58, 59, 60, 61, 62, 64, 66, 68, 69, 70, 73, 75, 86, 90, 92, 96, 98, 100, 102, 103, 107, 113, 115, 117, 118, 120, 121, 122, 126, 132, 134, 135, 136, 138, 140, 142, 143, 146, 147, 150, 151], "excluded_lines": []}}}, "src\\addrnorm\\preprocess\\core.py": {"executed_lines": [], "summary": {"covered_lines": 0, "num_statements": 103, "percent_covered": 0.0, "percent_covered_display": "0", "missing_lines": 103, "excluded_lines": 0}, "missing_lines": [5, 6, 7, 8, 10, 12, 15, 25, 26, 29, 32, 43, 44, 46, 49, 59, 60, 63, 64, 67, 74, 75, 77, 80, 90, 91, 93, 95, 97, 98, 100, 101, 104, 105, 106, 107, 109, 110, 111, 114, 125, 126, 128, 129, 131, 132, 135, 136, 138, 140, 141, 142, 144, 148, 151, 152, 153, 155, 156, 158, 159, 162, 164, 167, 177, 178, 180, 182, 185, 186, 189, 191, 194, 204, 205, 207, 210, 213, 214, 216, 219, 229, 230, 233, 236, 238, 241, 252, 253, 255, 258, 259, 261, 264, 267, 270, 271, 273, 276, 279, 282, 283, 285], "excluded_lines": [], "functions": {"normalize_case": {"executed_lines": [], "summary": {"covered_lines": 0, "num_statements": 7, "percent_covered": 0.0, "percent_covered_display": "0", "missing_lines": 7, "excluded_lines": 0}, "missing_lines": [25, 26, 29, 32, 43, 44, 46], "excluded_lines": []}, "normalize_unicode": {"executed_lines": [], "summary": {"covered_lines": 0, "num_statements": 8, "percent_covered": 0.0, "percent_covered_display": "0", "missing_lines": 8, "excluded_lines": 0}, "missing_lines": [59, 60, 63, 64, 67, 74, 75, 77], "excluded_lines": []}, "load_abbreviations": {"executed_lines": [], "summary": {"covered_lines": 0, "num_statements": 15, "percent_covered": 0.0, "percent_covered_display": "0", "missing_lines": 15, "excluded_lines": 0}, "missing_lines": [90, 91, 93, 95, 97, 98, 100, 101, 104, 105, 106, 107, 109, 110, 111], "excluded_lines": []}, "expand_abbreviations": {"executed_lines": [], "summary": {"covered_lines": 0, "num_statements": 23, "percent_covered": 0.0, "percent_covered_display": "0", "missing_lines": 23, "excluded_lines": 0}, "missing_lines": [125, 126, 128, 129, 131, 132, 135, 136, 138, 140, 141, 142, 144, 148, 151, 152, 153, 155, 156, 158, 159, 162, 164], "excluded_lines": []}, "clean_punctuation": {"executed_lines": [], "summary": {"covered_lines": 0, "num_statements": 8, "percent_covered": 0.0, "percent_covered_display": "0", "missing_lines": 8, "excluded_lines": 0}, "missing_lines": [177, 178, 180, 182, 185, 186, 189, 191], "excluded_lines": []}, "tokenize": {"executed_lines": [], "summary": {"covered_lines": 0, "num_statements": 7, "percent_covered": 0.0, "percent_covered_display": "0", "missing_lines": 7, "excluded_lines": 0}, "missing_lines": [204, 205, 207, 210, 213, 214, 216], "excluded_lines": []}, "clean_address": {"executed_lines": [], "summary": {"covered_lines": 0, "num_statements": 5, "percent_covered": 0.0, "percent_covered_display": "0", "missing_lines": 5, "excluded_lines": 0}, "missing_lines": [229, 230, 233, 236, 238], "excluded_lines": []}, "preprocess": {"executed_lines": [], "summary": {"covered_lines": 0, "num_statements": 16, "percent_covered": 0.0, "percent_covered_display": "0", "missing_lines": 16, "excluded_lines": 0}, "missing_lines": [252, 253, 255, 258, 259, 261, 264, 267, 270, 271, 273, 276, 279, 282, 283, 285], "excluded_lines": []}, "": {"executed_lines": [], "summary": {"covered_lines": 0, "num_statements": 14, "percent_covered": 0.0, "percent_covered_display": "0", "missing_lines": 14, "excluded_lines": 0}, "missing_lines": [5, 6, 7, 8, 10, 12, 15, 49, 80, 114, 167, 194, 219, 241], "excluded_lines": []}}, "classes": {"": {"executed_lines": [], "summary": {"covered_lines": 0, "num_statements": 103, "percent_covered": 0.0, "percent_covered_display": "0", "missing_lines": 103, "excluded_lines": 0}, "missing_lines": [5, 6, 7, 8, 10, 12, 15, 25, 26, 29, 32, 43, 44, 46, 49, 59, 60, 63, 64, 67, 74, 75, 77, 80, 90, 91, 93, 95, 97, 98, 100, 101, 104, 105, 106, 107, 109, 110, 111, 114, 125, 126, 128, 129, 131, 132, 135, 136, 138, 140, 141, 142, 144, 148, 151, 152, 153, 155, 156, 158, 159, 162, 164, 167, 177, 178, 180, 182, 185, 186, 189, 191, 194, 204, 205, 207, 210, 213, 214, 216, 219, 229, 230, 233, 236, 238, 241, 252, 253, 255, 258, 259, 261, 264, 267, 270, 271, 273, 276, 279, 282, 283, 285], "excluded_lines": []}}}, "src\\addrnorm\\utils\\__init__.py": {"executed_lines": [], "summary": {"covered_lines": 0, "num_statements": 0, "percent_covered": 100.0, "percent_covered_display": "100", "missing_lines": 0, "excluded_lines": 0}, "missing_lines": [], "excluded_lines": [], "functions": {"": {"executed_lines": [], "summary": {"covered_lines": 0, "num_statements": 0, "percent_covered": 100.0, "percent_covered_display": "100", "missing_lines": 0, "excluded_lines": 0}, "missing_lines": [], "excluded_lines": []}}, "classes": {"": {"executed_lines": [], "summary": {"covered_lines": 0, "num_statements": 0, "percent_covered": 100.0, "percent_covered_display": "100", "missing_lines": 0, "excluded_lines": 0}, "missing_lines": [], "excluded_lines": []}}}, "src\\addrnorm\\utils\\config.py": {"executed_lines": [], "summary": {"covered_lines": 0, "num_statements": 43, "percent_covered": 0.0, "percent_covered_display": "0", "missing_lines": 43, "excluded_lines": 0}, "missing_lines": [5, 7, 10, 13, 15, 16, 18, 19, 21, 23, 59, 61, 62, 63, 64, 65, 66, 68, 71, 72, 73, 78, 80, 82, 84, 86, 87, 89, 90, 91, 93, 95, 97, 99, 100, 102, 103, 104, 105, 107, 111, 114, 116], "excluded_lines": [], "functions": {"Config.__init__": {"executed_lines": [], "summary": {"covered_lines": 0, "num_statements": 4, "percent_covered": 0.0, "percent_covered_display": "0", "missing_lines": 4, "excluded_lines": 0}, "missing_lines": [15, 16, 18, 19], "excluded_lines": []}, "Config._load_default_config": {"executed_lines": [], "summary": {"covered_lines": 0, "num_statements": 1, "percent_covered": 0.0, "percent_covered_display": "0", "missing_lines": 1, "excluded_lines": 0}, "missing_lines": [23], "excluded_lines": []}, "Config.load_config": {"executed_lines": [], "summary": {"covered_lines": 0, "num_statements": 6, "percent_covered": 0.0, "percent_covered_display": "0", "missing_lines": 6, "excluded_lines": 0}, "missing_lines": [61, 62, 63, 64, 65, 66], "excluded_lines": []}, "Config._merge_config": {"executed_lines": [], "summary": {"covered_lines": 0, "num_statements": 2, "percent_covered": 0.0, "percent_covered_display": "0", "missing_lines": 2, "excluded_lines": 0}, "missing_lines": [71, 82], "excluded_lines": []}, "Config._merge_config.deep_merge": {"executed_lines": [], "summary": {"covered_lines": 0, "num_statements": 4, "percent_covered": 0.0, "percent_covered_display": "0", "missing_lines": 4, "excluded_lines": 0}, "missing_lines": [72, 73, 78, 80], "excluded_lines": []}, "Config.get": {"executed_lines": [], "summary": {"covered_lines": 0, "num_statements": 7, "percent_covered": 0.0, "percent_covered_display": "0", "missing_lines": 7, "excluded_lines": 0}, "missing_lines": [86, 87, 89, 90, 91, 93, 95], "excluded_lines": []}, "Config.set": {"executed_lines": [], "summary": {"covered_lines": 0, "num_statements": 7, "percent_covered": 0.0, "percent_covered_display": "0", "missing_lines": 7, "excluded_lines": 0}, "missing_lines": [99, 100, 102, 103, 104, 105, 107], "excluded_lines": []}, "get_config": {"executed_lines": [], "summary": {"covered_lines": 0, "num_statements": 1, "percent_covered": 0.0, "percent_covered_display": "0", "missing_lines": 1, "excluded_lines": 0}, "missing_lines": [116], "excluded_lines": []}, "": {"executed_lines": [], "summary": {"covered_lines": 0, "num_statements": 11, "percent_covered": 0.0, "percent_covered_display": "0", "missing_lines": 11, "excluded_lines": 0}, "missing_lines": [5, 7, 10, 13, 21, 59, 68, 84, 97, 111, 114], "excluded_lines": []}}, "classes": {"Config": {"executed_lines": [], "summary": {"covered_lines": 0, "num_statements": 31, "percent_covered": 0.0, "percent_covered_display": "0", "missing_lines": 31, "excluded_lines": 0}, "missing_lines": [15, 16, 18, 19, 23, 61, 62, 63, 64, 65, 66, 71, 72, 73, 78, 80, 82, 86, 87, 89, 90, 91, 93, 95, 99, 100, 102, 103, 104, 105, 107], "excluded_lines": []}, "": {"executed_lines": [], "summary": {"covered_lines": 0, "num_statements": 12, "percent_covered": 0.0, "percent_covered_display": "0", "missing_lines": 12, "excluded_lines": 0}, "missing_lines": [5, 7, 10, 13, 21, 59, 68, 84, 97, 111, 114, 116], "excluded_lines": []}}}, "src\\addrnorm\\utils\\contracts.py": {"executed_lines": [], "summary": {"covered_lines": 0, "num_statements": 57, "percent_covered": 0.0, "percent_covered_display": "0", "missing_lines": 57, "excluded_lines": 0}, "missing_lines": [5, 6, 7, 8, 9, 11, 14, 17, 18, 19, 20, 21, 22, 23, 26, 29, 30, 31, 34, 37, 40, 41, 44, 47, 50, 51, 52, 53, 54, 55, 56, 57, 58, 59, 60, 63, 66, 67, 70, 74, 76, 78, 80, 82, 84, 86, 107, 108, 110, 131, 132, 134, 135, 138, 141, 142, 144], "excluded_lines": [], "functions": {"AddressOut.to_json": {"executed_lines": [], "summary": {"covered_lines": 0, "num_statements": 1, "percent_covered": 0.0, "percent_covered_display": "0", "missing_lines": 1, "excluded_lines": 0}, "missing_lines": [76], "excluded_lines": []}, "AddressOut.to_dict": {"executed_lines": [], "summary": {"covered_lines": 0, "num_statements": 1, "percent_covered": 0.0, "percent_covered_display": "0", "missing_lines": 1, "excluded_lines": 0}, "missing_lines": [80], "excluded_lines": []}, "AddressOut.to_csv_row": {"executed_lines": [], "summary": {"covered_lines": 0, "num_statements": 2, "percent_covered": 0.0, "percent_covered_display": "0", "missing_lines": 2, "excluded_lines": 0}, "missing_lines": [84, 86], "excluded_lines": []}, "AddressOut.csv_headers": {"executed_lines": [], "summary": {"covered_lines": 0, "num_statements": 1, "percent_covered": 0.0, "percent_covered_display": "0", "missing_lines": 1, "excluded_lines": 0}, "missing_lines": [110], "excluded_lines": []}, "AddressOut.to_csv_string": {"executed_lines": [], "summary": {"covered_lines": 0, "num_statements": 6, "percent_covered": 0.0, "percent_covered_display": "0", "missing_lines": 6, "excluded_lines": 0}, "missing_lines": [134, 135, 138, 141, 142, 144], "excluded_lines": []}, "": {"executed_lines": [], "summary": {"covered_lines": 0, "num_statements": 46, "percent_covered": 0.0, "percent_covered_display": "0", "missing_lines": 46, "excluded_lines": 0}, "missing_lines": [5, 6, 7, 8, 9, 11, 14, 17, 18, 19, 20, 21, 22, 23, 26, 29, 30, 31, 34, 37, 40, 41, 44, 47, 50, 51, 52, 53, 54, 55, 56, 57, 58, 59, 60, 63, 66, 67, 70, 74, 78, 82, 107, 108, 131, 132], "excluded_lines": []}}, "classes": {"RelationEnum": {"executed_lines": [], "summary": {"covered_lines": 0, "num_statements": 0, "percent_covered": 100.0, "percent_covered_display": "100", "missing_lines": 0, "excluded_lines": 0}, "missing_lines": [], "excluded_lines": []}, "MethodEnum": {"executed_lines": [], "summary": {"covered_lines": 0, "num_statements": 0, "percent_covered": 100.0, "percent_covered_display": "100", "missing_lines": 0, "excluded_lines": 0}, "missing_lines": [], "excluded_lines": []}, "ExplanationParsed": {"executed_lines": [], "summary": {"covered_lines": 0, "num_statements": 0, "percent_covered": 100.0, "percent_covered_display": "100", "missing_lines": 0, "excluded_lines": 0}, "missing_lines": [], "excluded_lines": []}, "AddressOut": {"executed_lines": [], "summary": {"covered_lines": 0, "num_statements": 11, "percent_covered": 0.0, "percent_covered_display": "0", "missing_lines": 11, "excluded_lines": 0}, "missing_lines": [76, 80, 84, 86, 110, 134, 135, 138, 141, 142, 144], "excluded_lines": []}, "": {"executed_lines": [], "summary": {"covered_lines": 0, "num_statements": 46, "percent_covered": 0.0, "percent_covered_display": "0", "missing_lines": 46, "excluded_lines": 0}, "missing_lines": [5, 6, 7, 8, 9, 11, 14, 17, 18, 19, 20, 21, 22, 23, 26, 29, 30, 31, 34, 37, 40, 41, 44, 47, 50, 51, 52, 53, 54, 55, 56, 57, 58, 59, 60, 63, 66, 67, 70, 74, 78, 82, 107, 108, 131, 132], "excluded_lines": []}}}, "src\\addrnorm\\validate\\__init__.py": {"executed_lines": [], "summary": {"covered_lines": 0, "num_statements": 2, "percent_covered": 0.0, "percent_covered_display": "0", "missing_lines": 2, "excluded_lines": 0}, "missing_lines": [11, 18], "excluded_lines": [], "functions": {"": {"executed_lines": [], "summary": {"covered_lines": 0, "num_statements": 2, "percent_covered": 0.0, "percent_covered_display": "0", "missing_lines": 2, "excluded_lines": 0}, "missing_lines": [11, 18], "excluded_lines": []}}, "classes": {"": {"executed_lines": [], "summary": {"covered_lines": 0, "num_statements": 2, "percent_covered": 0.0, "percent_covered_display": "0", "missing_lines": 2, "excluded_lines": 0}, "missing_lines": [11, 18], "excluded_lines": []}}}, "src\\addrnorm\\validate\\geo.py": {"executed_lines": [], "summary": {"covered_lines": 0, "num_statements": 129, "percent_covered": 0.0, "percent_covered_display": "0", "missing_lines": 129, "excluded_lines": 0}, "missing_lines": [6, 7, 8, 9, 10, 11, 12, 15, 16, 19, 20, 21, 22, 23, 26, 27, 30, 31, 32, 33, 34, 37, 43, 50, 52, 53, 55, 56, 57, 58, 60, 62, 66, 67, 68, 69, 70, 71, 72, 75, 76, 77, 78, 81, 82, 84, 89, 103, 104, 113, 116, 117, 126, 130, 131, 132, 136, 137, 145, 156, 164, 179, 180, 189, 190, 193, 194, 197, 198, 207, 211, 212, 213, 217, 233, 234, 245, 249, 250, 251, 255, 270, 278, 293, 294, 296, 297, 298, 301, 302, 307, 308, 310, 311, 320, 321, 322, 323, 325, 327, 335, 343, 354, 355, 364, 367, 368, 377, 378, 379, 380, 388, 397, 398, 406, 408, 409, 411, 414, 416, 418, 421, 433, 434, 436, 438, 441, 461, 463], "excluded_lines": [], "functions": {"TurkishGeoValidator.__init__": {"executed_lines": [], "summary": {"covered_lines": 0, "num_statements": 8, "percent_covered": 0.0, "percent_covered_display": "0", "missing_lines": 8, "excluded_lines": 0}, "missing_lines": [50, 52, 53, 55, 56, 57, 58, 60], "excluded_lines": []}, "TurkishGeoValidator._load_data": {"executed_lines": [], "summary": {"covered_lines": 0, "num_statements": 14, "percent_covered": 0.0, "percent_covered_display": "0", "missing_lines": 14, "excluded_lines": 0}, "missing_lines": [66, 67, 68, 69, 70, 71, 72, 75, 76, 77, 78, 81, 82, 84], "excluded_lines": []}, "TurkishGeoValidator.validate_city": {"executed_lines": [], "summary": {"covered_lines": 0, "num_statements": 13, "percent_covered": 0.0, "percent_covered_display": "0", "missing_lines": 13, "excluded_lines": 0}, "missing_lines": [103, 104, 113, 116, 117, 126, 130, 131, 132, 136, 137, 145, 156], "excluded_lines": []}, "TurkishGeoValidator.validate_district": {"executed_lines": [], "summary": {"covered_lines": 0, "num_statements": 21, "percent_covered": 0.0, "percent_covered_display": "0", "missing_lines": 21, "excluded_lines": 0}, "missing_lines": [179, 180, 189, 190, 193, 194, 197, 198, 207, 211, 212, 213, 217, 233, 234, 245, 249, 250, 251, 255, 270], "excluded_lines": []}, "TurkishGeoValidator.validate_city_district_consistency": {"executed_lines": [], "summary": {"covered_lines": 0, "num_statements": 18, "percent_covered": 0.0, "percent_covered_display": "0", "missing_lines": 18, "excluded_lines": 0}, "missing_lines": [293, 294, 296, 297, 298, 301, 302, 307, 308, 310, 311, 320, 321, 322, 323, 325, 327, 335], "excluded_lines": []}, "TurkishGeoValidator.validate_postcode": {"executed_lines": [], "summary": {"covered_lines": 0, "num_statements": 12, "percent_covered": 0.0, "percent_covered_display": "0", "missing_lines": 12, "excluded_lines": 0}, "missing_lines": [354, 355, 364, 367, 368, 377, 378, 379, 380, 388, 397, 398], "excluded_lines": []}, "TurkishGeoValidator._normalize_text": {"executed_lines": [], "summary": {"covered_lines": 0, "num_statements": 10, "percent_covered": 0.0, "percent_covered_display": "0", "missing_lines": 10, "excluded_lines": 0}, "missing_lines": [408, 409, 411, 414, 416, 418, 421, 433, 434, 436], "excluded_lines": []}, "TurkishGeoValidator.get_stats": {"executed_lines": [], "summary": {"covered_lines": 0, "num_statements": 1, "percent_covered": 0.0, "percent_covered_display": "0", "missing_lines": 1, "excluded_lines": 0}, "missing_lines": [441], "excluded_lines": []}, "create_geo_validator": {"executed_lines": [], "summary": {"covered_lines": 0, "num_statements": 1, "percent_covered": 0.0, "percent_covered_display": "0", "missing_lines": 1, "excluded_lines": 0}, "missing_lines": [463], "excluded_lines": []}, "": {"executed_lines": [], "summary": {"covered_lines": 0, "num_statements": 31, "percent_covered": 0.0, "percent_covered_display": "0", "missing_lines": 31, "excluded_lines": 0}, "missing_lines": [6, 7, 8, 9, 10, 11, 12, 15, 16, 19, 20, 21, 22, 23, 26, 27, 30, 31, 32, 33, 34, 37, 43, 62, 89, 164, 278, 343, 406, 438, 461], "excluded_lines": []}}, "classes": {"ValidationResult": {"executed_lines": [], "summary": {"covered_lines": 0, "num_statements": 0, "percent_covered": 100.0, "percent_covered_display": "100", "missing_lines": 0, "excluded_lines": 0}, "missing_lines": [], "excluded_lines": []}, "ConsistencyResult": {"executed_lines": [], "summary": {"covered_lines": 0, "num_statements": 0, "percent_covered": 100.0, "percent_covered_display": "100", "missing_lines": 0, "excluded_lines": 0}, "missing_lines": [], "excluded_lines": []}, "TurkishGeoValidator": {"executed_lines": [], "summary": {"covered_lines": 0, "num_statements": 97, "percent_covered": 0.0, "percent_covered_display": "0", "missing_lines": 97, "excluded_lines": 0}, "missing_lines": [50, 52, 53, 55, 56, 57, 58, 60, 66, 67, 68, 69, 70, 71, 72, 75, 76, 77, 78, 81, 82, 84, 103, 104, 113, 116, 117, 126, 130, 131, 132, 136, 137, 145, 156, 179, 180, 189, 190, 193, 194, 197, 198, 207, 211, 212, 213, 217, 233, 234, 245, 249, 250, 251, 255, 270, 293, 294, 296, 297, 298, 301, 302, 307, 308, 310, 311, 320, 321, 322, 323, 325, 327, 335, 354, 355, 364, 367, 368, 377, 378, 379, 380, 388, 397, 398, 408, 409, 411, 414, 416, 418, 421, 433, 434, 436, 441], "excluded_lines": []}, "": {"executed_lines": [], "summary": {"covered_lines": 0, "num_statements": 32, "percent_covered": 0.0, "percent_covered_display": "0", "missing_lines": 32, "excluded_lines": 0}, "missing_lines": [6, 7, 8, 9, 10, 11, 12, 15, 16, 19, 20, 21, 22, 23, 26, 27, 30, 31, 32, 33, 34, 37, 43, 62, 89, 164, 278, 343, 406, 438, 461, 463], "excluded_lines": []}}}}, "totals": {"covered_lines": 173, "num_statements": 2422, "percent_covered": 7.142857142857143, "percent_covered_display": "7", "missing_lines": 2249, "excluded_lines": 0}}