{"meta": {"format": 3, "version": "7.10.4", "timestamp": "2025-08-25T00:52:50.189081", "branch_coverage": true, "show_contexts": false}, "files": {"src\\addrnorm\\__init__.py": {"executed_lines": [1], "summary": {"covered_lines": 0, "num_statements": 0, "percent_covered": 100.0, "percent_covered_display": "100.00", "missing_lines": 0, "excluded_lines": 0, "num_branches": 0, "num_partial_branches": 0, "covered_branches": 0, "missing_branches": 0}, "missing_lines": [], "excluded_lines": [], "executed_branches": [], "missing_branches": [], "functions": {"": {"executed_lines": [], "summary": {"covered_lines": 0, "num_statements": 0, "percent_covered": 100.0, "percent_covered_display": "100.00", "missing_lines": 0, "excluded_lines": 0, "num_branches": 0, "num_partial_branches": 0, "covered_branches": 0, "missing_branches": 0}, "missing_lines": [], "excluded_lines": [], "executed_branches": [], "missing_branches": []}}, "classes": {"": {"executed_lines": [], "summary": {"covered_lines": 0, "num_statements": 0, "percent_covered": 100.0, "percent_covered_display": "100.00", "missing_lines": 0, "excluded_lines": 0, "num_branches": 0, "num_partial_branches": 0, "covered_branches": 0, "missing_branches": 0}, "missing_lines": [], "excluded_lines": [], "executed_branches": [], "missing_branches": []}}}, "src\\addrnorm\\adaptive\\__init__.py": {"executed_lines": [], "summary": {"covered_lines": 0, "num_statements": 8, "percent_covered": 0.0, "percent_covered_display": "0.00", "missing_lines": 8, "excluded_lines": 0, "num_branches": 0, "num_partial_branches": 0, "covered_branches": 0, "missing_branches": 0}, "missing_lines": [23, 24, 25, 26, 28, 38, 48, 51], "excluded_lines": [], "executed_branches": [], "missing_branches": [], "functions": {"create_adaptive_manager": {"executed_lines": [], "summary": {"covered_lines": 0, "num_statements": 1, "percent_covered": 0.0, "percent_covered_display": "0.00", "missing_lines": 1, "excluded_lines": 0, "num_branches": 0, "num_partial_branches": 0, "covered_branches": 0, "missing_branches": 0}, "missing_lines": [48], "excluded_lines": [], "executed_branches": [], "missing_branches": []}, "": {"executed_lines": [], "summary": {"covered_lines": 0, "num_statements": 7, "percent_covered": 0.0, "percent_covered_display": "0.00", "missing_lines": 7, "excluded_lines": 0, "num_branches": 0, "num_partial_branches": 0, "covered_branches": 0, "missing_branches": 0}, "missing_lines": [23, 24, 25, 26, 28, 38, 51], "excluded_lines": [], "executed_branches": [], "missing_branches": []}}, "classes": {"": {"executed_lines": [], "summary": {"covered_lines": 0, "num_statements": 8, "percent_covered": 0.0, "percent_covered_display": "0.00", "missing_lines": 8, "excluded_lines": 0, "num_branches": 0, "num_partial_branches": 0, "covered_branches": 0, "missing_branches": 0}, "missing_lines": [23, 24, 25, 26, 28, 38, 48, 51], "excluded_lines": [], "executed_branches": [], "missing_branches": []}}}, "src\\addrnorm\\adaptive\\learning.py": {"executed_lines": [], "summary": {"covered_lines": 0, "num_statements": 142, "percent_covered": 0.0, "percent_covered_display": "0.00", "missing_lines": 142, "excluded_lines": 0, "num_branches": 56, "num_partial_branches": 0, "covered_branches": 0, "missing_branches": 56}, "missing_lines": [7, 8, 9, 11, 12, 15, 23, 33, 34, 35, 38, 41, 43, 53, 56, 57, 59, 60, 61, 64, 67, 72, 74, 77, 78, 80, 82, 84, 87, 88, 90, 94, 96, 97, 98, 100, 101, 104, 105, 108, 109, 112, 115, 119, 120, 121, 124, 126, 128, 139, 140, 142, 143, 145, 146, 147, 149, 151, 152, 154, 158, 159, 160, 162, 165, 167, 177, 179, 180, 183, 193, 196, 197, 200, 201, 204, 205, 207, 208, 210, 211, 213, 216, 217, 219, 220, 223, 224, 226, 228, 231, 233, 234, 236, 238, 241, 243, 249, 250, 251, 252, 253, 254, 256, 258, 260, 261, 263, 268, 269, 271, 279, 281, 282, 284, 285, 287, 288, 290, 292, 293, 294, 295, 297, 298, 300, 302, 304, 306, 307, 308, 310, 311, 313, 314, 316, 317, 319, 320, 322, 323, 325], "excluded_lines": [], "executed_branches": [], "missing_branches": [[56, 57], [56, 59], [72, 74], [72, 82], [77, 78], [77, 80], [82, 84], [82, 94], [87, 88], [87, 90], [94, 96], [94, 98], [98, 100], [98, 104], [119, 120], [119, 124], [139, 140], [139, 142], [145, 146], [145, 158], [151, 145], [151, 152], [179, 180], [179, 183], [205, 207], [205, 219], [231, 233], [231, 236], [249, 250], [249, 251], [251, 252], [251, 253], [253, 254], [253, 256], [260, 261], [260, 263], [268, -258], [268, 269], [281, 282], [281, 284], [287, 288], [287, 297], [290, 287], [290, 292], [297, 298], [297, 300], [310, 311], [310, 313], [313, 314], [313, 316], [316, 317], [316, 319], [319, 320], [319, 322], [322, 323], [322, 325]], "functions": {"LearningEngine.__init__": {"executed_lines": [], "summary": {"covered_lines": 0, "num_statements": 5, "percent_covered": 0.0, "percent_covered_display": "0.00", "missing_lines": 5, "excluded_lines": 0, "num_branches": 0, "num_partial_branches": 0, "covered_branches": 0, "missing_branches": 0}, "missing_lines": [33, 34, 35, 38, 41], "excluded_lines": [], "executed_branches": [], "missing_branches": []}, "LearningEngine.calculate_optimal_threshold": {"executed_lines": [], "summary": {"covered_lines": 0, "num_statements": 35, "percent_covered": 0.0, "percent_covered_display": "0.00", "missing_lines": 35, "excluded_lines": 0, "num_branches": 16, "num_partial_branches": 0, "covered_branches": 0, "missing_branches": 16}, "missing_lines": [53, 56, 57, 59, 60, 61, 64, 67, 72, 74, 77, 78, 80, 82, 84, 87, 88, 90, 94, 96, 97, 98, 100, 101, 104, 105, 108, 109, 112, 115, 119, 120, 121, 124, 126], "excluded_lines": [], "executed_branches": [], "missing_branches": [[56, 57], [56, 59], [72, 74], [72, 82], [77, 78], [77, 80], [82, 84], [82, 94], [87, 88], [87, 90], [94, 96], [94, 98], [98, 100], [98, 104], [119, 120], [119, 124]]}, "LearningEngine.batch_optimize_thresholds": {"executed_lines": [], "summary": {"covered_lines": 0, "num_statements": 16, "percent_covered": 0.0, "percent_covered_display": "0.00", "missing_lines": 16, "excluded_lines": 0, "num_branches": 6, "num_partial_branches": 0, "covered_branches": 0, "missing_branches": 6}, "missing_lines": [139, 140, 142, 143, 145, 146, 147, 149, 151, 152, 154, 158, 159, 160, 162, 165], "excluded_lines": [], "executed_branches": [], "missing_branches": [[139, 140], [139, 142], [145, 146], [145, 158], [151, 145], [151, 152]]}, "LearningEngine.analyze_pattern_performance": {"executed_lines": [], "summary": {"covered_lines": 0, "num_statements": 23, "percent_covered": 0.0, "percent_covered_display": "0.00", "missing_lines": 23, "excluded_lines": 0, "num_branches": 4, "num_partial_branches": 0, "covered_branches": 0, "missing_branches": 4}, "missing_lines": [177, 179, 180, 183, 193, 196, 197, 200, 201, 204, 205, 207, 208, 210, 211, 213, 216, 217, 219, 220, 223, 224, 226], "excluded_lines": [], "executed_branches": [], "missing_branches": [[179, 180], [179, 183], [205, 207], [205, 219]]}, "LearningEngine.get_learning_metrics": {"executed_lines": [], "summary": {"covered_lines": 0, "num_statements": 4, "percent_covered": 0.0, "percent_covered_display": "0.00", "missing_lines": 4, "excluded_lines": 0, "num_branches": 2, "num_partial_branches": 0, "covered_branches": 0, "missing_branches": 2}, "missing_lines": [231, 233, 234, 236], "excluded_lines": [], "executed_branches": [], "missing_branches": [[231, 233], [231, 236]]}, "LearningEngine._get_current_threshold": {"executed_lines": [], "summary": {"covered_lines": 0, "num_statements": 1, "percent_covered": 0.0, "percent_covered_display": "0.00", "missing_lines": 1, "excluded_lines": 0, "num_branches": 0, "num_partial_branches": 0, "covered_branches": 0, "missing_branches": 0}, "missing_lines": [241], "excluded_lines": [], "executed_branches": [], "missing_branches": []}, "LearningEngine._calculate_usage_factor": {"executed_lines": [], "summary": {"covered_lines": 0, "num_statements": 7, "percent_covered": 0.0, "percent_covered_display": "0.00", "missing_lines": 7, "excluded_lines": 0, "num_branches": 6, "num_partial_branches": 0, "covered_branches": 0, "missing_branches": 6}, "missing_lines": [249, 250, 251, 252, 253, 254, 256], "excluded_lines": [], "executed_branches": [], "missing_branches": [[249, 250], [249, 251], [251, 252], [251, 253], [253, 254], [253, 256]]}, "LearningEngine._record_adjustment": {"executed_lines": [], "summary": {"covered_lines": 0, "num_statements": 5, "percent_covered": 0.0, "percent_covered_display": "0.00", "missing_lines": 5, "excluded_lines": 0, "num_branches": 4, "num_partial_branches": 0, "covered_branches": 0, "missing_branches": 4}, "missing_lines": [260, 261, 263, 268, 269], "excluded_lines": [], "executed_branches": [], "missing_branches": [[260, 261], [260, 263], [268, -258], [268, 269]]}, "LearningEngine._calculate_improvement_rate": {"executed_lines": [], "summary": {"covered_lines": 0, "num_statements": 15, "percent_covered": 0.0, "percent_covered_display": "0.00", "missing_lines": 15, "excluded_lines": 0, "num_branches": 8, "num_partial_branches": 0, "covered_branches": 0, "missing_branches": 8}, "missing_lines": [279, 281, 282, 284, 285, 287, 288, 290, 292, 293, 294, 295, 297, 298, 300], "excluded_lines": [], "executed_branches": [], "missing_branches": [[281, 282], [281, 284], [287, 288], [287, 297], [290, 287], [290, 292], [297, 298], [297, 300]]}, "LearningEngine._generate_recommendations": {"executed_lines": [], "summary": {"covered_lines": 0, "num_statements": 15, "percent_covered": 0.0, "percent_covered_display": "0.00", "missing_lines": 15, "excluded_lines": 0, "num_branches": 10, "num_partial_branches": 0, "covered_branches": 0, "missing_branches": 10}, "missing_lines": [304, 306, 307, 308, 310, 311, 313, 314, 316, 317, 319, 320, 322, 323, 325], "excluded_lines": [], "executed_branches": [], "missing_branches": [[310, 311], [310, 313], [313, 314], [313, 316], [316, 317], [316, 319], [319, 320], [319, 322], [322, 323], [322, 325]]}, "": {"executed_lines": [], "summary": {"covered_lines": 0, "num_statements": 16, "percent_covered": 0.0, "percent_covered_display": "0.00", "missing_lines": 16, "excluded_lines": 0, "num_branches": 0, "num_partial_branches": 0, "covered_branches": 0, "missing_branches": 0}, "missing_lines": [7, 8, 9, 11, 12, 15, 23, 43, 128, 167, 228, 238, 243, 258, 271, 302], "excluded_lines": [], "executed_branches": [], "missing_branches": []}}, "classes": {"LearningEngine": {"executed_lines": [], "summary": {"covered_lines": 0, "num_statements": 126, "percent_covered": 0.0, "percent_covered_display": "0.00", "missing_lines": 126, "excluded_lines": 0, "num_branches": 56, "num_partial_branches": 0, "covered_branches": 0, "missing_branches": 56}, "missing_lines": [33, 34, 35, 38, 41, 53, 56, 57, 59, 60, 61, 64, 67, 72, 74, 77, 78, 80, 82, 84, 87, 88, 90, 94, 96, 97, 98, 100, 101, 104, 105, 108, 109, 112, 115, 119, 120, 121, 124, 126, 139, 140, 142, 143, 145, 146, 147, 149, 151, 152, 154, 158, 159, 160, 162, 165, 177, 179, 180, 183, 193, 196, 197, 200, 201, 204, 205, 207, 208, 210, 211, 213, 216, 217, 219, 220, 223, 224, 226, 231, 233, 234, 236, 241, 249, 250, 251, 252, 253, 254, 256, 260, 261, 263, 268, 269, 279, 281, 282, 284, 285, 287, 288, 290, 292, 293, 294, 295, 297, 298, 300, 304, 306, 307, 308, 310, 311, 313, 314, 316, 317, 319, 320, 322, 323, 325], "excluded_lines": [], "executed_branches": [], "missing_branches": [[56, 57], [56, 59], [72, 74], [72, 82], [77, 78], [77, 80], [82, 84], [82, 94], [87, 88], [87, 90], [94, 96], [94, 98], [98, 100], [98, 104], [119, 120], [119, 124], [139, 140], [139, 142], [145, 146], [145, 158], [151, 145], [151, 152], [179, 180], [179, 183], [205, 207], [205, 219], [231, 233], [231, 236], [249, 250], [249, 251], [251, 252], [251, 253], [253, 254], [253, 256], [260, 261], [260, 263], [268, -258], [268, 269], [281, 282], [281, 284], [287, 288], [287, 297], [290, 287], [290, 292], [297, 298], [297, 300], [310, 311], [310, 313], [313, 314], [313, 316], [316, 317], [316, 319], [319, 320], [319, 322], [322, 323], [322, 325]]}, "": {"executed_lines": [], "summary": {"covered_lines": 0, "num_statements": 16, "percent_covered": 0.0, "percent_covered_display": "0.00", "missing_lines": 16, "excluded_lines": 0, "num_branches": 0, "num_partial_branches": 0, "covered_branches": 0, "missing_branches": 0}, "missing_lines": [7, 8, 9, 11, 12, 15, 23, 43, 128, 167, 228, 238, 243, 258, 271, 302], "excluded_lines": [], "executed_branches": [], "missing_branches": []}}}, "src\\addrnorm\\adaptive\\models.py": {"executed_lines": [], "summary": {"covered_lines": 0, "num_statements": 92, "percent_covered": 0.0, "percent_covered_display": "0.00", "missing_lines": 92, "excluded_lines": 0, "num_branches": 8, "num_partial_branches": 0, "covered_branches": 0, "missing_branches": 8}, "missing_lines": [7, 8, 9, 10, 13, 15, 16, 17, 18, 19, 20, 21, 24, 37, 38, 39, 40, 41, 42, 43, 45, 46, 48, 49, 50, 51, 52, 54, 55, 57, 58, 59, 60, 61, 63, 74, 75, 76, 77, 79, 88, 101, 102, 103, 104, 105, 106, 107, 109, 110, 112, 113, 114, 115, 117, 118, 120, 121, 122, 123, 124, 127, 140, 141, 142, 143, 144, 145, 146, 149, 160, 161, 162, 163, 164, 166, 168, 170, 173, 175, 177, 179, 181, 183, 184, 185, 188, 199, 200, 201, 202, 203], "excluded_lines": [], "executed_branches": [], "missing_branches": [[50, 51], [50, 52], [59, 60], [59, 61], [113, 114], [113, 115], [122, 123], [122, 124]], "functions": {"PerformanceStats.calculate_success_rate": {"executed_lines": [], "summary": {"covered_lines": 0, "num_statements": 5, "percent_covered": 0.0, "percent_covered_display": "0.00", "missing_lines": 5, "excluded_lines": 0, "num_branches": 2, "num_partial_branches": 0, "covered_branches": 0, "missing_branches": 2}, "missing_lines": [48, 49, 50, 51, 52], "excluded_lines": [], "executed_branches": [], "missing_branches": [[50, 51], [50, 52]]}, "PerformanceStats.calculate_avg_confidence": {"executed_lines": [], "summary": {"covered_lines": 0, "num_statements": 5, "percent_covered": 0.0, "percent_covered_display": "0.00", "missing_lines": 5, "excluded_lines": 0, "num_branches": 2, "num_partial_branches": 0, "covered_branches": 0, "missing_branches": 2}, "missing_lines": [57, 58, 59, 60, 61], "excluded_lines": [], "executed_branches": [], "missing_branches": [[59, 60], [59, 61]]}, "PerformanceStats.update_with_result": {"executed_lines": [], "summary": {"covered_lines": 0, "num_statements": 5, "percent_covered": 0.0, "percent_covered_display": "0.00", "missing_lines": 5, "excluded_lines": 0, "num_branches": 0, "num_partial_branches": 0, "covered_branches": 0, "missing_branches": 0}, "missing_lines": [74, 75, 76, 77, 79], "excluded_lines": [], "executed_branches": [], "missing_branches": []}, "ThresholdConfig.max_greater_than_min": {"executed_lines": [], "summary": {"covered_lines": 0, "num_statements": 4, "percent_covered": 0.0, "percent_covered_display": "0.00", "missing_lines": 4, "excluded_lines": 0, "num_branches": 2, "num_partial_branches": 0, "covered_branches": 0, "missing_branches": 2}, "missing_lines": [112, 113, 114, 115], "excluded_lines": [], "executed_branches": [], "missing_branches": [[113, 114], [113, 115]]}, "ThresholdConfig.default_in_range": {"executed_lines": [], "summary": {"covered_lines": 0, "num_statements": 5, "percent_covered": 0.0, "percent_covered_display": "0.00", "missing_lines": 5, "excluded_lines": 0, "num_branches": 2, "num_partial_branches": 0, "covered_branches": 0, "missing_branches": 2}, "missing_lines": [120, 121, 122, 123, 124], "excluded_lines": [], "executed_branches": [], "missing_branches": [[122, 123], [122, 124]]}, "AdaptiveState.get_pattern_threshold": {"executed_lines": [], "summary": {"covered_lines": 0, "num_statements": 1, "percent_covered": 0.0, "percent_covered_display": "0.00", "missing_lines": 1, "excluded_lines": 0, "num_branches": 0, "num_partial_branches": 0, "covered_branches": 0, "missing_branches": 0}, "missing_lines": [168], "excluded_lines": [], "executed_branches": [], "missing_branches": []}, "AdaptiveState.set_pattern_threshold": {"executed_lines": [], "summary": {"covered_lines": 0, "num_statements": 2, "percent_covered": 0.0, "percent_covered_display": "0.00", "missing_lines": 2, "excluded_lines": 0, "num_branches": 0, "num_partial_branches": 0, "covered_branches": 0, "missing_branches": 0}, "missing_lines": [173, 175], "excluded_lines": [], "executed_branches": [], "missing_branches": []}, "AdaptiveState.get_pattern_stats": {"executed_lines": [], "summary": {"covered_lines": 0, "num_statements": 1, "percent_covered": 0.0, "percent_covered_display": "0.00", "missing_lines": 1, "excluded_lines": 0, "num_branches": 0, "num_partial_branches": 0, "covered_branches": 0, "missing_branches": 0}, "missing_lines": [179], "excluded_lines": [], "executed_branches": [], "missing_branches": []}, "AdaptiveState.update_pattern_stats": {"executed_lines": [], "summary": {"covered_lines": 0, "num_statements": 3, "percent_covered": 0.0, "percent_covered_display": "0.00", "missing_lines": 3, "excluded_lines": 0, "num_branches": 0, "num_partial_branches": 0, "covered_branches": 0, "missing_branches": 0}, "missing_lines": [183, 184, 185], "excluded_lines": [], "executed_branches": [], "missing_branches": []}, "": {"executed_lines": [], "summary": {"covered_lines": 0, "num_statements": 61, "percent_covered": 0.0, "percent_covered_display": "0.00", "missing_lines": 61, "excluded_lines": 0, "num_branches": 0, "num_partial_branches": 0, "covered_branches": 0, "missing_branches": 0}, "missing_lines": [7, 8, 9, 10, 13, 15, 16, 17, 18, 19, 20, 21, 24, 37, 38, 39, 40, 41, 42, 43, 45, 46, 54, 55, 63, 88, 101, 102, 103, 104, 105, 106, 107, 109, 110, 117, 118, 127, 140, 141, 142, 143, 144, 145, 146, 149, 160, 161, 162, 163, 164, 166, 170, 177, 181, 188, 199, 200, 201, 202, 203], "excluded_lines": [], "executed_branches": [], "missing_branches": []}}, "classes": {"PatternType": {"executed_lines": [], "summary": {"covered_lines": 0, "num_statements": 0, "percent_covered": 100.0, "percent_covered_display": "100.00", "missing_lines": 0, "excluded_lines": 0, "num_branches": 0, "num_partial_branches": 0, "covered_branches": 0, "missing_branches": 0}, "missing_lines": [], "excluded_lines": [], "executed_branches": [], "missing_branches": []}, "PerformanceStats": {"executed_lines": [], "summary": {"covered_lines": 0, "num_statements": 15, "percent_covered": 0.0, "percent_covered_display": "0.00", "missing_lines": 15, "excluded_lines": 0, "num_branches": 4, "num_partial_branches": 0, "covered_branches": 0, "missing_branches": 4}, "missing_lines": [48, 49, 50, 51, 52, 57, 58, 59, 60, 61, 74, 75, 76, 77, 79], "excluded_lines": [], "executed_branches": [], "missing_branches": [[50, 51], [50, 52], [59, 60], [59, 61]]}, "ThresholdConfig": {"executed_lines": [], "summary": {"covered_lines": 0, "num_statements": 9, "percent_covered": 0.0, "percent_covered_display": "0.00", "missing_lines": 9, "excluded_lines": 0, "num_branches": 4, "num_partial_branches": 0, "covered_branches": 0, "missing_branches": 4}, "missing_lines": [112, 113, 114, 115, 120, 121, 122, 123, 124], "excluded_lines": [], "executed_branches": [], "missing_branches": [[113, 114], [113, 115], [122, 123], [122, 124]]}, "PatternResult": {"executed_lines": [], "summary": {"covered_lines": 0, "num_statements": 0, "percent_covered": 100.0, "percent_covered_display": "100.00", "missing_lines": 0, "excluded_lines": 0, "num_branches": 0, "num_partial_branches": 0, "covered_branches": 0, "missing_branches": 0}, "missing_lines": [], "excluded_lines": [], "executed_branches": [], "missing_branches": []}, "AdaptiveState": {"executed_lines": [], "summary": {"covered_lines": 0, "num_statements": 7, "percent_covered": 0.0, "percent_covered_display": "0.00", "missing_lines": 7, "excluded_lines": 0, "num_branches": 0, "num_partial_branches": 0, "covered_branches": 0, "missing_branches": 0}, "missing_lines": [168, 173, 175, 179, 183, 184, 185], "excluded_lines": [], "executed_branches": [], "missing_branches": []}, "LearningMetrics": {"executed_lines": [], "summary": {"covered_lines": 0, "num_statements": 0, "percent_covered": 100.0, "percent_covered_display": "100.00", "missing_lines": 0, "excluded_lines": 0, "num_branches": 0, "num_partial_branches": 0, "covered_branches": 0, "missing_branches": 0}, "missing_lines": [], "excluded_lines": [], "executed_branches": [], "missing_branches": []}, "": {"executed_lines": [], "summary": {"covered_lines": 0, "num_statements": 61, "percent_covered": 0.0, "percent_covered_display": "0.00", "missing_lines": 61, "excluded_lines": 0, "num_branches": 0, "num_partial_branches": 0, "covered_branches": 0, "missing_branches": 0}, "missing_lines": [7, 8, 9, 10, 13, 15, 16, 17, 18, 19, 20, 21, 24, 37, 38, 39, 40, 41, 42, 43, 45, 46, 54, 55, 63, 88, 101, 102, 103, 104, 105, 106, 107, 109, 110, 117, 118, 127, 140, 141, 142, 143, 144, 145, 146, 149, 160, 161, 162, 163, 164, 166, 170, 177, 181, 188, 199, 200, 201, 202, 203], "excluded_lines": [], "executed_branches": [], "missing_branches": []}}}, "src\\addrnorm\\adaptive\\pattern_tracker.py": {"executed_lines": [], "summary": {"covered_lines": 0, "num_statements": 105, "percent_covered": 0.0, "percent_covered_display": "0.00", "missing_lines": 105, "excluded_lines": 0, "num_branches": 18, "num_partial_branches": 0, "covered_branches": 0, "missing_branches": 18}, "missing_lines": [7, 8, 9, 10, 11, 12, 14, 17, 25, 35, 36, 39, 42, 47, 50, 53, 55, 62, 65, 68, 74, 77, 80, 85, 87, 90, 100, 102, 115, 117, 118, 120, 121, 123, 125, 127, 140, 142, 143, 149, 151, 158, 160, 170, 177, 179, 181, 194, 201, 203, 205, 217, 219, 220, 223, 224, 225, 226, 230, 232, 234, 236, 237, 239, 240, 252, 253, 255, 257, 258, 260, 262, 263, 265, 266, 267, 270, 272, 273, 275, 278, 279, 281, 283, 284, 286, 287, 289, 291, 293, 294, 296, 304, 306, 307, 313, 320, 321, 322, 324, 326, 328, 329, 330, 332], "excluded_lines": [], "executed_branches": [], "missing_branches": [[117, 118], [117, 120], [219, 220], [219, 223], [236, 237], [236, 239], [262, 263], [262, 265], [270, 272], [270, 278], [272, 273], [272, 275], [278, 279], [278, 291], [281, 283], [281, 289], [283, 284], [283, 286]], "functions": {"PatternTracker.__init__": {"executed_lines": [], "summary": {"covered_lines": 0, "num_statements": 7, "percent_covered": 0.0, "percent_covered_display": "0.00", "missing_lines": 7, "excluded_lines": 0, "num_branches": 0, "num_partial_branches": 0, "covered_branches": 0, "missing_branches": 0}, "missing_lines": [35, 36, 39, 42, 47, 50, 53], "excluded_lines": [], "executed_branches": [], "missing_branches": []}, "PatternTracker.track_result": {"executed_lines": [], "summary": {"covered_lines": 0, "num_statements": 8, "percent_covered": 0.0, "percent_covered_display": "0.00", "missing_lines": 8, "excluded_lines": 0, "num_branches": 0, "num_partial_branches": 0, "covered_branches": 0, "missing_branches": 0}, "missing_lines": [62, 65, 68, 74, 77, 80, 85, 87], "excluded_lines": [], "executed_branches": [], "missing_branches": []}, "PatternTracker.get_pattern_stats": {"executed_lines": [], "summary": {"covered_lines": 0, "num_statements": 1, "percent_covered": 0.0, "percent_covered_display": "0.00", "missing_lines": 1, "excluded_lines": 0, "num_branches": 0, "num_partial_branches": 0, "covered_branches": 0, "missing_branches": 0}, "missing_lines": [100], "excluded_lines": [], "executed_branches": [], "missing_branches": []}, "PatternTracker.get_recent_performance": {"executed_lines": [], "summary": {"covered_lines": 0, "num_statements": 7, "percent_covered": 0.0, "percent_covered_display": "0.00", "missing_lines": 7, "excluded_lines": 0, "num_branches": 2, "num_partial_branches": 0, "covered_branches": 0, "missing_branches": 2}, "missing_lines": [115, 117, 118, 120, 121, 123, 125], "excluded_lines": [], "executed_branches": [], "missing_branches": [[117, 118], [117, 120]]}, "PatternTracker.get_performance_trend": {"executed_lines": [], "summary": {"covered_lines": 0, "num_statements": 4, "percent_covered": 0.0, "percent_covered_display": "0.00", "missing_lines": 4, "excluded_lines": 0, "num_branches": 0, "num_partial_branches": 0, "covered_branches": 0, "missing_branches": 0}, "missing_lines": [140, 142, 143, 149], "excluded_lines": [], "executed_branches": [], "missing_branches": []}, "PatternTracker.get_all_patterns": {"executed_lines": [], "summary": {"covered_lines": 0, "num_statements": 1, "percent_covered": 0.0, "percent_covered_display": "0.00", "missing_lines": 1, "excluded_lines": 0, "num_branches": 0, "num_partial_branches": 0, "covered_branches": 0, "missing_branches": 0}, "missing_lines": [158], "excluded_lines": [], "executed_branches": [], "missing_branches": []}, "PatternTracker.get_top_performers": {"executed_lines": [], "summary": {"covered_lines": 0, "num_statements": 3, "percent_covered": 0.0, "percent_covered_display": "0.00", "missing_lines": 3, "excluded_lines": 0, "num_branches": 0, "num_partial_branches": 0, "covered_branches": 0, "missing_branches": 0}, "missing_lines": [170, 177, 179], "excluded_lines": [], "executed_branches": [], "missing_branches": []}, "PatternTracker.get_low_performers": {"executed_lines": [], "summary": {"covered_lines": 0, "num_statements": 3, "percent_covered": 0.0, "percent_covered_display": "0.00", "missing_lines": 3, "excluded_lines": 0, "num_branches": 0, "num_partial_branches": 0, "covered_branches": 0, "missing_branches": 0}, "missing_lines": [194, 201, 203], "excluded_lines": [], "executed_branches": [], "missing_branches": []}, "PatternTracker.calculate_stability_score": {"executed_lines": [], "summary": {"covered_lines": 0, "num_statements": 9, "percent_covered": 0.0, "percent_covered_display": "0.00", "missing_lines": 9, "excluded_lines": 0, "num_branches": 2, "num_partial_branches": 0, "covered_branches": 0, "missing_branches": 2}, "missing_lines": [217, 219, 220, 223, 224, 225, 226, 230, 232], "excluded_lines": [], "executed_branches": [], "missing_branches": [[219, 220], [219, 223]]}, "PatternTracker.save_data": {"executed_lines": [], "summary": {"covered_lines": 0, "num_statements": 9, "percent_covered": 0.0, "percent_covered_display": "0.00", "missing_lines": 9, "excluded_lines": 0, "num_branches": 2, "num_partial_branches": 0, "covered_branches": 0, "missing_branches": 2}, "missing_lines": [236, 237, 239, 240, 252, 253, 255, 257, 258], "excluded_lines": [], "executed_branches": [], "missing_branches": [[236, 237], [236, 239]]}, "PatternTracker._load_data": {"executed_lines": [], "summary": {"covered_lines": 0, "num_statements": 20, "percent_covered": 0.0, "percent_covered_display": "0.00", "missing_lines": 20, "excluded_lines": 0, "num_branches": 12, "num_partial_branches": 0, "covered_branches": 0, "missing_branches": 12}, "missing_lines": [262, 263, 265, 266, 267, 270, 272, 273, 275, 278, 279, 281, 283, 284, 286, 287, 289, 291, 293, 294], "excluded_lines": [], "executed_branches": [], "missing_branches": [[262, 263], [262, 265], [270, 272], [270, 278], [272, 273], [272, 275], [278, 279], [278, 291], [281, 283], [281, 289], [283, 284], [283, 286]]}, "PatternTracker._cleanup_old_history": {"executed_lines": [], "summary": {"covered_lines": 0, "num_statements": 3, "percent_covered": 0.0, "percent_covered_display": "0.00", "missing_lines": 3, "excluded_lines": 0, "num_branches": 0, "num_partial_branches": 0, "covered_branches": 0, "missing_branches": 0}, "missing_lines": [304, 306, 307], "excluded_lines": [], "executed_branches": [], "missing_branches": []}, "PatternTracker.clear_pattern_data": {"executed_lines": [], "summary": {"covered_lines": 0, "num_statements": 4, "percent_covered": 0.0, "percent_covered_display": "0.00", "missing_lines": 4, "excluded_lines": 0, "num_branches": 0, "num_partial_branches": 0, "covered_branches": 0, "missing_branches": 0}, "missing_lines": [320, 321, 322, 324], "excluded_lines": [], "executed_branches": [], "missing_branches": []}, "PatternTracker.reset_all_data": {"executed_lines": [], "summary": {"covered_lines": 0, "num_statements": 4, "percent_covered": 0.0, "percent_covered_display": "0.00", "missing_lines": 4, "excluded_lines": 0, "num_branches": 0, "num_partial_branches": 0, "covered_branches": 0, "missing_branches": 0}, "missing_lines": [328, 329, 330, 332], "excluded_lines": [], "executed_branches": [], "missing_branches": []}, "": {"executed_lines": [], "summary": {"covered_lines": 0, "num_statements": 22, "percent_covered": 0.0, "percent_covered_display": "0.00", "missing_lines": 22, "excluded_lines": 0, "num_branches": 0, "num_partial_branches": 0, "covered_branches": 0, "missing_branches": 0}, "missing_lines": [7, 8, 9, 10, 11, 12, 14, 17, 25, 55, 90, 102, 127, 151, 160, 181, 205, 234, 260, 296, 313, 326], "excluded_lines": [], "executed_branches": [], "missing_branches": []}}, "classes": {"PatternTracker": {"executed_lines": [], "summary": {"covered_lines": 0, "num_statements": 83, "percent_covered": 0.0, "percent_covered_display": "0.00", "missing_lines": 83, "excluded_lines": 0, "num_branches": 18, "num_partial_branches": 0, "covered_branches": 0, "missing_branches": 18}, "missing_lines": [35, 36, 39, 42, 47, 50, 53, 62, 65, 68, 74, 77, 80, 85, 87, 100, 115, 117, 118, 120, 121, 123, 125, 140, 142, 143, 149, 158, 170, 177, 179, 194, 201, 203, 217, 219, 220, 223, 224, 225, 226, 230, 232, 236, 237, 239, 240, 252, 253, 255, 257, 258, 262, 263, 265, 266, 267, 270, 272, 273, 275, 278, 279, 281, 283, 284, 286, 287, 289, 291, 293, 294, 304, 306, 307, 320, 321, 322, 324, 328, 329, 330, 332], "excluded_lines": [], "executed_branches": [], "missing_branches": [[117, 118], [117, 120], [219, 220], [219, 223], [236, 237], [236, 239], [262, 263], [262, 265], [270, 272], [270, 278], [272, 273], [272, 275], [278, 279], [278, 291], [281, 283], [281, 289], [283, 284], [283, 286]]}, "": {"executed_lines": [], "summary": {"covered_lines": 0, "num_statements": 22, "percent_covered": 0.0, "percent_covered_display": "0.00", "missing_lines": 22, "excluded_lines": 0, "num_branches": 0, "num_partial_branches": 0, "covered_branches": 0, "missing_branches": 0}, "missing_lines": [7, 8, 9, 10, 11, 12, 14, 17, 25, 55, 90, 102, 127, 151, 160, 181, 205, 234, 260, 296, 313, 326], "excluded_lines": [], "executed_branches": [], "missing_branches": []}}}, "src\\addrnorm\\adaptive\\threshold_manager.py": {"executed_lines": [], "summary": {"covered_lines": 0, "num_statements": 130, "percent_covered": 0.0, "percent_covered_display": "0.00", "missing_lines": 130, "excluded_lines": 0, "num_branches": 34, "num_partial_branches": 0, "covered_branches": 0, "missing_branches": 34}, "missing_lines": [7, 8, 9, 10, 11, 13, 17, 18, 21, 34, 46, 47, 48, 51, 54, 57, 60, 61, 64, 67, 69, 71, 82, 84, 86, 88, 105, 115, 118, 119, 120, 123, 124, 127, 128, 130, 133, 143, 145, 155, 156, 159, 162, 163, 165, 166, 168, 172, 173, 175, 177, 187, 189, 196, 198, 207, 208, 214, 218, 224, 225, 226, 227, 228, 230, 232, 234, 236, 238, 239, 242, 244, 246, 247, 249, 251, 253, 261, 262, 265, 267, 269, 278, 281, 282, 284, 287, 289, 290, 291, 292, 293, 294, 295, 297, 299, 301, 302, 304, 305, 306, 309, 310, 313, 314, 315, 316, 317, 318, 319, 321, 324, 325, 327, 329, 330, 332, 339, 342, 343, 346, 347, 350, 351, 353, 356, 358, 360, 362, 363], "excluded_lines": [], "executed_branches": [], "missing_branches": [[123, 124], [123, 127], [127, 128], [127, 130], [155, 156], [155, 159], [162, 163], [162, 172], [165, 162], [165, 166], [172, 173], [172, 175], [225, 226], [225, 230], [289, 290], [289, 297], [301, 302], [301, 304], [309, 310], [309, 313], [313, 314], [313, 321], [315, 316], [315, 319], [316, 317], [316, 318], [324, 325], [324, 327], [342, 343], [342, 346], [350, -332], [350, 351], [362, -360], [362, 363]], "functions": {"AdaptiveThresholdManager.__init__": {"executed_lines": [], "summary": {"covered_lines": 0, "num_statements": 11, "percent_covered": 0.0, "percent_covered_display": "0.00", "missing_lines": 11, "excluded_lines": 0, "num_branches": 0, "num_partial_branches": 0, "covered_branches": 0, "missing_branches": 0}, "missing_lines": [46, 47, 48, 51, 54, 57, 60, 61, 64, 67, 69], "excluded_lines": [], "executed_branches": [], "missing_branches": []}, "AdaptiveThresholdManager.get_threshold": {"executed_lines": [], "summary": {"covered_lines": 0, "num_statements": 3, "percent_covered": 0.0, "percent_covered_display": "0.00", "missing_lines": 3, "excluded_lines": 0, "num_branches": 0, "num_partial_branches": 0, "covered_branches": 0, "missing_branches": 0}, "missing_lines": [82, 84, 86], "excluded_lines": [], "executed_branches": [], "missing_branches": []}, "AdaptiveThresholdManager.update_performance": {"executed_lines": [], "summary": {"covered_lines": 0, "num_statements": 10, "percent_covered": 0.0, "percent_covered_display": "0.00", "missing_lines": 10, "excluded_lines": 0, "num_branches": 4, "num_partial_branches": 0, "covered_branches": 0, "missing_branches": 4}, "missing_lines": [105, 115, 118, 119, 120, 123, 124, 127, 128, 130], "excluded_lines": [], "executed_branches": [], "missing_branches": [[123, 124], [123, 127], [127, 128], [127, 130]]}, "AdaptiveThresholdManager.get_pattern_stats": {"executed_lines": [], "summary": {"covered_lines": 0, "num_statements": 1, "percent_covered": 0.0, "percent_covered_display": "0.00", "missing_lines": 1, "excluded_lines": 0, "num_branches": 0, "num_partial_branches": 0, "covered_branches": 0, "missing_branches": 0}, "missing_lines": [143], "excluded_lines": [], "executed_branches": [], "missing_branches": []}, "AdaptiveThresholdManager.optimize_thresholds": {"executed_lines": [], "summary": {"covered_lines": 0, "num_statements": 11, "percent_covered": 0.0, "percent_covered_display": "0.00", "missing_lines": 11, "excluded_lines": 0, "num_branches": 8, "num_partial_branches": 0, "covered_branches": 0, "missing_branches": 8}, "missing_lines": [155, 156, 159, 162, 163, 165, 166, 168, 172, 173, 175], "excluded_lines": [], "executed_branches": [], "missing_branches": [[155, 156], [155, 159], [162, 163], [162, 172], [165, 162], [165, 166], [172, 173], [172, 175]]}, "AdaptiveThresholdManager.analyze_pattern": {"executed_lines": [], "summary": {"covered_lines": 0, "num_statements": 1, "percent_covered": 0.0, "percent_covered_display": "0.00", "missing_lines": 1, "excluded_lines": 0, "num_branches": 0, "num_partial_branches": 0, "covered_branches": 0, "missing_branches": 0}, "missing_lines": [187], "excluded_lines": [], "executed_branches": [], "missing_branches": []}, "AdaptiveThresholdManager.get_performance_report": {"executed_lines": [], "summary": {"covered_lines": 0, "num_statements": 13, "percent_covered": 0.0, "percent_covered_display": "0.00", "missing_lines": 13, "excluded_lines": 0, "num_branches": 2, "num_partial_branches": 0, "covered_branches": 0, "missing_branches": 2}, "missing_lines": [196, 198, 207, 208, 214, 218, 224, 225, 226, 227, 228, 230, 232], "excluded_lines": [], "executed_branches": [], "missing_branches": [[225, 226], [225, 230]]}, "AdaptiveThresholdManager.save_state": {"executed_lines": [], "summary": {"covered_lines": 0, "num_statements": 7, "percent_covered": 0.0, "percent_covered_display": "0.00", "missing_lines": 7, "excluded_lines": 0, "num_branches": 0, "num_partial_branches": 0, "covered_branches": 0, "missing_branches": 0}, "missing_lines": [236, 238, 239, 242, 244, 246, 247], "excluded_lines": [], "executed_branches": [], "missing_branches": []}, "AdaptiveThresholdManager.load_state": {"executed_lines": [], "summary": {"covered_lines": 0, "num_statements": 1, "percent_covered": 0.0, "percent_covered_display": "0.00", "missing_lines": 1, "excluded_lines": 0, "num_branches": 0, "num_partial_branches": 0, "covered_branches": 0, "missing_branches": 0}, "missing_lines": [251], "excluded_lines": [], "executed_branches": [], "missing_branches": []}, "AdaptiveThresholdManager.reset_pattern": {"executed_lines": [], "summary": {"covered_lines": 0, "num_statements": 4, "percent_covered": 0.0, "percent_covered_display": "0.00", "missing_lines": 4, "excluded_lines": 0, "num_branches": 0, "num_partial_branches": 0, "covered_branches": 0, "missing_branches": 0}, "missing_lines": [261, 262, 265, 267], "excluded_lines": [], "executed_branches": [], "missing_branches": []}, "AdaptiveThresholdManager.set_threshold": {"executed_lines": [], "summary": {"covered_lines": 0, "num_statements": 4, "percent_covered": 0.0, "percent_covered_display": "0.00", "missing_lines": 4, "excluded_lines": 0, "num_branches": 0, "num_partial_branches": 0, "covered_branches": 0, "missing_branches": 0}, "missing_lines": [278, 281, 282, 284], "excluded_lines": [], "executed_branches": [], "missing_branches": []}, "AdaptiveThresholdManager._load_config": {"executed_lines": [], "summary": {"covered_lines": 0, "num_statements": 8, "percent_covered": 0.0, "percent_covered_display": "0.00", "missing_lines": 8, "excluded_lines": 0, "num_branches": 2, "num_partial_branches": 0, "covered_branches": 0, "missing_branches": 2}, "missing_lines": [289, 290, 291, 292, 293, 294, 295, 297], "excluded_lines": [], "executed_branches": [], "missing_branches": [[289, 290], [289, 297]]}, "AdaptiveThresholdManager._load_state": {"executed_lines": [], "summary": {"covered_lines": 0, "num_statements": 20, "percent_covered": 0.0, "percent_covered_display": "0.00", "missing_lines": 20, "excluded_lines": 0, "num_branches": 12, "num_partial_branches": 0, "covered_branches": 0, "missing_branches": 12}, "missing_lines": [301, 302, 304, 305, 306, 309, 310, 313, 314, 315, 316, 317, 318, 319, 321, 324, 325, 327, 329, 330], "excluded_lines": [], "executed_branches": [], "missing_branches": [[301, 302], [301, 304], [309, 310], [309, 313], [313, 314], [313, 321], [315, 316], [315, 319], [316, 317], [316, 318], [324, 325], [324, 327]]}, "AdaptiveThresholdManager._maybe_adjust_threshold": {"executed_lines": [], "summary": {"covered_lines": 0, "num_statements": 8, "percent_covered": 0.0, "percent_covered_display": "0.00", "missing_lines": 8, "excluded_lines": 0, "num_branches": 4, "num_partial_branches": 0, "covered_branches": 0, "missing_branches": 4}, "missing_lines": [339, 342, 343, 346, 347, 350, 351, 353], "excluded_lines": [], "executed_branches": [], "missing_branches": [[342, 343], [342, 346], [350, -332], [350, 351]]}, "AdaptiveThresholdManager.__enter__": {"executed_lines": [], "summary": {"covered_lines": 0, "num_statements": 1, "percent_covered": 0.0, "percent_covered_display": "0.00", "missing_lines": 1, "excluded_lines": 0, "num_branches": 0, "num_partial_branches": 0, "covered_branches": 0, "missing_branches": 0}, "missing_lines": [358], "excluded_lines": [], "executed_branches": [], "missing_branches": []}, "AdaptiveThresholdManager.__exit__": {"executed_lines": [], "summary": {"covered_lines": 0, "num_statements": 2, "percent_covered": 0.0, "percent_covered_display": "0.00", "missing_lines": 2, "excluded_lines": 0, "num_branches": 2, "num_partial_branches": 0, "covered_branches": 0, "missing_branches": 2}, "missing_lines": [362, 363], "excluded_lines": [], "executed_branches": [], "missing_branches": [[362, -360], [362, 363]]}, "": {"executed_lines": [], "summary": {"covered_lines": 0, "num_statements": 25, "percent_covered": 0.0, "percent_covered_display": "0.00", "missing_lines": 25, "excluded_lines": 0, "num_branches": 0, "num_partial_branches": 0, "covered_branches": 0, "missing_branches": 0}, "missing_lines": [7, 8, 9, 10, 11, 13, 17, 18, 21, 34, 71, 88, 133, 145, 177, 189, 234, 249, 253, 269, 287, 299, 332, 356, 360], "excluded_lines": [], "executed_branches": [], "missing_branches": []}}, "classes": {"AdaptiveThresholdManager": {"executed_lines": [], "summary": {"covered_lines": 0, "num_statements": 105, "percent_covered": 0.0, "percent_covered_display": "0.00", "missing_lines": 105, "excluded_lines": 0, "num_branches": 34, "num_partial_branches": 0, "covered_branches": 0, "missing_branches": 34}, "missing_lines": [46, 47, 48, 51, 54, 57, 60, 61, 64, 67, 69, 82, 84, 86, 105, 115, 118, 119, 120, 123, 124, 127, 128, 130, 143, 155, 156, 159, 162, 163, 165, 166, 168, 172, 173, 175, 187, 196, 198, 207, 208, 214, 218, 224, 225, 226, 227, 228, 230, 232, 236, 238, 239, 242, 244, 246, 247, 251, 261, 262, 265, 267, 278, 281, 282, 284, 289, 290, 291, 292, 293, 294, 295, 297, 301, 302, 304, 305, 306, 309, 310, 313, 314, 315, 316, 317, 318, 319, 321, 324, 325, 327, 329, 330, 339, 342, 343, 346, 347, 350, 351, 353, 358, 362, 363], "excluded_lines": [], "executed_branches": [], "missing_branches": [[123, 124], [123, 127], [127, 128], [127, 130], [155, 156], [155, 159], [162, 163], [162, 172], [165, 162], [165, 166], [172, 173], [172, 175], [225, 226], [225, 230], [289, 290], [289, 297], [301, 302], [301, 304], [309, 310], [309, 313], [313, 314], [313, 321], [315, 316], [315, 319], [316, 317], [316, 318], [324, 325], [324, 327], [342, 343], [342, 346], [350, -332], [350, 351], [362, -360], [362, 363]]}, "": {"executed_lines": [], "summary": {"covered_lines": 0, "num_statements": 25, "percent_covered": 0.0, "percent_covered_display": "0.00", "missing_lines": 25, "excluded_lines": 0, "num_branches": 0, "num_partial_branches": 0, "covered_branches": 0, "missing_branches": 0}, "missing_lines": [7, 8, 9, 10, 11, 13, 17, 18, 21, 34, 71, 88, 133, 145, 177, 189, 234, 249, 253, 269, 287, 299, 332, 356, 360], "excluded_lines": [], "executed_branches": [], "missing_branches": []}}}, "src\\addrnorm\\api\\__init__.py": {"executed_lines": [], "summary": {"covered_lines": 0, "num_statements": 3, "percent_covered": 0.0, "percent_covered_display": "0.00", "missing_lines": 3, "excluded_lines": 0, "num_branches": 0, "num_partial_branches": 0, "covered_branches": 0, "missing_branches": 0}, "missing_lines": [5, 12, 14], "excluded_lines": [], "executed_branches": [], "missing_branches": [], "functions": {"": {"executed_lines": [], "summary": {"covered_lines": 0, "num_statements": 3, "percent_covered": 0.0, "percent_covered_display": "0.00", "missing_lines": 3, "excluded_lines": 0, "num_branches": 0, "num_partial_branches": 0, "covered_branches": 0, "missing_branches": 0}, "missing_lines": [5, 12, 14], "excluded_lines": [], "executed_branches": [], "missing_branches": []}}, "classes": {"": {"executed_lines": [], "summary": {"covered_lines": 0, "num_statements": 3, "percent_covered": 0.0, "percent_covered_display": "0.00", "missing_lines": 3, "excluded_lines": 0, "num_branches": 0, "num_partial_branches": 0, "covered_branches": 0, "missing_branches": 0}, "missing_lines": [5, 12, 14], "excluded_lines": [], "executed_branches": [], "missing_branches": []}}}, "src\\addrnorm\\api\\models.py": {"executed_lines": [], "summary": {"covered_lines": 0, "num_statements": 23, "percent_covered": 0.0, "percent_covered_display": "0.00", "missing_lines": 23, "excluded_lines": 0, "num_branches": 0, "num_partial_branches": 0, "covered_branches": 0, "missing_branches": 0}, "missing_lines": [6, 8, 11, 14, 19, 22, 30, 33, 34, 35, 38, 39, 40, 43, 48, 51, 54, 55, 56, 59, 62, 63, 64], "excluded_lines": [], "executed_branches": [], "missing_branches": [], "functions": {"": {"executed_lines": [], "summary": {"covered_lines": 0, "num_statements": 23, "percent_covered": 0.0, "percent_covered_display": "0.00", "missing_lines": 23, "excluded_lines": 0, "num_branches": 0, "num_partial_branches": 0, "covered_branches": 0, "missing_branches": 0}, "missing_lines": [6, 8, 11, 14, 19, 22, 30, 33, 34, 35, 38, 39, 40, 43, 48, 51, 54, 55, 56, 59, 62, 63, 64], "excluded_lines": [], "executed_branches": [], "missing_branches": []}}, "classes": {"AddressRequest": {"executed_lines": [], "summary": {"covered_lines": 0, "num_statements": 0, "percent_covered": 100.0, "percent_covered_display": "100.00", "missing_lines": 0, "excluded_lines": 0, "num_branches": 0, "num_partial_branches": 0, "covered_branches": 0, "missing_branches": 0}, "missing_lines": [], "excluded_lines": [], "executed_branches": [], "missing_branches": []}, "BatchAddressRequest": {"executed_lines": [], "summary": {"covered_lines": 0, "num_statements": 0, "percent_covered": 100.0, "percent_covered_display": "100.00", "missing_lines": 0, "excluded_lines": 0, "num_branches": 0, "num_partial_branches": 0, "covered_branches": 0, "missing_branches": 0}, "missing_lines": [], "excluded_lines": [], "executed_branches": [], "missing_branches": []}, "AddressResponse": {"executed_lines": [], "summary": {"covered_lines": 0, "num_statements": 0, "percent_covered": 100.0, "percent_covered_display": "100.00", "missing_lines": 0, "excluded_lines": 0, "num_branches": 0, "num_partial_branches": 0, "covered_branches": 0, "missing_branches": 0}, "missing_lines": [], "excluded_lines": [], "executed_branches": [], "missing_branches": []}, "BatchAddressResponse": {"executed_lines": [], "summary": {"covered_lines": 0, "num_statements": 0, "percent_covered": 100.0, "percent_covered_display": "100.00", "missing_lines": 0, "excluded_lines": 0, "num_branches": 0, "num_partial_branches": 0, "covered_branches": 0, "missing_branches": 0}, "missing_lines": [], "excluded_lines": [], "executed_branches": [], "missing_branches": []}, "HealthResponse": {"executed_lines": [], "summary": {"covered_lines": 0, "num_statements": 0, "percent_covered": 100.0, "percent_covered_display": "100.00", "missing_lines": 0, "excluded_lines": 0, "num_branches": 0, "num_partial_branches": 0, "covered_branches": 0, "missing_branches": 0}, "missing_lines": [], "excluded_lines": [], "executed_branches": [], "missing_branches": []}, "": {"executed_lines": [], "summary": {"covered_lines": 0, "num_statements": 23, "percent_covered": 0.0, "percent_covered_display": "0.00", "missing_lines": 23, "excluded_lines": 0, "num_branches": 0, "num_partial_branches": 0, "covered_branches": 0, "missing_branches": 0}, "missing_lines": [6, 8, 11, 14, 19, 22, 30, 33, 34, 35, 38, 39, 40, 43, 48, 51, 54, 55, 56, 59, 62, 63, 64], "excluded_lines": [], "executed_branches": [], "missing_branches": []}}}, "src\\addrnorm\\api\\server.py": {"executed_lines": [], "summary": {"covered_lines": 0, "num_statements": 72, "percent_covered": 0.0, "percent_covered_display": "0.00", "missing_lines": 72, "excluded_lines": 2, "num_branches": 8, "num_partial_branches": 0, "covered_branches": 0, "missing_branches": 8}, "missing_lines": [5, 6, 8, 9, 10, 11, 13, 18, 27, 28, 29, 32, 35, 36, 39, 49, 58, 61, 62, 66, 68, 69, 79, 80, 82, 83, 84, 87, 88, 90, 93, 95, 106, 107, 110, 117, 124, 125, 133, 134, 139, 140, 142, 143, 145, 146, 147, 153, 154, 162, 163, 168, 169, 171, 172, 174, 175, 176, 177, 179, 180, 182, 189, 190, 191, 197, 198, 201, 203, 209, 212, 214], "excluded_lines": [225, 226], "executed_branches": [], "missing_branches": [[133, 134], [133, 139], [162, 163], [162, 168], [174, 175], [174, 182], [179, 174], [179, 180]], "functions": {"startup_event": {"executed_lines": [], "summary": {"covered_lines": 0, "num_statements": 8, "percent_covered": 0.0, "percent_covered_display": "0.00", "missing_lines": 8, "excluded_lines": 0, "num_branches": 0, "num_partial_branches": 0, "covered_branches": 0, "missing_branches": 0}, "missing_lines": [66, 68, 69, 79, 80, 82, 83, 84], "excluded_lines": [], "executed_branches": [], "missing_branches": []}, "shutdown_event": {"executed_lines": [], "summary": {"covered_lines": 0, "num_statements": 1, "percent_covered": 0.0, "percent_covered_display": "0.00", "missing_lines": 1, "excluded_lines": 0, "num_branches": 0, "num_partial_branches": 0, "covered_branches": 0, "missing_branches": 0}, "missing_lines": [90], "excluded_lines": [], "executed_branches": [], "missing_branches": []}, "_result_to_dict": {"executed_lines": [], "summary": {"covered_lines": 0, "num_statements": 1, "percent_covered": 0.0, "percent_covered_display": "0.00", "missing_lines": 1, "excluded_lines": 0, "num_branches": 0, "num_partial_branches": 0, "covered_branches": 0, "missing_branches": 0}, "missing_lines": [95], "excluded_lines": [], "executed_branches": [], "missing_branches": []}, "health_check": {"executed_lines": [], "summary": {"covered_lines": 0, "num_statements": 2, "percent_covered": 0.0, "percent_covered_display": "0.00", "missing_lines": 2, "excluded_lines": 0, "num_branches": 0, "num_partial_branches": 0, "covered_branches": 0, "missing_branches": 0}, "missing_lines": [110, 117], "excluded_lines": [], "executed_branches": [], "missing_branches": []}, "normalize_address": {"executed_lines": [], "summary": {"covered_lines": 0, "num_statements": 9, "percent_covered": 0.0, "percent_covered_display": "0.00", "missing_lines": 9, "excluded_lines": 0, "num_branches": 2, "num_partial_branches": 0, "covered_branches": 0, "missing_branches": 2}, "missing_lines": [133, 134, 139, 140, 142, 143, 145, 146, 147], "excluded_lines": [], "executed_branches": [], "missing_branches": [[133, 134], [133, 139]]}, "normalize_batch": {"executed_lines": [], "summary": {"covered_lines": 0, "num_statements": 16, "percent_covered": 0.0, "percent_covered_display": "0.00", "missing_lines": 16, "excluded_lines": 0, "num_branches": 6, "num_partial_branches": 0, "covered_branches": 0, "missing_branches": 6}, "missing_lines": [162, 163, 168, 169, 171, 172, 174, 175, 176, 177, 179, 180, 182, 189, 190, 191], "excluded_lines": [], "executed_branches": [], "missing_branches": [[162, 163], [162, 168], [174, 175], [174, 182], [179, 174], [179, 180]]}, "global_exception_handler": {"executed_lines": [], "summary": {"covered_lines": 0, "num_statements": 2, "percent_covered": 0.0, "percent_covered_display": "0.00", "missing_lines": 2, "excluded_lines": 0, "num_branches": 0, "num_partial_branches": 0, "covered_branches": 0, "missing_branches": 0}, "missing_lines": [201, 203], "excluded_lines": [], "executed_branches": [], "missing_branches": []}, "main": {"executed_lines": [], "summary": {"covered_lines": 0, "num_statements": 2, "percent_covered": 0.0, "percent_covered_display": "0.00", "missing_lines": 2, "excluded_lines": 0, "num_branches": 0, "num_partial_branches": 0, "covered_branches": 0, "missing_branches": 0}, "missing_lines": [212, 214], "excluded_lines": [], "executed_branches": [], "missing_branches": []}, "": {"executed_lines": [], "summary": {"covered_lines": 0, "num_statements": 31, "percent_covered": 0.0, "percent_covered_display": "0.00", "missing_lines": 31, "excluded_lines": 2, "num_branches": 0, "num_partial_branches": 0, "covered_branches": 0, "missing_branches": 0}, "missing_lines": [5, 6, 8, 9, 10, 11, 13, 18, 27, 28, 29, 32, 35, 36, 39, 49, 58, 61, 62, 87, 88, 93, 106, 107, 124, 125, 153, 154, 197, 198, 209], "excluded_lines": [225, 226], "executed_branches": [], "missing_branches": []}}, "classes": {"": {"executed_lines": [], "summary": {"covered_lines": 0, "num_statements": 72, "percent_covered": 0.0, "percent_covered_display": "0.00", "missing_lines": 72, "excluded_lines": 2, "num_branches": 8, "num_partial_branches": 0, "covered_branches": 0, "missing_branches": 8}, "missing_lines": [5, 6, 8, 9, 10, 11, 13, 18, 27, 28, 29, 32, 35, 36, 39, 49, 58, 61, 62, 66, 68, 69, 79, 80, 82, 83, 84, 87, 88, 90, 93, 95, 106, 107, 110, 117, 124, 125, 133, 134, 139, 140, 142, 143, 145, 146, 147, 153, 154, 162, 163, 168, 169, 171, 172, 174, 175, 176, 177, 179, 180, 182, 189, 190, 191, 197, 198, 201, 203, 209, 212, 214], "excluded_lines": [225, 226], "executed_branches": [], "missing_branches": [[133, 134], [133, 139], [162, 163], [162, 168], [174, 175], [174, 182], [179, 174], [179, 180]]}}}, "src\\addrnorm\\cli.py": {"executed_lines": [], "summary": {"covered_lines": 0, "num_statements": 235, "percent_covered": 0.0, "percent_covered_display": "0.00", "missing_lines": 235, "excluded_lines": 2, "num_branches": 94, "num_partial_branches": 0, "covered_branches": 0, "missing_branches": 94}, "missing_lines": [8, 9, 10, 11, 12, 13, 16, 17, 18, 20, 21, 22, 23, 26, 29, 56, 59, 82, 83, 90, 95, 102, 110, 117, 125, 131, 136, 141, 147, 155, 158, 161, 164, 167, 174, 176, 179, 182, 184, 185, 186, 189, 190, 194, 197, 198, 201, 204, 205, 212, 215, 217, 218, 219, 220, 223, 226, 227, 233, 236, 239, 240, 242, 243, 244, 245, 247, 250, 251, 252, 254, 256, 258, 259, 263, 265, 267, 268, 269, 272, 274, 275, 276, 278, 279, 280, 282, 283, 286, 287, 289, 290, 291, 292, 294, 295, 296, 299, 301, 302, 303, 305, 306, 307, 308, 309, 314, 317, 322, 324, 326, 328, 330, 333, 334, 335, 342, 345, 346, 347, 348, 349, 356, 359, 360, 361, 362, 363, 365, 366, 367, 370, 371, 372, 374, 375, 376, 378, 379, 382, 383, 384, 385, 387, 405, 408, 411, 412, 413, 414, 415, 420, 423, 424, 425, 427, 428, 429, 430, 431, 432, 433, 434, 438, 439, 440, 441, 442, 444, 447, 451, 462, 463, 464, 466, 468, 469, 471, 472, 473, 476, 477, 479, 481, 482, 484, 485, 486, 487, 489, 491, 499, 501, 502, 503, 505, 506, 509, 510, 512, 514, 518, 520, 521, 522, 525, 526, 527, 528, 531, 532, 534, 535, 536, 537, 538, 539, 542, 544, 545, 546, 547, 550, 553, 554, 557, 558, 559, 562, 565, 566, 567, 568, 570, 571], "excluded_lines": [574, 575], "executed_branches": [], "missing_branches": [[182, -179], [182, 184], [184, 185], [184, 189], [189, 190], [189, 197], [197, 198], [197, 204], [204, -179], [204, 205], [217, 218], [217, 223], [218, 219], [218, 220], [226, 227], [226, 233], [242, 243], [242, 247], [252, 254], [252, 272], [259, 263], [259, 265], [267, 268], [267, 278], [268, 267], [268, 269], [278, 279], [278, 282], [282, 283], [282, 286], [289, 290], [289, 299], [294, 289], [294, 295], [303, 305], [303, 324], [305, 306], [305, 370], [306, 307], [306, 317], [308, 309], [308, 314], [324, 326], [324, 370], [334, 335], [334, 342], [345, 346], [345, 370], [346, 347], [346, 359], [348, 349], [348, 356], [361, 362], [361, 363], [374, 375], [374, 378], [383, 384], [383, 387], [438, 439], [438, 444], [440, 441], [440, 444], [463, 464], [463, 466], [468, 469], [468, 476], [477, 479], [477, 518], [481, 482], [481, 514], [482, 484], [482, 509], [485, 486], [485, 487], [487, 489], [487, 505], [505, -447], [505, 506], [509, 510], [509, 512], [520, 521], [520, 525], [525, 526], [525, 531], [527, 528], [527, 531], [531, -447], [531, 532], [557, 558], [557, 562], [565, 566], [565, 567], [567, 568], [567, 570]], "functions": {"create_parser": {"executed_lines": [], "summary": {"covered_lines": 0, "num_statements": 22, "percent_covered": 0.0, "percent_covered_display": "0.00", "missing_lines": 22, "excluded_lines": 0, "num_branches": 0, "num_partial_branches": 0, "covered_branches": 0, "missing_branches": 0}, "missing_lines": [29, 56, 59, 82, 83, 90, 95, 102, 110, 117, 125, 131, 136, 141, 147, 155, 158, 161, 164, 167, 174, 176], "excluded_lines": [], "executed_branches": [], "missing_branches": []}, "validate_args": {"executed_lines": [], "summary": {"covered_lines": 0, "num_statements": 12, "percent_covered": 0.0, "percent_covered_display": "0.00", "missing_lines": 12, "excluded_lines": 0, "num_branches": 10, "num_partial_branches": 0, "covered_branches": 0, "missing_branches": 10}, "missing_lines": [182, 184, 185, 186, 189, 190, 194, 197, 198, 201, 204, 205], "excluded_lines": [], "executed_branches": [], "missing_branches": [[182, -179], [182, 184], [184, 185], [184, 189], [189, 190], [189, 197], [197, 198], [197, 204], [204, -179], [204, 205]]}, "process_single_address": {"executed_lines": [], "summary": {"covered_lines": 0, "num_statements": 9, "percent_covered": 0.0, "percent_covered_display": "0.00", "missing_lines": 9, "excluded_lines": 0, "num_branches": 6, "num_partial_branches": 0, "covered_branches": 0, "missing_branches": 6}, "missing_lines": [215, 217, 218, 219, 220, 223, 226, 227, 233], "excluded_lines": [], "executed_branches": [], "missing_branches": [[217, 218], [217, 223], [218, 219], [218, 220], [226, 227], [226, 233]]}, "process_file_input": {"executed_lines": [], "summary": {"covered_lines": 0, "num_statements": 85, "percent_covered": 0.0, "percent_covered_display": "0.00", "missing_lines": 85, "excluded_lines": 0, "num_branches": 42, "num_partial_branches": 0, "covered_branches": 0, "missing_branches": 42}, "missing_lines": [239, 240, 242, 243, 244, 245, 247, 250, 251, 252, 254, 256, 258, 259, 263, 265, 267, 268, 269, 272, 274, 275, 276, 278, 279, 280, 282, 283, 286, 287, 289, 290, 291, 292, 294, 295, 296, 299, 301, 302, 303, 305, 306, 307, 308, 309, 314, 317, 322, 324, 326, 328, 330, 333, 334, 335, 342, 345, 346, 347, 348, 349, 356, 359, 360, 361, 362, 363, 365, 366, 367, 370, 371, 372, 374, 375, 376, 378, 379, 382, 383, 384, 385, 387, 405], "excluded_lines": [], "executed_branches": [], "missing_branches": [[242, 243], [242, 247], [252, 254], [252, 272], [259, 263], [259, 265], [267, 268], [267, 278], [268, 267], [268, 269], [278, 279], [278, 282], [282, 283], [282, 286], [289, 290], [289, 299], [294, 289], [294, 295], [303, 305], [303, 324], [305, 306], [305, 370], [306, 307], [306, 317], [308, 309], [308, 314], [324, 326], [324, 370], [334, 335], [334, 342], [345, 346], [345, 370], [346, 347], [346, 359], [348, 349], [348, 356], [361, 362], [361, 363], [374, 375], [374, 378], [383, 384], [383, 387]]}, "save_metrics": {"executed_lines": [], "summary": {"covered_lines": 0, "num_statements": 5, "percent_covered": 0.0, "percent_covered_display": "0.00", "missing_lines": 5, "excluded_lines": 0, "num_branches": 0, "num_partial_branches": 0, "covered_branches": 0, "missing_branches": 0}, "missing_lines": [411, 412, 413, 414, 415], "excluded_lines": [], "executed_branches": [], "missing_branches": []}, "print_stats": {"executed_lines": [], "summary": {"covered_lines": 0, "num_statements": 17, "percent_covered": 0.0, "percent_covered_display": "0.00", "missing_lines": 17, "excluded_lines": 0, "num_branches": 4, "num_partial_branches": 0, "covered_branches": 0, "missing_branches": 4}, "missing_lines": [423, 424, 425, 427, 428, 429, 430, 431, 432, 433, 434, 438, 439, 440, 441, 442, 444], "excluded_lines": [], "executed_branches": [], "missing_branches": [[438, 439], [438, 444], [440, 441], [440, 444]]}, "run_normalize_command": {"executed_lines": [], "summary": {"covered_lines": 0, "num_statements": 47, "percent_covered": 0.0, "percent_covered_display": "0.00", "missing_lines": 47, "excluded_lines": 0, "num_branches": 26, "num_partial_branches": 0, "covered_branches": 0, "missing_branches": 26}, "missing_lines": [451, 462, 463, 464, 466, 468, 469, 471, 472, 473, 476, 477, 479, 481, 482, 484, 485, 486, 487, 489, 491, 499, 501, 502, 503, 505, 506, 509, 510, 512, 514, 518, 520, 521, 522, 525, 526, 527, 528, 531, 532, 534, 535, 536, 537, 538, 539], "excluded_lines": [], "executed_branches": [], "missing_branches": [[463, 464], [463, 466], [468, 469], [468, 476], [477, 479], [477, 518], [481, 482], [481, 514], [482, 484], [482, 509], [485, 486], [485, 487], [487, 489], [487, 505], [505, -447], [505, 506], [509, 510], [509, 512], [520, 521], [520, 525], [525, 526], [525, 531], [527, 528], [527, 531], [531, -447], [531, 532]]}, "show_version": {"executed_lines": [], "summary": {"covered_lines": 0, "num_statements": 4, "percent_covered": 0.0, "percent_covered_display": "0.00", "missing_lines": 4, "excluded_lines": 0, "num_branches": 0, "num_partial_branches": 0, "covered_branches": 0, "missing_branches": 0}, "missing_lines": [544, 545, 546, 547], "excluded_lines": [], "executed_branches": [], "missing_branches": []}, "main": {"executed_lines": [], "summary": {"covered_lines": 0, "num_statements": 12, "percent_covered": 0.0, "percent_covered_display": "0.00", "missing_lines": 12, "excluded_lines": 0, "num_branches": 6, "num_partial_branches": 0, "covered_branches": 0, "missing_branches": 6}, "missing_lines": [553, 554, 557, 558, 559, 562, 565, 566, 567, 568, 570, 571], "excluded_lines": [], "executed_branches": [], "missing_branches": [[557, 558], [557, 562], [565, 566], [565, 567], [567, 568], [567, 570]]}, "": {"executed_lines": [], "summary": {"covered_lines": 0, "num_statements": 22, "percent_covered": 0.0, "percent_covered_display": "0.00", "missing_lines": 22, "excluded_lines": 2, "num_branches": 0, "num_partial_branches": 0, "covered_branches": 0, "missing_branches": 0}, "missing_lines": [8, 9, 10, 11, 12, 13, 16, 17, 18, 20, 21, 22, 23, 26, 179, 212, 236, 408, 420, 447, 542, 550], "excluded_lines": [574, 575], "executed_branches": [], "missing_branches": []}}, "classes": {"": {"executed_lines": [], "summary": {"covered_lines": 0, "num_statements": 235, "percent_covered": 0.0, "percent_covered_display": "0.00", "missing_lines": 235, "excluded_lines": 2, "num_branches": 94, "num_partial_branches": 0, "covered_branches": 0, "missing_branches": 94}, "missing_lines": [8, 9, 10, 11, 12, 13, 16, 17, 18, 20, 21, 22, 23, 26, 29, 56, 59, 82, 83, 90, 95, 102, 110, 117, 125, 131, 136, 141, 147, 155, 158, 161, 164, 167, 174, 176, 179, 182, 184, 185, 186, 189, 190, 194, 197, 198, 201, 204, 205, 212, 215, 217, 218, 219, 220, 223, 226, 227, 233, 236, 239, 240, 242, 243, 244, 245, 247, 250, 251, 252, 254, 256, 258, 259, 263, 265, 267, 268, 269, 272, 274, 275, 276, 278, 279, 280, 282, 283, 286, 287, 289, 290, 291, 292, 294, 295, 296, 299, 301, 302, 303, 305, 306, 307, 308, 309, 314, 317, 322, 324, 326, 328, 330, 333, 334, 335, 342, 345, 346, 347, 348, 349, 356, 359, 360, 361, 362, 363, 365, 366, 367, 370, 371, 372, 374, 375, 376, 378, 379, 382, 383, 384, 385, 387, 405, 408, 411, 412, 413, 414, 415, 420, 423, 424, 425, 427, 428, 429, 430, 431, 432, 433, 434, 438, 439, 440, 441, 442, 444, 447, 451, 462, 463, 464, 466, 468, 469, 471, 472, 473, 476, 477, 479, 481, 482, 484, 485, 486, 487, 489, 491, 499, 501, 502, 503, 505, 506, 509, 510, 512, 514, 518, 520, 521, 522, 525, 526, 527, 528, 531, 532, 534, 535, 536, 537, 538, 539, 542, 544, 545, 546, 547, 550, 553, 554, 557, 558, 559, 562, 565, 566, 567, 568, 570, 571], "excluded_lines": [574, 575], "executed_branches": [], "missing_branches": [[182, -179], [182, 184], [184, 185], [184, 189], [189, 190], [189, 197], [197, 198], [197, 204], [204, -179], [204, 205], [217, 218], [217, 223], [218, 219], [218, 220], [226, 227], [226, 233], [242, 243], [242, 247], [252, 254], [252, 272], [259, 263], [259, 265], [267, 268], [267, 278], [268, 267], [268, 269], [278, 279], [278, 282], [282, 283], [282, 286], [289, 290], [289, 299], [294, 289], [294, 295], [303, 305], [303, 324], [305, 306], [305, 370], [306, 307], [306, 317], [308, 309], [308, 314], [324, 326], [324, 370], [334, 335], [334, 342], [345, 346], [345, 370], [346, 347], [346, 359], [348, 349], [348, 356], [361, 362], [361, 363], [374, 375], [374, 378], [383, 384], [383, 387], [438, 439], [438, 444], [440, 441], [440, 444], [463, 464], [463, 466], [468, 469], [468, 476], [477, 479], [477, 518], [481, 482], [481, 514], [482, 484], [482, 509], [485, 486], [485, 487], [487, 489], [487, 505], [505, -447], [505, 506], [509, 510], [509, 512], [520, 521], [520, 525], [525, 526], [525, 531], [527, 528], [527, 531], [531, -447], [531, 532], [557, 558], [557, 562], [565, 566], [565, 567], [567, 568], [567, 570]]}}}, "src\\addrnorm\\explainer\\__init__.py": {"executed_lines": [], "summary": {"covered_lines": 0, "num_statements": 4, "percent_covered": 0.0, "percent_covered_display": "0.00", "missing_lines": 4, "excluded_lines": 0, "num_branches": 0, "num_partial_branches": 0, "covered_branches": 0, "missing_branches": 0}, "missing_lines": [28, 31, 38, 40], "excluded_lines": [], "executed_branches": [], "missing_branches": [], "functions": {"": {"executed_lines": [], "summary": {"covered_lines": 0, "num_statements": 4, "percent_covered": 0.0, "percent_covered_display": "0.00", "missing_lines": 4, "excluded_lines": 0, "num_branches": 0, "num_partial_branches": 0, "covered_branches": 0, "missing_branches": 0}, "missing_lines": [28, 31, 38, 40], "excluded_lines": [], "executed_branches": [], "missing_branches": []}}, "classes": {"": {"executed_lines": [], "summary": {"covered_lines": 0, "num_statements": 4, "percent_covered": 0.0, "percent_covered_display": "0.00", "missing_lines": 4, "excluded_lines": 0, "num_branches": 0, "num_partial_branches": 0, "covered_branches": 0, "missing_branches": 0}, "missing_lines": [28, 31, 38, 40], "excluded_lines": [], "executed_branches": [], "missing_branches": []}}}, "src\\addrnorm\\explainer\\rules.py": {"executed_lines": [], "summary": {"covered_lines": 0, "num_statements": 115, "percent_covered": 0.0, "percent_covered_display": "0.00", "missing_lines": 115, "excluded_lines": 2, "num_branches": 48, "num_partial_branches": 0, "covered_branches": 0, "missing_branches": 48}, "missing_lines": [7, 8, 9, 12, 13, 16, 17, 18, 19, 20, 23, 26, 29, 49, 65, 67, 72, 73, 75, 78, 89, 90, 93, 94, 97, 98, 100, 101, 102, 103, 104, 106, 107, 109, 112, 115, 117, 120, 180, 226, 228, 229, 232, 235, 238, 240, 242, 249, 250, 251, 254, 255, 257, 258, 259, 260, 261, 263, 264, 267, 268, 270, 273, 274, 275, 276, 278, 280, 281, 283, 285, 289, 292, 293, 297, 298, 301, 302, 305, 306, 307, 308, 310, 313, 331, 332, 334, 335, 337, 338, 341, 343, 344, 347, 349, 358, 360, 361, 362, 363, 364, 365, 368, 370, 382, 383, 385, 386, 387, 388, 389, 390, 391, 393, 394], "excluded_lines": [397, 398], "executed_branches": [], "missing_branches": [[72, 73], [72, 75], [89, 90], [89, 93], [93, 94], [93, 109], [97, 98], [97, 106], [98, 97], [98, 100], [101, 97], [101, 102], [106, 93], [106, 107], [228, 229], [228, 232], [250, 251], [250, 254], [257, 258], [257, 263], [258, 257], [258, 259], [263, 264], [263, 267], [267, 268], [267, 270], [274, 275], [274, 278], [280, 281], [280, 283], [297, 298], [297, 301], [301, 302], [301, 305], [305, 306], [305, 307], [307, 308], [307, 310], [331, 332], [331, 334], [337, 338], [337, 341], [343, 344], [343, 347], [385, -368], [385, 386], [387, 388], [387, 393]], "functions": {"TurkishSuffixProcessor.__init__": {"executed_lines": [], "summary": {"covered_lines": 0, "num_statements": 3, "percent_covered": 0.0, "percent_covered_display": "0.00", "missing_lines": 3, "excluded_lines": 0, "num_branches": 0, "num_partial_branches": 0, "covered_branches": 0, "missing_branches": 0}, "missing_lines": [29, 49, 65], "excluded_lines": [], "executed_branches": [], "missing_branches": []}, "TurkishSuffixProcessor.strip_suffixes": {"executed_lines": [], "summary": {"covered_lines": 0, "num_statements": 18, "percent_covered": 0.0, "percent_covered_display": "0.00", "missing_lines": 18, "excluded_lines": 0, "num_branches": 14, "num_partial_branches": 0, "covered_branches": 0, "missing_branches": 14}, "missing_lines": [72, 73, 75, 78, 89, 90, 93, 94, 97, 98, 100, 101, 102, 103, 104, 106, 107, 109], "excluded_lines": [], "executed_branches": [], "missing_branches": [[72, 73], [72, 75], [89, 90], [89, 93], [93, 94], [93, 109], [97, 98], [97, 106], [98, 97], [98, 100], [101, 97], [101, 102], [106, 93], [106, 107]]}, "ExplanationParser.__init__": {"executed_lines": [], "summary": {"covered_lines": 0, "num_statements": 3, "percent_covered": 0.0, "percent_covered_display": "0.00", "missing_lines": 3, "excluded_lines": 0, "num_branches": 0, "num_partial_branches": 0, "covered_branches": 0, "missing_branches": 0}, "missing_lines": [117, 120, 180], "excluded_lines": [], "executed_branches": [], "missing_branches": []}, "ExplanationParser._clean_text": {"executed_lines": [], "summary": {"covered_lines": 0, "num_statements": 6, "percent_covered": 0.0, "percent_covered_display": "0.00", "missing_lines": 6, "excluded_lines": 0, "num_branches": 2, "num_partial_branches": 0, "covered_branches": 0, "missing_branches": 2}, "missing_lines": [228, 229, 232, 235, 238, 240], "excluded_lines": [], "executed_branches": [], "missing_branches": [[228, 229], [228, 232]]}, "ExplanationParser._extract_relation_and_landmark": {"executed_lines": [], "summary": {"covered_lines": 0, "num_statements": 23, "percent_covered": 0.0, "percent_covered_display": "0.00", "missing_lines": 23, "excluded_lines": 0, "num_branches": 14, "num_partial_branches": 0, "covered_branches": 0, "missing_branches": 14}, "missing_lines": [249, 250, 251, 254, 255, 257, 258, 259, 260, 261, 263, 264, 267, 268, 270, 273, 274, 275, 276, 278, 280, 281, 283], "excluded_lines": [], "executed_branches": [], "missing_branches": [[250, 251], [250, 254], [257, 258], [257, 263], [258, 257], [258, 259], [263, 264], [263, 267], [267, 268], [267, 270], [274, 275], [274, 278], [280, 281], [280, 283]]}, "ExplanationParser._calculate_confidence": {"executed_lines": [], "summary": {"covered_lines": 0, "num_statements": 12, "percent_covered": 0.0, "percent_covered_display": "0.00", "missing_lines": 12, "excluded_lines": 0, "num_branches": 8, "num_partial_branches": 0, "covered_branches": 0, "missing_branches": 8}, "missing_lines": [289, 292, 293, 297, 298, 301, 302, 305, 306, 307, 308, 310], "excluded_lines": [], "executed_branches": [], "missing_branches": [[297, 298], [297, 301], [301, 302], [301, 305], [305, 306], [305, 307], [307, 308], [307, 310]]}, "parse_explanation": {"executed_lines": [], "summary": {"covered_lines": 0, "num_statements": 11, "percent_covered": 0.0, "percent_covered_display": "0.00", "missing_lines": 11, "excluded_lines": 0, "num_branches": 6, "num_partial_branches": 0, "covered_branches": 0, "missing_branches": 6}, "missing_lines": [331, 332, 334, 335, 337, 338, 341, 343, 344, 347, 349], "excluded_lines": [], "executed_branches": [], "missing_branches": [[331, 332], [331, 334], [337, 338], [337, 341], [343, 344], [343, 347]]}, "load_test_explanations": {"executed_lines": [], "summary": {"covered_lines": 0, "num_statements": 6, "percent_covered": 0.0, "percent_covered_display": "0.00", "missing_lines": 6, "excluded_lines": 0, "num_branches": 0, "num_partial_branches": 0, "covered_branches": 0, "missing_branches": 0}, "missing_lines": [360, 361, 362, 363, 364, 365], "excluded_lines": [], "executed_branches": [], "missing_branches": []}, "main": {"executed_lines": [], "summary": {"covered_lines": 0, "num_statements": 12, "percent_covered": 0.0, "percent_covered_display": "0.00", "missing_lines": 12, "excluded_lines": 0, "num_branches": 4, "num_partial_branches": 0, "covered_branches": 0, "missing_branches": 4}, "missing_lines": [370, 382, 383, 385, 386, 387, 388, 389, 390, 391, 393, 394], "excluded_lines": [], "executed_branches": [], "missing_branches": [[385, -368], [385, 386], [387, 388], [387, 393]]}, "": {"executed_lines": [], "summary": {"covered_lines": 0, "num_statements": 21, "percent_covered": 0.0, "percent_covered_display": "0.00", "missing_lines": 21, "excluded_lines": 2, "num_branches": 0, "num_partial_branches": 0, "covered_branches": 0, "missing_branches": 0}, "missing_lines": [7, 8, 9, 12, 13, 16, 17, 18, 19, 20, 23, 26, 67, 112, 115, 226, 242, 285, 313, 358, 368], "excluded_lines": [397, 398], "executed_branches": [], "missing_branches": []}}, "classes": {"ExplanationResult": {"executed_lines": [], "summary": {"covered_lines": 0, "num_statements": 0, "percent_covered": 100.0, "percent_covered_display": "100.00", "missing_lines": 0, "excluded_lines": 0, "num_branches": 0, "num_partial_branches": 0, "covered_branches": 0, "missing_branches": 0}, "missing_lines": [], "excluded_lines": [], "executed_branches": [], "missing_branches": []}, "TurkishSuffixProcessor": {"executed_lines": [], "summary": {"covered_lines": 0, "num_statements": 21, "percent_covered": 0.0, "percent_covered_display": "0.00", "missing_lines": 21, "excluded_lines": 0, "num_branches": 14, "num_partial_branches": 0, "covered_branches": 0, "missing_branches": 14}, "missing_lines": [29, 49, 65, 72, 73, 75, 78, 89, 90, 93, 94, 97, 98, 100, 101, 102, 103, 104, 106, 107, 109], "excluded_lines": [], "executed_branches": [], "missing_branches": [[72, 73], [72, 75], [89, 90], [89, 93], [93, 94], [93, 109], [97, 98], [97, 106], [98, 97], [98, 100], [101, 97], [101, 102], [106, 93], [106, 107]]}, "ExplanationParser": {"executed_lines": [], "summary": {"covered_lines": 0, "num_statements": 44, "percent_covered": 0.0, "percent_covered_display": "0.00", "missing_lines": 44, "excluded_lines": 0, "num_branches": 24, "num_partial_branches": 0, "covered_branches": 0, "missing_branches": 24}, "missing_lines": [117, 120, 180, 228, 229, 232, 235, 238, 240, 249, 250, 251, 254, 255, 257, 258, 259, 260, 261, 263, 264, 267, 268, 270, 273, 274, 275, 276, 278, 280, 281, 283, 289, 292, 293, 297, 298, 301, 302, 305, 306, 307, 308, 310], "excluded_lines": [], "executed_branches": [], "missing_branches": [[228, 229], [228, 232], [250, 251], [250, 254], [257, 258], [257, 263], [258, 257], [258, 259], [263, 264], [263, 267], [267, 268], [267, 270], [274, 275], [274, 278], [280, 281], [280, 283], [297, 298], [297, 301], [301, 302], [301, 305], [305, 306], [305, 307], [307, 308], [307, 310]]}, "": {"executed_lines": [], "summary": {"covered_lines": 0, "num_statements": 50, "percent_covered": 0.0, "percent_covered_display": "0.00", "missing_lines": 50, "excluded_lines": 2, "num_branches": 10, "num_partial_branches": 0, "covered_branches": 0, "missing_branches": 10}, "missing_lines": [7, 8, 9, 12, 13, 16, 17, 18, 19, 20, 23, 26, 67, 112, 115, 226, 242, 285, 313, 331, 332, 334, 335, 337, 338, 341, 343, 344, 347, 349, 358, 360, 361, 362, 363, 364, 365, 368, 370, 382, 383, 385, 386, 387, 388, 389, 390, 391, 393, 394], "excluded_lines": [397, 398], "executed_branches": [], "missing_branches": [[331, 332], [331, 334], [337, 338], [337, 341], [343, 344], [343, 347], [385, -368], [385, 386], [387, 388], [387, 393]]}}}, "src\\addrnorm\\explanation\\__init__.py": {"executed_lines": [], "summary": {"covered_lines": 0, "num_statements": 13, "percent_covered": 0.0, "percent_covered_display": "0.00", "missing_lines": 13, "excluded_lines": 0, "num_branches": 2, "num_partial_branches": 0, "covered_branches": 0, "missing_branches": 2}, "missing_lines": [15, 25, 26, 29, 32, 33, 35, 37, 47, 49, 50, 53, 59], "excluded_lines": [], "executed_branches": [], "missing_branches": [[25, 26], [25, 29]], "functions": {"process_explanation": {"executed_lines": [], "summary": {"covered_lines": 0, "num_statements": 6, "percent_covered": 0.0, "percent_covered_display": "0.00", "missing_lines": 6, "excluded_lines": 0, "num_branches": 2, "num_partial_branches": 0, "covered_branches": 0, "missing_branches": 2}, "missing_lines": [25, 26, 29, 32, 33, 35], "excluded_lines": [], "executed_branches": [], "missing_branches": [[25, 26], [25, 29]]}, "parse_explanation": {"executed_lines": [], "summary": {"covered_lines": 0, "num_statements": 1, "percent_covered": 0.0, "percent_covered_display": "0.00", "missing_lines": 1, "excluded_lines": 0, "num_branches": 0, "num_partial_branches": 0, "covered_branches": 0, "missing_branches": 0}, "missing_lines": [47], "excluded_lines": [], "executed_branches": [], "missing_branches": []}, "": {"executed_lines": [], "summary": {"covered_lines": 0, "num_statements": 6, "percent_covered": 0.0, "percent_covered_display": "0.00", "missing_lines": 6, "excluded_lines": 0, "num_branches": 0, "num_partial_branches": 0, "covered_branches": 0, "missing_branches": 0}, "missing_lines": [15, 37, 49, 50, 53, 59], "excluded_lines": [], "executed_branches": [], "missing_branches": []}}, "classes": {"": {"executed_lines": [], "summary": {"covered_lines": 0, "num_statements": 13, "percent_covered": 0.0, "percent_covered_display": "0.00", "missing_lines": 13, "excluded_lines": 0, "num_branches": 2, "num_partial_branches": 0, "covered_branches": 0, "missing_branches": 2}, "missing_lines": [15, 25, 26, 29, 32, 33, 35, 37, 47, 49, 50, 53, 59], "excluded_lines": [], "executed_branches": [], "missing_branches": [[25, 26], [25, 29]]}}}, "src\\addrnorm\\fallback\\__init__.py": {"executed_lines": [], "summary": {"covered_lines": 0, "num_statements": 3, "percent_covered": 0.0, "percent_covered_display": "0.00", "missing_lines": 3, "excluded_lines": 0, "num_branches": 0, "num_partial_branches": 0, "covered_branches": 0, "missing_branches": 0}, "missing_lines": [14, 19, 21], "excluded_lines": [], "executed_branches": [], "missing_branches": [], "functions": {"": {"executed_lines": [], "summary": {"covered_lines": 0, "num_statements": 3, "percent_covered": 0.0, "percent_covered_display": "0.00", "missing_lines": 3, "excluded_lines": 0, "num_branches": 0, "num_partial_branches": 0, "covered_branches": 0, "missing_branches": 0}, "missing_lines": [14, 19, 21], "excluded_lines": [], "executed_branches": [], "missing_branches": []}}, "classes": {"": {"executed_lines": [], "summary": {"covered_lines": 0, "num_statements": 3, "percent_covered": 0.0, "percent_covered_display": "0.00", "missing_lines": 3, "excluded_lines": 0, "num_branches": 0, "num_partial_branches": 0, "covered_branches": 0, "missing_branches": 0}, "missing_lines": [14, 19, 21], "excluded_lines": [], "executed_branches": [], "missing_branches": []}}}, "src\\addrnorm\\fallback\\apply.py": {"executed_lines": [], "summary": {"covered_lines": 0, "num_statements": 89, "percent_covered": 0.0, "percent_covered_display": "0.00", "missing_lines": 89, "excluded_lines": 0, "num_branches": 48, "num_partial_branches": 0, "covered_branches": 0, "missing_branches": 48}, "missing_lines": [6, 8, 9, 12, 18, 19, 21, 34, 37, 42, 47, 48, 53, 62, 75, 78, 93, 94, 95, 96, 99, 100, 101, 102, 103, 106, 107, 108, 109, 110, 112, 114, 117, 118, 121, 123, 126, 128, 136, 139, 142, 145, 146, 147, 148, 152, 153, 155, 156, 159, 161, 163, 175, 180, 183, 190, 191, 192, 194, 196, 200, 214, 216, 217, 218, 221, 224, 225, 227, 228, 229, 230, 231, 232, 233, 234, 235, 237, 240, 241, 243, 245, 248, 250, 272, 274, 278, 291, 292], "excluded_lines": [], "executed_branches": [], "missing_branches": [[93, 94], [93, 99], [94, 93], [94, 95], [99, 100], [99, 106], [100, 99], [100, 101], [102, 99], [102, 103], [106, 107], [106, 112], [107, 106], [107, 108], [109, 106], [109, 110], [121, 123], [121, 126], [145, 146], [145, 147], [147, 148], [147, 152], [152, 153], [152, 155], [155, 156], [155, 159], [190, 191], [190, 194], [191, 190], [191, 192], [216, 217], [216, 240], [217, 216], [217, 218], [221, 224], [221, 225], [225, 227], [225, 228], [228, 229], [228, 230], [230, 231], [230, 232], [232, 233], [232, 234], [234, 235], [234, 237], [240, 241], [240, 243]], "functions": {"FallbackNormalizer.__init__": {"executed_lines": [], "summary": {"covered_lines": 0, "num_statements": 1, "percent_covered": 0.0, "percent_covered_display": "0.00", "missing_lines": 1, "excluded_lines": 0, "num_branches": 0, "num_partial_branches": 0, "covered_branches": 0, "missing_branches": 0}, "missing_lines": [19], "excluded_lines": [], "executed_branches": [], "missing_branches": []}, "FallbackNormalizer.normalize": {"executed_lines": [], "summary": {"covered_lines": 0, "num_statements": 6, "percent_covered": 0.0, "percent_covered_display": "0.00", "missing_lines": 6, "excluded_lines": 0, "num_branches": 0, "num_partial_branches": 0, "covered_branches": 0, "missing_branches": 0}, "missing_lines": [34, 37, 42, 47, 48, 53], "excluded_lines": [], "executed_branches": [], "missing_branches": []}, "FallbackNormalizer._merge_components": {"executed_lines": [], "summary": {"covered_lines": 0, "num_statements": 17, "percent_covered": 0.0, "percent_covered_display": "0.00", "missing_lines": 17, "excluded_lines": 0, "num_branches": 16, "num_partial_branches": 0, "covered_branches": 0, "missing_branches": 16}, "missing_lines": [75, 78, 93, 94, 95, 96, 99, 100, 101, 102, 103, 106, 107, 108, 109, 110, 112], "excluded_lines": [], "executed_branches": [], "missing_branches": [[93, 94], [93, 99], [94, 93], [94, 95], [99, 100], [99, 106], [100, 99], [100, 101], [102, 99], [102, 103], [106, 107], [106, 112], [107, 106], [107, 108], [109, 106], [109, 110]]}, "FallbackNormalizer._calculate_confidence": {"executed_lines": [], "summary": {"covered_lines": 0, "num_statements": 5, "percent_covered": 0.0, "percent_covered_display": "0.00", "missing_lines": 5, "excluded_lines": 0, "num_branches": 2, "num_partial_branches": 0, "covered_branches": 0, "missing_branches": 2}, "missing_lines": [117, 118, 121, 123, 126], "excluded_lines": [], "executed_branches": [], "missing_branches": [[121, 123], [121, 126]]}, "FallbackNormalizer._collect_warnings": {"executed_lines": [], "summary": {"covered_lines": 0, "num_statements": 13, "percent_covered": 0.0, "percent_covered_display": "0.00", "missing_lines": 13, "exclud
[...]
, 64, 65, 66], "excluded_lines": [], "executed_branches": [], "missing_branches": []}, "Config._merge_config": {"executed_lines": [], "summary": {"covered_lines": 0, "num_statements": 2, "percent_covered": 0.0, "percent_covered_display": "0.00", "missing_lines": 2, "excluded_lines": 0, "num_branches": 0, "num_partial_branches": 0, "covered_branches": 0, "missing_branches": 0}, "missing_lines": [71, 82], "excluded_lines": [], "executed_branches": [], "missing_branches": []}, "Config._merge_config.deep_merge": {"executed_lines": [], "summary": {"covered_lines": 0, "num_statements": 4, "percent_covered": 0.0, "percent_covered_display": "0.00", "missing_lines": 4, "excluded_lines": 0, "num_branches": 4, "num_partial_branches": 0, "covered_branches": 0, "missing_branches": 4}, "missing_lines": [72, 73, 78, 80], "excluded_lines": [], "executed_branches": [], "missing_branches": [[72, -71], [72, 73], [73, 78], [73, 80]]}, "Config.get": {"executed_lines": [86, 87, 89, 90, 91, 95], "summary": {"covered_lines": 6, "num_statements": 7, "percent_covered": 81.81818181818181, "percent_covered_display": "81.82", "missing_lines": 1, "excluded_lines": 0, "num_branches": 4, "num_partial_branches": 1, "covered_branches": 3, "missing_branches": 1}, "missing_lines": [93], "excluded_lines": [], "executed_branches": [[89, 90], [89, 95], [90, 91]], "missing_branches": [[90, 93]]}, "Config.set": {"executed_lines": [], "summary": {"covered_lines": 0, "num_statements": 7, "percent_covered": 0.0, "percent_covered_display": "0.00", "missing_lines": 7, "excluded_lines": 0, "num_branches": 4, "num_partial_branches": 0, "covered_branches": 0, "missing_branches": 4}, "missing_lines": [99, 100, 102, 103, 104, 105, 107], "excluded_lines": [], "executed_branches": [], "missing_branches": [[102, 103], [102, 107], [103, 104], [103, 105]]}, "get_config": {"executed_lines": [116], "summary": {"covered_lines": 1, "num_statements": 1, "percent_covered": 100.0, "percent_covered_display": "100.00", "missing_lines": 0, "excluded_lines": 0, "num_branches": 0, "num_partial_branches": 0, "covered_branches": 0, "missing_branches": 0}, "missing_lines": [], "excluded_lines": [], "executed_branches": [], "missing_branches": []}, "": {"executed_lines": [1, 5, 7, 10, 11, 13, 21, 59, 68, 84, 97, 111, 114], "summary": {"covered_lines": 11, "num_statements": 11, "percent_covered": 100.0, "percent_covered_display": "100.00", "missing_lines": 0, "excluded_lines": 0, "num_branches": 0, "num_partial_branches": 0, "covered_branches": 0, "missing_branches": 0}, "missing_lines": [], "excluded_lines": [], "executed_branches": [], "missing_branches": []}}, "classes": {"Config": {"executed_lines": [15, 16, 18, 23, 86, 87, 89, 90, 91, 95], "summary": {"covered_lines": 10, "num_statements": 31, "percent_covered": 31.11111111111111, "percent_covered_display": "31.11", "missing_lines": 21, "excluded_lines": 0, "num_branches": 14, "num_partial_branches": 2, "covered_branches": 4, "missing_branches": 10}, "missing_lines": [19, 61, 62, 63, 64, 65, 66, 71, 72, 73, 78, 80, 82, 93, 99, 100, 102, 103, 104, 105, 107], "excluded_lines": [], "executed_branches": [[18, -13], [89, 90], [89, 95], [90, 91]], "missing_branches": [[18, 19], [72, -71], [72, 73], [73, 78], [73, 80], [90, 93], [102, 103], [102, 107], [103, 104], [103, 105]]}, "": {"executed_lines": [1, 5, 7, 10, 11, 13, 21, 59, 68, 84, 97, 111, 114, 116], "summary": {"covered_lines": 12, "num_statements": 12, "percent_covered": 100.0, "percent_covered_display": "100.00", "missing_lines": 0, "excluded_lines": 0, "num_branches": 0, "num_partial_branches": 0, "covered_branches": 0, "missing_branches": 0}, "missing_lines": [], "excluded_lines": [], "executed_branches": [], "missing_branches": []}}}, "src\\addrnorm\\utils\\contracts.py": {"executed_lines": [1, 5, 6, 7, 8, 9, 11, 14, 15, 17, 18, 19, 20, 21, 22, 23, 26, 27, 29, 30, 31, 34, 35, 37, 40, 41, 44, 45, 47, 50, 51, 52, 53, 54, 55, 56, 57, 58, 59, 60, 63, 66, 67, 70, 74, 78, 82, 107, 108, 131, 132], "summary": {"covered_lines": 46, "num_statements": 57, "percent_covered": 77.96610169491525, "percent_covered_display": "77.97", "missing_lines": 11, "excluded_lines": 0, "num_branches": 2, "num_partial_branches": 0, "covered_branches": 0, "missing_branches": 2}, "missing_lines": [76, 80, 84, 86, 110, 134, 135, 138, 141, 142, 144], "excluded_lines": [], "executed_branches": [], "missing_branches": [[141, 142], [141, 144]], "functions": {"AddressOut.to_json": {"executed_lines": [], "summary": {"covered_lines": 0, "num_statements": 1, "percent_covered": 0.0, "percent_covered_display": "0.00", "missing_lines": 1, "excluded_lines": 0, "num_branches": 0, "num_partial_branches": 0, "covered_branches": 0, "missing_branches": 0}, "missing_lines": [76], "excluded_lines": [], "executed_branches": [], "missing_branches": []}, "AddressOut.to_dict": {"executed_lines": [], "summary": {"covered_lines": 0, "num_statements": 1, "percent_covered": 0.0, "percent_covered_display": "0.00", "missing_lines": 1, "excluded_lines": 0, "num_branches": 0, "num_partial_branches": 0, "covered_branches": 0, "missing_branches": 0}, "missing_lines": [80], "excluded_lines": [], "executed_branches": [], "missing_branches": []}, "AddressOut.to_csv_row": {"executed_lines": [], "summary": {"covered_lines": 0, "num_statements": 2, "percent_covered": 0.0, "percent_covered_display": "0.00", "missing_lines": 2, "excluded_lines": 0, "num_branches": 0, "num_partial_branches": 0, "covered_branches": 0, "missing_branches": 0}, "missing_lines": [84, 86], "excluded_lines": [], "executed_branches": [], "missing_branches": []}, "AddressOut.csv_headers": {"executed_lines": [], "summary": {"covered_lines": 0, "num_statements": 1, "percent_covered": 0.0, "percent_covered_display": "0.00", "missing_lines": 1, "excluded_lines": 0, "num_branches": 0, "num_partial_branches": 0, "covered_branches": 0, "missing_branches": 0}, "missing_lines": [110], "excluded_lines": [], "executed_branches": [], "missing_branches": []}, "AddressOut.to_csv_string": {"executed_lines": [], "summary": {"covered_lines": 0, "num_statements": 6, "percent_covered": 0.0, "percent_covered_display": "0.00", "missing_lines": 6, "excluded_lines": 0, "num_branches": 2, "num_partial_branches": 0, "covered_branches": 0, "missing_branches": 2}, "missing_lines": [134, 135, 138, 141, 142, 144], "excluded_lines": [], "executed_branches": [], "missing_branches": [[141, 142], [141, 144]]}, "": {"executed_lines": [1, 5, 6, 7, 8, 9, 11, 14, 15, 17, 18, 19, 20, 21, 22, 23, 26, 27, 29, 30, 31, 34, 35, 37, 40, 41, 44, 45, 47, 50, 51, 52, 53, 54, 55, 56, 57, 58, 59, 60, 63, 66, 67, 70, 74, 78, 82, 107, 108, 131, 132], "summary": {"covered_lines": 46, "num_statements": 46, "percent_covered": 100.0, "percent_covered_display": "100.00", "missing_lines": 0, "excluded_lines": 0, "num_branches": 0, "num_partial_branches": 0, "covered_branches": 0, "missing_branches": 0}, "missing_lines": [], "excluded_lines": [], "executed_branches": [], "missing_branches": []}}, "classes": {"RelationEnum": {"executed_lines": [], "summary": {"covered_lines": 0, "num_statements": 0, "percent_covered": 100.0, "percent_covered_display": "100.00", "missing_lines": 0, "excluded_lines": 0, "num_branches": 0, "num_partial_branches": 0, "covered_branches": 0, "missing_branches": 0}, "missing_lines": [], "excluded_lines": [], "executed_branches": [], "missing_branches": []}, "MethodEnum": {"executed_lines": [], "summary": {"covered_lines": 0, "num_statements": 0, "percent_covered": 100.0, "percent_covered_display": "100.00", "missing_lines": 0, "excluded_lines": 0, "num_branches": 0, "num_partial_branches": 0, "covered_branches": 0, "missing_branches": 0}, "missing_lines": [], "excluded_lines": [], "executed_branches": [], "missing_branches": []}, "ExplanationParsed": {"executed_lines": [], "summary": {"covered_lines": 0, "num_statements": 0, "percent_covered": 100.0, "percent_covered_display": "100.00", "missing_lines": 0, "excluded_lines": 0, "num_branches": 0, "num_partial_branches": 0, "covered_branches": 0, "missing_branches": 0}, "missing_lines": [], "excluded_lines": [], "executed_branches": [], "missing_branches": []}, "AddressOut": {"executed_lines": [], "summary": {"covered_lines": 0, "num_statements": 11, "percent_covered": 0.0, "percent_covered_display": "0.00", "missing_lines": 11, "excluded_lines": 0, "num_branches": 2, "num_partial_branches": 0, "covered_branches": 0, "missing_branches": 2}, "missing_lines": [76, 80, 84, 86, 110, 134, 135, 138, 141, 142, 144], "excluded_lines": [], "executed_branches": [], "missing_branches": [[141, 142], [141, 144]]}, "": {"executed_lines": [1, 5, 6, 7, 8, 9, 11, 14, 15, 17, 18, 19, 20, 21, 22, 23, 26, 27, 29, 30, 31, 34, 35, 37, 40, 41, 44, 45, 47, 50, 51, 52, 53, 54, 55, 56, 57, 58, 59, 60, 63, 66, 67, 70, 74, 78, 82, 107, 108, 131, 132], "summary": {"covered_lines": 46, "num_statements": 46, "percent_covered": 100.0, "percent_covered_display": "100.00", "missing_lines": 0, "excluded_lines": 0, "num_branches": 0, "num_partial_branches": 0, "covered_branches": 0, "missing_branches": 0}, "missing_lines": [], "excluded_lines": [], "executed_branches": [], "missing_branches": []}}}, "src\\addrnorm\\validate\\__init__.py": {"executed_lines": [], "summary": {"covered_lines": 0, "num_statements": 2, "percent_covered": 0.0, "percent_covered_display": "0.00", "missing_lines": 2, "excluded_lines": 0, "num_branches": 0, "num_partial_branches": 0, "covered_branches": 0, "missing_branches": 0}, "missing_lines": [11, 18], "excluded_lines": [], "executed_branches": [], "missing_branches": [], "functions": {"": {"executed_lines": [], "summary": {"covered_lines": 0, "num_statements": 2, "percent_covered": 0.0, "percent_covered_display": "0.00", "missing_lines": 2, "excluded_lines": 0, "num_branches": 0, "num_partial_branches": 0, "covered_branches": 0, "missing_branches": 0}, "missing_lines": [11, 18], "excluded_lines": [], "executed_branches": [], "missing_branches": []}}, "classes": {"": {"executed_lines": [], "summary": {"covered_lines": 0, "num_statements": 2, "percent_covered": 0.0, "percent_covered_display": "0.00", "missing_lines": 2, "excluded_lines": 0, "num_branches": 0, "num_partial_branches": 0, "covered_branches": 0, "missing_branches": 0}, "missing_lines": [11, 18], "excluded_lines": [], "executed_branches": [], "missing_branches": []}}}, "src\\addrnorm\\validate\\geo.py": {"executed_lines": [], "summary": {"covered_lines": 0, "num_statements": 129, "percent_covered": 0.0, "percent_covered_display": "0.00", "missing_lines": 129, "excluded_lines": 0, "num_branches": 48, "num_partial_branches": 0, "covered_branches": 0, "missing_branches": 48}, "missing_lines": [6, 7, 8, 9, 10, 11, 12, 15, 16, 19, 20, 21, 22, 23, 26, 27, 30, 31, 32, 33, 34, 37, 43, 50, 52, 53, 55, 56, 57, 58, 60, 62, 66, 67, 68, 69, 70, 71, 72, 75, 76, 77, 78, 81, 82, 84, 89, 103, 104, 113, 116, 117, 126, 130, 131, 132, 136, 137, 145, 156, 164, 179, 180, 189, 190, 193, 194, 197, 198, 207, 211, 212, 213, 217, 233, 234, 245, 249, 250, 251, 255, 270, 278, 293, 294, 296, 297, 298, 301, 302, 307, 308, 310, 311, 320, 321, 322, 323, 325, 327, 335, 343, 354, 355, 364, 367, 368, 377, 378, 379, 380, 388, 397, 398, 406, 408, 409, 411, 414, 416, 418, 421, 433, 434, 436, 438, 441, 461, 463], "excluded_lines": [], "executed_branches": [], "missing_branches": [[50, 52], [50, 55], [67, 68], [67, 75], [70, 71], [70, 75], [76, 77], [76, 84], [81, 82], [81, 84], [103, 104], [103, 113], [116, 117], [116, 126], [130, 131], [130, 156], [136, 137], [136, 145], [179, 180], [179, 189], [193, 194], [193, 233], [197, 198], [197, 207], [211, 212], [211, 233], [233, 234], [233, 245], [249, 250], [249, 270], [307, 308], [307, 335], [310, 311], [310, 320], [321, 322], [321, 325], [322, 321], [322, 323], [354, 355], [354, 364], [367, 368], [367, 377], [379, 380], [379, 388], [408, 409], [408, 411], [433, 434], [433, 436]], "functions": {"TurkishGeoValidator.__init__": {"executed_lines": [], "summary": {"covered_lines": 0, "num_statements": 8, "percent_covered": 0.0, "percent_covered_display": "0.00", "missing_lines": 8, "excluded_lines": 0, "num_branches": 2, "num_partial_branches": 0, "covered_branches": 0, "missing_branches": 2}, "missing_lines": [50, 52, 53, 55, 56, 57, 58, 60], "excluded_lines": [], "executed_branches": [], "missing_branches": [[50, 52], [50, 55]]}, "TurkishGeoValidator._load_data": {"executed_lines": [], "summary": {"covered_lines": 0, "num_statements": 14, "percent_covered": 0.0, "percent_covered_display": "0.00", "missing_lines": 14, "excluded_lines": 0, "num_branches": 8, "num_partial_branches": 0, "covered_branches": 0, "missing_branches": 8}, "missing_lines": [66, 67, 68, 69, 70, 71, 72, 75, 76, 77, 78, 81, 82, 84], "excluded_lines": [], "executed_branches": [], "missing_branches": [[67, 68], [67, 75], [70, 71], [70, 75], [76, 77], [76, 84], [81, 82], [81, 84]]}, "TurkishGeoValidator.validate_city": {"executed_lines": [], "summary": {"covered_lines": 0, "num_statements": 13, "percent_covered": 0.0, "percent_covered_display": "0.00", "missing_lines": 13, "excluded_lines": 0, "num_branches": 8, "num_partial_branches": 0, "covered_branches": 0, "missing_branches": 8}, "missing_lines": [103, 104, 113, 116, 117, 126, 130, 131, 132, 136, 137, 145, 156], "excluded_lines": [], "executed_branches": [], "missing_branches": [[103, 104], [103, 113], [116, 117], [116, 126], [130, 131], [130, 156], [136, 137], [136, 145]]}, "TurkishGeoValidator.validate_district": {"executed_lines": [], "summary": {"covered_lines": 0, "num_statements": 21, "percent_covered": 0.0, "percent_covered_display": "0.00", "missing_lines": 21, "excluded_lines": 0, "num_branches": 12, "num_partial_branches": 0, "covered_branches": 0, "missing_branches": 12}, "missing_lines": [179, 180, 189, 190, 193, 194, 197, 198, 207, 211, 212, 213, 217, 233, 234, 245, 249, 250, 251, 255, 270], "excluded_lines": [], "executed_branches": [], "missing_branches": [[179, 180], [179, 189], [193, 194], [193, 233], [197, 198], [197, 207], [211, 212], [211, 233], [233, 234], [233, 245], [249, 250], [249, 270]]}, "TurkishGeoValidator.validate_city_district_consistency": {"executed_lines": [], "summary": {"covered_lines": 0, "num_statements": 18, "percent_covered": 0.0, "percent_covered_display": "0.00", "missing_lines": 18, "excluded_lines": 0, "num_branches": 8, "num_partial_branches": 0, "covered_branches": 0, "missing_branches": 8}, "missing_lines": [293, 294, 296, 297, 298, 301, 302, 307, 308, 310, 311, 320, 321, 322, 323, 325, 327, 335], "excluded_lines": [], "executed_branches": [], "missing_branches": [[307, 308], [307, 335], [310, 311], [310, 320], [321, 322], [321, 325], [322, 321], [322, 323]]}, "TurkishGeoValidator.validate_postcode": {"executed_lines": [], "summary": {"covered_lines": 0, "num_statements": 12, "percent_covered": 0.0, "percent_covered_display": "0.00", "missing_lines": 12, "excluded_lines": 0, "num_branches": 6, "num_partial_branches": 0, "covered_branches": 0, "missing_branches": 6}, "missing_lines": [354, 355, 364, 367, 368, 377, 378, 379, 380, 388, 397, 398], "excluded_lines": [], "executed_branches": [], "missing_branches": [[354, 355], [354, 364], [367, 368], [367, 377], [379, 380], [379, 388]]}, "TurkishGeoValidator._normalize_text": {"executed_lines": [], "summary": {"covered_lines": 0, "num_statements": 10, "percent_covered": 0.0, "percent_covered_display": "0.00", "missing_lines": 10, "excluded_lines": 0, "num_branches": 4, "num_partial_branches": 0, "covered_branches": 0, "missing_branches": 4}, "missing_lines": [408, 409, 411, 414, 416, 418, 421, 433, 434, 436], "excluded_lines": [], "executed_branches": [], "missing_branches": [[408, 409], [408, 411], [433, 434], [433, 436]]}, "TurkishGeoValidator.get_stats": {"executed_lines": [], "summary": {"covered_lines": 0, "num_statements": 1, "percent_covered": 0.0, "percent_covered_display": "0.00", "missing_lines": 1, "excluded_lines": 0, "num_branches": 0, "num_partial_branches": 0, "covered_branches": 0, "missing_branches": 0}, "missing_lines": [441], "excluded_lines": [], "executed_branches": [], "missing_branches": []}, "create_geo_validator": {"executed_lines": [], "summary": {"covered_lines": 0, "num_statements": 1, "percent_covered": 0.0, "percent_covered_display": "0.00", "missing_lines": 1, "excluded_lines": 0, "num_branches": 0, "num_partial_branches": 0, "covered_branches": 0, "missing_branches": 0}, "missing_lines": [463], "excluded_lines": [], "executed_branches": [], "missing_branches": []}, "": {"executed_lines": [], "summary": {"covered_lines": 0, "num_statements": 31, "percent_covered": 0.0, "percent_covered_display": "0.00", "missing_lines": 31, "excluded_lines": 0, "num_branches": 0, "num_partial_branches": 0, "covered_branches": 0, "missing_branches": 0}, "missing_lines": [6, 7, 8, 9, 10, 11, 12, 15, 16, 19, 20, 21, 22, 23, 26, 27, 30, 31, 32, 33, 34, 37, 43, 62, 89, 164, 278, 343, 406, 438, 461], "excluded_lines": [], "executed_branches": [], "missing_branches": []}}, "classes": {"ValidationResult": {"executed_lines": [], "summary": {"covered_lines": 0, "num_statements": 0, "percent_covered": 100.0, "percent_covered_display": "100.00", "missing_lines": 0, "excluded_lines": 0, "num_branches": 0, "num_partial_branches": 0, "covered_branches": 0, "missing_branches": 0}, "missing_lines": [], "excluded_lines": [], "executed_branches": [], "missing_branches": []}, "ConsistencyResult": {"executed_lines": [], "summary": {"covered_lines": 0, "num_statements": 0, "percent_covered": 100.0, "percent_covered_display": "100.00", "missing_lines": 0, "excluded_lines": 0, "num_branches": 0, "num_partial_branches": 0, "covered_branches": 0, "missing_branches": 0}, "missing_lines": [], "excluded_lines": [], "executed_branches": [], "missing_branches": []}, "TurkishGeoValidator": {"executed_lines": [], "summary": {"covered_lines": 0, "num_statements": 97, "percent_covered": 0.0, "percent_covered_display": "0.00", "missing_lines": 97, "excluded_lines": 0, "num_branches": 48, "num_partial_branches": 0, "covered_branches": 0, "missing_branches": 48}, "missing_lines": [50, 52, 53, 55, 56, 57, 58, 60, 66, 67, 68, 69, 70, 71, 72, 75, 76, 77, 78, 81, 82, 84, 103, 104, 113, 116, 117, 126, 130, 131, 132, 136, 137, 145, 156, 179, 180, 189, 190, 193, 194, 197, 198, 207, 211, 212, 213, 217, 233, 234, 245, 249, 250, 251, 255, 270, 293, 294, 296, 297, 298, 301, 302, 307, 308, 310, 311, 320, 321, 322, 323, 325, 327, 335, 354, 355, 364, 367, 368, 377, 378, 379, 380, 388, 397, 398, 408, 409, 411, 414, 416, 418, 421, 433, 434, 436, 441], "excluded_lines": [], "executed_branches": [], "missing_branches": [[50, 52], [50, 55], [67, 68], [67, 75], [70, 71], [70, 75], [76, 77], [76, 84], [81, 82], [81, 84], [103, 104], [103, 113], [116, 117], [116, 126], [130, 131], [130, 156], [136, 137], [136, 145], [179, 180], [179, 189], [193, 194], [193, 233], [197, 198], [197, 207], [211, 212], [211, 233], [233, 234], [233, 245], [249, 250], [249, 270], [307, 308], [307, 335], [310, 311], [310, 320], [321, 322], [321, 325], [322, 321], [322, 323], [354, 355], [354, 364], [367, 368], [367, 377], [379, 380], [379, 388], [408, 409], [408, 411], [433, 434], [433, 436]]}, "": {"executed_lines": [], "summary": {"covered_lines": 0, "num_statements": 32, "percent_covered": 0.0, "percent_covered_display": "0.00", "missing_lines": 32, "excluded_lines": 0, "num_branches": 0, "num_partial_branches": 0, "covered_branches": 0, "missing_branches": 0}, "missing_lines": [6, 7, 8, 9, 10, 11, 12, 15, 16, 19, 20, 21, 22, 23, 26, 27, 30, 31, 32, 33, 34, 37, 43, 62, 89, 164, 278, 343, 406, 438, 461, 463], "excluded_lines": [], "executed_branches": [], "missing_branches": []}}}}, "totals": {"covered_lines": 434, "num_statements": 6851, "percent_covered": 5.160202360876897, "percent_covered_display": "5.16", "missing_lines": 6417, "excluded_lines": 22, "num_branches": 2044, "num_partial_branches": 5, "covered_branches": 25, "missing_branches": 2019}}
