{"meta": {"format": 3, "version": "7.10.4", "timestamp": "2025-08-23T13:05:11.404850", "branch_coverage": false, "show_contexts": false}, "files": {"src\\addrnorm\\__init__.py": {"executed_lines": [1], "summary": {"covered_lines": 0, "num_statements": 0, "percent_covered": 100.0, "percent_covered_display": "100", "missing_lines": 0, "excluded_lines": 0}, "missing_lines": [], "excluded_lines": [], "functions": {"": {"executed_lines": [], "summary": {"covered_lines": 0, "num_statements": 0, "percent_covered": 100.0, "percent_covered_display": "100", "missing_lines": 0, "excluded_lines": 0}, "missing_lines": [], "excluded_lines": []}}, "classes": {"": {"executed_lines": [], "summary": {"covered_lines": 0, "num_statements": 0, "percent_covered": 100.0, "percent_covered_display": "100", "missing_lines": 0, "excluded_lines": 0}, "missing_lines": [], "excluded_lines": []}}}, "src\\addrnorm\\api\\__init__.py": {"executed_lines": [1, 5, 12, 14], "summary": {"covered_lines": 3, "num_statements": 3, "percent_covered": 100.0, "percent_covered_display": "100", "missing_lines": 0, "excluded_lines": 0}, "missing_lines": [], "excluded_lines": [], "functions": {"": {"executed_lines": [1, 5, 12, 14], "summary": {"covered_lines": 3, "num_statements": 3, "percent_covered": 100.0, "percent_covered_display": "100", "missing_lines": 0, "excluded_lines": 0}, "missing_lines": [], "excluded_lines": []}}, "classes": {"": {"executed_lines": [1, 5, 12, 14], "summary": {"covered_lines": 3, "num_statements": 3, "percent_covered": 100.0, "percent_covered_display": "100", "missing_lines": 0, "excluded_lines": 0}, "missing_lines": [], "excluded_lines": []}}}, "src\\addrnorm\\api\\models.py": {"executed_lines": [1, 6, 8, 11, 12, 14, 19, 20, 22, 30, 31, 33, 34, 35, 38, 39, 40, 41, 44, 45, 47, 50, 51, 52, 55, 56, 58, 59, 60], "summary": {"covered_lines": 23, "num_statements": 23, "percent_covered": 100.0, "percent_covered_display": "100", "missing_lines": 0, "excluded_lines": 0}, "missing_lines": [], "excluded_lines": [], "functions": {"": {"executed_lines": [1, 6, 8, 11, 12, 14, 19, 20, 22, 30, 31, 33, 34, 35, 38, 39, 40, 41, 44, 45, 47, 50, 51, 52, 55, 56, 58, 59, 60], "summary": {"covered_lines": 23, "num_statements": 23, "percent_covered": 100.0, "percent_covered_display": "100", "missing_lines": 0, "excluded_lines": 0}, "missing_lines": [], "excluded_lines": []}}, "classes": {"AddressRequest": {"executed_lines": [], "summary": {"covered_lines": 0, "num_statements": 0, "percent_covered": 100.0, "percent_covered_display": "100", "missing_lines": 0, "excluded_lines": 0}, "missing_lines": [], "excluded_lines": []}, "BatchAddressRequest": {"executed_lines": [], "summary": {"covered_lines": 0, "num_statements": 0, "percent_covered": 100.0, "percent_covered_display": "100", "missing_lines": 0, "excluded_lines": 0}, "missing_lines": [], "excluded_lines": []}, "AddressResponse": {"executed_lines": [], "summary": {"covered_lines": 0, "num_statements": 0, "percent_covered": 100.0, "percent_covered_display": "100", "missing_lines": 0, "excluded_lines": 0}, "missing_lines": [], "excluded_lines": []}, "BatchAddressResponse": {"executed_lines": [], "summary": {"covered_lines": 0, "num_statements": 0, "percent_covered": 100.0, "percent_covered_display": "100", "missing_lines": 0, "excluded_lines": 0}, "missing_lines": [], "excluded_lines": []}, "HealthResponse": {"executed_lines": [], "summary": {"covered_lines": 0, "num_statements": 0, "percent_covered": 100.0, "percent_covered_display": "100", "missing_lines": 0, "excluded_lines": 0}, "missing_lines": [], "excluded_lines": []}, "": {"executed_lines": [1, 6, 8, 11, 12, 14, 19, 20, 22, 30, 31, 33, 34, 35, 38, 39, 40, 41, 44, 45, 47, 50, 51, 52, 55, 56, 58, 59, 60], "summary": {"covered_lines": 23, "num_statements": 23, "percent_covered": 100.0, "percent_covered_display": "100", "missing_lines": 0, "excluded_lines": 0}, "missing_lines": [], "excluded_lines": []}}}, "src\\addrnorm\\api\\server.py": {"executed_lines": [1, 5, 6, 7, 8, 10, 11, 12, 13, 15, 16, 17, 26, 27, 28, 31, 34, 35, 38, 47, 56, 59, 60, 64, 66, 67, 75, 76, 83, 84, 86, 89, 91, 102, 103, 106, 113, 120, 121, 129, 135, 136, 138, 139, 149, 150, 158, 164, 165, 167, 168, 170, 171, 172, 173, 175, 176, 178, 193, 194, 205, 221], "summary": {"covered_lines": 61, "num_statements": 77, "percent_covered": 79.22077922077922, "percent_covered_display": "79", "missing_lines": 16, "excluded_lines": 0}, "missing_lines": [78, 79, 80, 130, 141, 142, 143, 159, 185, 186, 187, 197, 199, 208, 210, 222], "excluded_lines": [], "functions": {"startup_event": {"executed_lines": [64, 66, 67, 75, 76], "summary": {"covered_lines": 5, "num_statements": 8, "percent_covered": 62.5, "percent_covered_display": "62", "missing_lines": 3, "excluded_lines": 0}, "missing_lines": [78, 79, 80], "excluded_lines": []}, "shutdown_event": {"executed_lines": [86], "summary": {"covered_lines": 1, "num_statements": 1, "percent_covered": 100.0, "percent_covered_display": "100", "missing_lines": 0, "excluded_lines": 0}, "missing_lines": [], "excluded_lines": []}, "_result_to_dict": {"executed_lines": [91], "summary": {"covered_lines": 1, "num_statements": 1, "percent_covered": 100.0, "percent_covered_display": "100", "missing_lines": 0, "excluded_lines": 0}, "missing_lines": [], "excluded_lines": []}, "health_check": {"executed_lines": [106, 113], "summary": {"covered_lines": 2, "num_statements": 2, "percent_covered": 100.0, "percent_covered_display": "100", "missing_lines": 0, "excluded_lines": 0}, "missing_lines": [], "excluded_lines": []}, "normalize_address": {"executed_lines": [129, 135, 136, 138, 139], "summary": {"covered_lines": 5, "num_statements": 9, "percent_covered": 55.55555555555556, "percent_covered_display": "56", "missing_lines": 4, "excluded_lines": 0}, "missing_lines": [130, 141, 142, 143], "excluded_lines": []}, "normalize_batch": {"executed_lines": [158, 164, 165, 167, 168, 170, 171, 172, 173, 175, 176, 178], "summary": {"covered_lines": 12, "num_statements": 16, "percent_covered": 75.0, "percent_covered_display": "75", "missing_lines": 4, "excluded_lines": 0}, "missing_lines": [159, 185, 186, 187], "excluded_lines": []}, "global_exception_handler": {"executed_lines": [], "summary": {"covered_lines": 0, "num_statements": 2, "percent_covered": 0.0, "percent_covered_display": "0", "missing_lines": 2, "excluded_lines": 0}, "missing_lines": [197, 199], "excluded_lines": []}, "main": {"executed_lines": [], "summary": {"covered_lines": 0, "num_statements": 2, "percent_covered": 0.0, "percent_covered_display": "0", "missing_lines": 2, "excluded_lines": 0}, "missing_lines": [208, 210], "excluded_lines": []}, "": {"executed_lines": [1, 5, 6, 7, 8, 10, 11, 12, 13, 15, 16, 17, 26, 27, 28, 31, 34, 35, 38, 47, 56, 59, 60, 83, 84, 89, 102, 103, 120, 121, 149, 150, 193, 194, 205, 221], "summary": {"covered_lines": 35, "num_statements": 36, "percent_covered": 97.22222222222223, "percent_covered_display": "97", "missing_lines": 1, "excluded_lines": 0}, "missing_lines": [222], "excluded_lines": []}}, "classes": {"": {"executed_lines": [1, 5, 6, 7, 8, 10, 11, 12, 13, 15, 16, 17, 26, 27, 28, 31, 34, 35, 38, 47, 56, 59, 60, 64, 66, 67, 75, 76, 83, 84, 86, 89, 91, 102, 103, 106, 113, 120, 121, 129, 135, 136, 138, 139, 149, 150, 158, 164, 165, 167, 168, 170, 171, 172, 173, 175, 176, 178, 193, 194, 205, 221], "summary": {"covered_lines": 61, "num_statements": 77, "percent_covered": 79.22077922077922, "percent_covered_display": "79", "missing_lines": 16, "excluded_lines": 0}, "missing_lines": [78, 79, 80, 130, 141, 142, 143, 159, 185, 186, 187, 197, 199, 208, 210, 222], "excluded_lines": []}}}, "src\\addrnorm\\cli.py": {"executed_lines": [], "summary": {"covered_lines": 0, "num_statements": 237, "percent_covered": 0.0, "percent_covered_display": "0", "missing_lines": 237, "excluded_lines": 0}, "missing_lines": [8, 9, 10, 11, 12, 13, 16, 17, 18, 20, 21, 22, 23, 26, 29, 56, 59, 82, 83, 90, 95, 102, 110, 117, 125, 131, 136, 141, 147, 155, 158, 161, 164, 167, 174, 176, 179, 182, 184, 185, 186, 189, 190, 194, 197, 198, 201, 204, 205, 212, 215, 217, 218, 219, 220, 223, 226, 227, 233, 236, 239, 240, 242, 243, 244, 245, 247, 250, 251, 252, 254, 256, 258, 259, 263, 265, 267, 268, 269, 272, 274, 275, 276, 278, 279, 280, 282, 283, 286, 287, 289, 290, 291, 292, 294, 295, 296, 299, 301, 302, 303, 305, 306, 307, 308, 309, 314, 317, 322, 324, 326, 328, 330, 333, 334, 335, 342, 345, 346, 347, 348, 349, 356, 359, 360, 361, 362, 363, 365, 366, 367, 370, 371, 372, 374, 375, 376, 378, 379, 382, 383, 384, 385, 387, 405, 408, 411, 412, 413, 414, 415, 420, 423, 424, 425, 427, 428, 429, 430, 431, 432, 433, 434, 438, 439, 440, 441, 442, 444, 447, 451, 462, 463, 464, 466, 468, 469, 471, 472, 473, 476, 477, 479, 481, 482, 484, 485, 486, 487, 489, 491, 499, 501, 502, 503, 505, 506, 509, 510, 512, 514, 518, 520, 521, 522, 525, 526, 527, 528, 531, 532, 534, 535, 536, 537, 538, 539, 542, 544, 545, 546, 547, 550, 553, 554, 557, 558, 559, 562, 565, 566, 567, 568, 570, 571, 574, 575], "excluded_lines": [], "functions": {"create_parser": {"executed_lines": [], "summary": {"covered_lines": 0, "num_statements": 22, "percent_covered": 0.0, "percent_covered_display": "0", "missing_lines": 22, "excluded_lines": 0}, "missing_lines": [29, 56, 59, 82, 83, 90, 95, 102, 110, 117, 125, 131, 136, 141, 147, 155, 158, 161, 164, 167, 174, 176], "excluded_lines": []}, "validate_args": {"executed_lines": [], "summary": {"covered_lines": 0, "num_statements": 12, "percent_covered": 0.0, "percent_covered_display": "0", "missing_lines": 12, "excluded_lines": 0}, "missing_lines": [182, 184, 185, 186, 189, 190, 194, 197, 198, 201, 204, 205], "excluded_lines": []}, "process_single_address": {"executed_lines": [], "summary": {"covered_lines": 0, "num_statements": 9, "percent_covered": 0.0, "percent_covered_display": "0", "missing_lines": 9, "excluded_lines": 0}, "missing_lines": [215, 217, 218, 219, 220, 223, 226, 227, 233], "excluded_lines": []}, "process_file_input": {"executed_lines": [], "summary": {"covered_lines": 0, "num_statements": 85, "percent_covered": 0.0, "percent_covered_display": "0", "missing_lines": 85, "excluded_lines": 0}, "missing_lines": [239, 240, 242, 243, 244, 245, 247, 250, 251, 252, 254, 256, 258, 259, 263, 265, 267, 268, 269, 272, 274, 275, 276, 278, 279, 280, 282, 283, 286, 287, 289, 290, 291, 292, 294, 295, 296, 299, 301, 302, 303, 305, 306, 307, 308, 309, 314, 317, 322, 324, 326, 328, 330, 333, 334, 335, 342, 345, 346, 347, 348, 349, 356, 359, 360, 361, 362, 363, 365, 366, 367, 370, 371, 372, 374, 375, 376, 378, 379, 382, 383, 384, 385, 387, 405], "excluded_lines": []}, "save_metrics": {"executed_lines": [], "summary": {"covered_lines": 0, "num_statements": 5, "percent_covered": 0.0, "percent_covered_display": "0", "missing_lines": 5, "excluded_lines": 0}, "missing_lines": [411, 412, 413, 414, 415], "excluded_lines": []}, "print_stats": {"executed_lines": [], "summary": {"covered_lines": 0, "num_statements": 17, "percent_covered": 0.0, "percent_covered_display": "0", "missing_lines": 17, "excluded_lines": 0}, "missing_lines": [423, 424, 425, 427, 428, 429, 430, 431, 432, 433, 434, 438, 439, 440, 441, 442, 444], "excluded_lines": []}, "run_normalize_command": {"executed_lines": [], "summary": {"covered_lines": 0, "num_statements": 47, "percent_covered": 0.0, "percent_covered_display": "0", "missing_lines": 47, "excluded_lines": 0}, "missing_lines": [451, 462, 463, 464, 466, 468, 469, 471, 472, 473, 476, 477, 479, 481, 482, 484, 485, 486, 487, 489, 491, 499, 501, 502, 503, 505, 506, 509, 510, 512, 514, 518, 520, 521, 522, 525, 526, 527, 528, 531, 532, 534, 535, 536, 537, 538, 539], "excluded_lines": []}, "show_version": {"executed_lines": [], "summary": {"covered_lines": 0, "num_statements": 4, "percent_covered": 0.0, "percent_covered_display": "0", "missing_lines": 4, "excluded_lines": 0}, "missing_lines": [544, 545, 546, 547], "excluded_lines": []}, "main": {"executed_lines": [], "summary": {"covered_lines": 0, "num_statements": 12, "percent_covered": 0.0, "percent_covered_display": "0", "missing_lines": 12, "excluded_lines": 0}, "missing_lines": [553, 554, 557, 558, 559, 562, 565, 566, 567, 568, 570, 571], "excluded_lines": []}, "": {"executed_lines": [], "summary": {"covered_lines": 0, "num_statements": 24, "percent_covered": 0.0, "percent_covered_display": "0", "missing_lines": 24, "excluded_lines": 0}, "missing_lines": [8, 9, 10, 11, 12, 13, 16, 17, 18, 20, 21, 22, 23, 26, 179, 212, 236, 408, 420, 447, 542, 550, 574, 575], "excluded_lines": []}}, "classes": {"": {"executed_lines": [], "summary": {"covered_lines": 0, "num_statements": 237, "percent_covered": 0.0, "percent_covered_display": "0", "missing_lines": 237, "excluded_lines": 0}, "missing_lines": [8, 9, 10, 11, 12, 13, 16, 17, 18, 20, 21, 22, 23, 26, 29, 56, 59, 82, 83, 90, 95, 102, 110, 117, 125, 131, 136, 141, 147, 155, 158, 161, 164, 167, 174, 176, 179, 182, 184, 185, 186, 189, 190, 194, 197, 198, 201, 204, 205, 212, 215, 217, 218, 219, 220, 223, 226, 227, 233, 236, 239, 240, 242, 243, 244, 245, 247, 250, 251, 252, 254, 256, 258, 259, 263, 265, 267, 268, 269, 272, 274, 275, 276, 278, 279, 280, 282, 283, 286, 287, 289, 290, 291, 292, 294, 295, 296, 299, 301, 302, 303, 305, 306, 307, 308, 309, 314, 317, 322, 324, 326, 328, 330, 333, 334, 335, 342, 345, 346, 347, 348, 349, 356, 359, 360, 361, 362, 363, 365, 366, 367, 370, 371, 372, 374, 375, 376, 378, 379, 382, 383, 384, 385, 387, 405, 408, 411, 412, 413, 414, 415, 420, 423, 424, 425, 427, 428, 429, 430, 431, 432, 433, 434, 438, 439, 440, 441, 442, 444, 447, 451, 462, 463, 464, 466, 468, 469, 471, 472, 473, 476, 477, 479, 481, 482, 484, 485, 486, 487, 489, 491, 499, 501, 502, 503, 505, 506, 509, 510, 512, 514, 518, 520, 521, 522, 525, 526, 527, 528, 531, 532, 534, 535, 536, 537, 538, 539, 542, 544, 545, 546, 547, 550, 553, 554, 557, 558, 559, 562, 565, 566, 567, 568, 570, 571, 574, 575], "excluded_lines": []}}}, "src\\addrnorm\\explainer\\__init__.py": {"executed_lines": [], "summary": {"covered_lines": 0, "num_statements": 2, "percent_covered": 0.0, "percent_covered_display": "0", "missing_lines": 2, "excluded_lines": 0}, "missing_lines": [10, 12], "excluded_lines": [], "functions": {"": {"executed_lines": [], "summary": {"covered_lines": 0, "num_statements": 2, "percent_covered": 0.0, "percent_covered_display": "0", "missing_lines": 2, "excluded_lines": 0}, "missing_lines": [10, 12], "excluded_lines": []}}, "classes": {"": {"executed_lines": [], "summary": {"covered_lines": 0, "num_statements": 2, "percent_covered": 0.0, "percent_covered_display": "0", "missing_lines": 2, "excluded_lines": 0}, "missing_lines": [10, 12], "excluded_lines": []}}}, "src\\addrnorm\\explainer\\rules.py": {"executed_lines": [], "summary": {"covered_lines": 0, "num_statements": 117, "percent_covered": 0.0, "percent_covered_display": "0", "missing_lines": 117, "excluded_lines": 0}, "missing_lines": [7, 8, 9, 12, 13, 16, 17, 18, 19, 20, 23, 26, 29, 49, 65, 67, 72, 73, 75, 78, 89, 90, 93, 94, 97, 98, 100, 101, 102, 103, 104, 106, 107, 109, 112, 115, 117, 120, 180, 226, 228, 229, 232, 235, 238, 240, 242, 249, 250, 251, 254, 255, 257, 258, 259, 260, 261, 263, 264, 267, 268, 270, 273, 274, 275, 276, 278, 280, 281, 283, 285, 289, 292, 293, 297, 298, 301, 302, 305, 306, 307, 308, 310, 313, 331, 332, 334, 335, 337, 338, 341, 343, 344, 347, 349, 358, 360, 361, 362, 363, 364, 365, 368, 370, 382, 383, 385, 386, 387, 388, 389, 390, 391, 393, 394, 397, 398], "excluded_lines": [], "functions": {"TurkishSuffixProcessor.__init__": {"executed_lines": [], "summary": {"covered_lines": 0, "num_statements": 3, "percent_covered": 0.0, "percent_covered_display": "0", "missing_lines": 3, "excluded_lines": 0}, "missing_lines": [29, 49, 65], "excluded_lines": []}, "TurkishSuffixProcessor.strip_suffixes": {"executed_lines": [], "summary": {"covered_lines": 0, "num_statements": 18, "percent_covered": 0.0, "percent_covered_display": "0", "missing_lines": 18, "excluded_lines": 0}, "missing_lines": [72, 73, 75, 78, 89, 90, 93, 94, 97, 98, 100, 101, 102, 103, 104, 106, 107, 109], "excluded_lines": []}, "ExplanationParser.__init__": {"executed_lines": [], "summary": {"covered_lines": 0, "num_statements": 3, "percent_covered": 0.0, "percent_covered_display": "0", "missing_lines": 3, "excluded_lines": 0}, "missing_lines": [117, 120, 180], "excluded_lines": []}, "ExplanationParser._clean_text": {"executed_lines": [], "summary": {"covered_lines": 0, "num_statements": 6, "percent_covered": 0.0, "percent_covered_display": "0", "missing_lines": 6, "excluded_lines": 0}, "missing_lines": [228, 229, 232, 235, 238, 240], "excluded_lines": []}, "ExplanationParser._extract_relation_and_landmark": {"executed_lines": [], "summary": {"covered_lines": 0, "num_statements": 23, "percent_covered": 0.0, "percent_covered_display": "0", "missing_lines": 23, "excluded_lines": 0}, "missing_lines": [249, 250, 251, 254, 255, 257, 258, 259, 260, 261, 263, 264, 267, 268, 270, 273, 274, 275, 276, 278, 280, 281, 283], "excluded_lines": []}, "ExplanationParser._calculate_confidence": {"executed_lines": [], "summary": {"covered_lines": 0, "num_statements": 12, "percent_covered": 0.0, "percent_covered_display": "0", "missing_lines": 12, "excluded_lines": 0}, "missing_lines": [289, 292, 293, 297, 298, 301, 302, 305, 306, 307, 308, 310], "excluded_lines": []}, "parse_explanation": {"executed_lines": [], "summary": {"covered_lines": 0, "num_statements": 11, "percent_covered": 0.0, "percent_covered_display": "0", "missing_lines": 11, "excluded_lines": 0}, "missing_lines": [331, 332, 334, 335, 337, 338, 341, 343, 344, 347, 349], "excluded_lines": []}, "load_test_explanations": {"executed_lines": [], "summary": {"covered_lines": 0, "num_statements": 6, "percent_covered": 0.0, "percent_covered_display": "0", "missing_lines": 6, "excluded_lines": 0}, "missing_lines": [360, 361, 362, 363, 364, 365], "excluded_lines": []}, "main": {"executed_lines": [], "summary": {"covered_lines": 0, "num_statements": 12, "percent_covered": 0.0, "percent_covered_display": "0", "missing_lines": 12, "excluded_lines": 0}, "missing_lines": [370, 382, 383, 385, 386, 387, 388, 389, 390, 391, 393, 394], "excluded_lines": []}, "": {"executed_lines": [], "summary": {"covered_lines": 0, "num_statements": 23, "percent_covered": 0.0, "percent_covered_display": "0", "missing_lines": 23, "excluded_lines": 0}, "missing_lines": [7, 8, 9, 12, 13, 16, 17, 18, 19, 20, 23, 26, 67, 112, 115, 226, 242, 285, 313, 358, 368, 397, 398], "excluded_lines": []}}, "classes": {"ExplanationResult": {"executed_lines": [], "summary": {"covered_lines": 0, "num_statements": 0, "percent_covered": 100.0, "percent_covered_display": "100", "missing_lines": 0, "excluded_lines": 0}, "missing_lines": [], "excluded_lines": []}, "TurkishSuffixProcessor": {"executed_lines": [], "summary": {"covered_lines": 0, "num_statements": 21, "percent_covered": 0.0, "percent_covered_display": "0", "missing_lines": 21, "excluded_lines": 0}, "missing_lines": [29, 49, 65, 72, 73, 75, 78, 89, 90, 93, 94, 97, 98, 100, 101, 102, 103, 104, 106, 107, 109], "excluded_lines": []}, "ExplanationParser": {"executed_lines": [], "summary": {"covered_lines": 0, "num_statements": 44, "percent_covered": 0.0, "percent_covered_display": "0", "missing_lines": 44, "excluded_lines": 0}, "missing_lines": [117, 120, 180, 228, 229, 232, 235, 238, 240, 249, 250, 251, 254, 255, 257, 258, 259, 260, 261, 263, 264, 267, 268, 270, 273, 274, 275, 276, 278, 280, 281, 283, 289, 292, 293, 297, 298, 301, 302, 305, 306, 307, 308, 310], "excluded_lines": []}, "": {"executed_lines": [], "summary": {"covered_lines": 0, "num_statements": 52, "percent_covered": 0.0, "percent_covered_display": "0", "missing_lines": 52, "excluded_lines": 0}, "missing_lines": [7, 8, 9, 12, 13, 16, 17, 18, 19, 20, 23, 26, 67, 112, 115, 226, 242, 285, 313, 331, 332, 334, 335, 337, 338, 341, 343, 344, 347, 349, 358, 360, 361, 362, 363, 364, 365, 368, 370, 382, 383, 385, 386, 387, 388, 389, 390, 391, 393, 394, 397, 398], "excluded_lines": []}}}, "src\\addrnorm\\fallback\\__init__.py": {"executed_lines": [1, 14, 19, 21], "summary": {"covered_lines": 3, "num_statements": 3, "percent_covered": 100.0, "percent_covered_display": "100", "missing_lines": 0, "excluded_lines": 0}, "missing_lines": [], "excluded_lines": [], "functions": {"": {"executed_lines": [1, 14, 19, 21], "summary": {"covered_lines": 3, "num_statements": 3, "percent_covered": 100.0, "percent_covered_display": "100", "missing_lines": 0, "excluded_lines": 0}, "missing_lines": [], "excluded_lines": []}}, "classes": {"": {"executed_lines": [1, 14, 19, 21], "summary": {"covered_lines": 3, "num_statements": 3, "percent_covered": 100.0, "percent_covered_display": "100", "missing_lines": 0, "excluded_lines": 0}, "missing_lines": [], "excluded_lines": []}}}, "src\\addrnorm\\fallback\\apply.py": {"executed_lines": [1, 6, 8, 9, 12, 13, 18, 19, 21, 34, 37, 42, 47, 48, 53, 62, 75, 78, 93, 99, 100, 101, 102, 103, 106, 107, 108, 109, 110, 112, 114, 117, 118, 121, 123, 126, 128, 136, 139, 142, 145, 146, 147, 148, 152, 153, 155, 156, 159, 161, 163, 175, 180, 183, 190, 191, 192, 194, 196, 200, 214, 216, 217, 218, 221, 224, 225, 227, 228, 229, 230, 231, 232, 233, 234, 235, 237, 240, 241, 243, 245, 272, 274, 278, 291, 292], "summary": {"covered_lines": 84, "num_statements": 89, "percent_covered": 94.38202247191012, "percent_covered_display": "94", "missing_lines": 5, "excluded_lines": 0}, "missing_lines": [94, 95, 96, 248, 250], "excluded_lines": [], "functions": {"FallbackNormalizer.__init__": {"executed_lines": [19], "summary": {"covered_lines": 1, "num_statements": 1, "percent_covered": 100.0, "percent_covered_display": "100", "missing_lines": 0, "excluded_lines": 0}, "missing_lines": [], "excluded_lines": []}, "FallbackNormalizer.normalize": {"executed_lines": [34, 37, 42, 47, 48, 53], "summary": {"covered_lines": 6, "num_statements": 6, "percent_covered": 100.0, "percent_covered_display": "100", "missing_lines": 0, "excluded_lines": 0}, "missing_lines": [], "excluded_lines": []}, "FallbackNormalizer._merge_components": {"executed_lines": [75, 78, 93, 99, 100, 101, 102, 103, 106, 107, 108, 109, 110, 112], "summary": {"covered_lines": 14, "num_statements": 17, "percent_covered": 82.3529411764706, "percent_covered_display": "82", "missing_lines": 3, "excluded_lines": 0}, "missing_lines": [94, 95, 96], "excluded_lines": []}, "FallbackNormalizer._calculate_confidence": {"executed_lines": [117, 118, 121, 123, 126], "summary": {"covered_lines": 5, "num_statements": 5, "percent_covered": 100.0, "percent_covered_display": "100", "missing_lines": 0, "excluded_lines": 0}, "missing_lines": [], "excluded_lines": []}, "FallbackNormalizer._collect_warnings": {"executed_lines": [136, 139, 142, 145, 146, 147, 148, 152, 153, 155, 156, 159, 161], "summary": {"covered_lines": 13, "num_statements": 13, "percent_covered": 100.0, "percent_covered_display": "100", "missing_lines": 0, "excluded_lines": 0}, "missing_lines": [], "excluded_lines": []}, "FallbackNormalizer._build_address_out": {"executed_lines": [175, 180, 183, 190, 191, 192, 194], "summary": {"covered_lines": 7, "num_statements": 7, "percent_covered": 100.0, "percent_covered_display": "100", "missing_lines": 0, "excluded_lines": 0}, "missing_lines": [], "excluded_lines": []}, "FallbackNormalizer._build_normalized_string": {"executed_lines": [200, 214, 216, 217, 218, 221, 224, 225, 227, 228, 229, 230, 231, 232, 233, 234, 235, 237, 240, 241, 243], "summary": {"covered_lines": 21, "num_statements": 21, "percent_covered": 100.0, "percent_covered_display": "100", "missing_lines": 0, "excluded_lines": 0}, "missing_lines": [], "excluded_lines": []}, "FallbackNormalizer.get_stats": {"executed_lines": [], "summary": {"covered_lines": 0, "num_statements": 2, "percent_covered": 0.0, "percent_covered_display": "0", "missing_lines": 2, "excluded_lines": 0}, "missing_lines": [248, 250], "excluded_lines": []}, "create_fallback_normalizer": {"executed_lines": [274], "summary": {"covered_lines": 1, "num_statements": 1, "percent_covered": 100.0, "percent_covered_display": "100", "missing_lines": 0, "excluded_lines": 0}, "missing_lines": [], "excluded_lines": []}, "normalize_address_fallback": {"executed_lines": [291, 292], "summary": {"covered_lines": 2, "num_statements": 2, "percent_covered": 100.0, "percent_covered_display": "100", "missing_lines": 0, "excluded_lines": 0}, "missing_lines": [], "excluded_lines": []}, "": {"executed_lines": [1, 6, 8, 9, 12, 13, 18, 21, 62, 114, 128, 163, 196, 245, 272, 278], "summary": {"covered_lines": 14, "num_statements": 14, "percent_covered": 100.0, "percent_covered_display": "100", "missing_lines": 0, "excluded_lines": 0}, "missing_lines": [], "excluded_lines": []}}, "classes": {"FallbackNormalizer": {"executed_lines": [19, 34, 37, 42, 47, 48, 53, 75, 78, 93, 99, 100, 101, 102, 103, 106, 107, 108, 109, 110, 112, 117, 118, 121, 123, 126, 136, 139, 142, 145, 146, 147, 148, 152, 153, 155, 156, 159, 161, 175, 180, 183, 190, 191, 192, 194, 200, 214, 216, 217, 218, 221, 224, 225, 227, 228, 229, 230, 231, 232, 233, 234, 235, 237, 240, 241, 243], "summary": {"covered_lines": 67, "num_statements": 72, "percent_covered": 93.05555555555556, "percent_covered_display": "93", "missing_lines": 5, "excluded_lines": 0}, "missing_lines": [94, 95, 96, 248, 250], "excluded_lines": []}, "": {"executed_lines": [1, 6, 8, 9, 12, 13, 18, 21, 62, 114, 128, 163, 196, 245, 272, 274, 278, 291, 292], "summary": {"covered_lines": 17, "num_statements": 17, "percent_covered": 100.0, "percent_covered_display": "100", "missing_lines": 0, "excluded_lines": 0}, "missing_lines": [], "excluded_lines": []}}}, "src\\addrnorm\\fallback\\rules.py": {"executed_lines": [1, 6, 7, 8, 11, 12, 13, 15, 16, 17, 18, 19, 22, 23, 25, 26, 27, 29, 33, 51, 69, 94, 126, 144, 162, 179, 183, 224, 278, 288, 305, 316, 324, 327, 335, 336, 338, 339, 340, 342, 343, 349, 351, 353, 354, 356, 365, 375, 376, 379, 380, 383, 385, 387, 402, 405, 413, 416, 417, 418, 419, 420, 423, 426, 427, 428, 429, 430, 433, 436, 438, 439, 441, 442, 443, 444, 448, 450, 451, 454, 457, 460, 461, 462, 463, 464, 467, 469, 471, 475, 478, 481, 483, 485, 490, 492, 493, 495, 496, 498, 500], "summary": {"covered_lines": 98, "num_statements": 100, "percent_covered": 98.0, "percent_covered_display": "98", "missing_lines": 2, "excluded_lines": 0}, "missing_lines": [403, 503], "excluded_lines": [], "functions": {"TurkishAddressRules.__init__": {"executed_lines": [26, 27], "summary": {"covered_lines": 2, "num_statements": 2, "percent_covered": 100.0, "percent_covered_display": "100", "missing_lines": 0, "excluded_lines": 0}, "missing_lines": [], "excluded_lines": []}, "TurkishAddressRules._compile_rules": {"executed_lines": [33, 51, 69, 94, 126, 144, 162], "summary": {"covered_lines": 7, "num_statements": 7, "percent_covered": 100.0, "percent_covered_display": "100", "missing_lines": 0, "excluded_lines": 0}, "missing_lines": [], "excluded_lines": []}, "TurkishAddressRules._compile_field_keywords": {"executed_lines": [183, 224, 278, 288], "summary": {"covered_lines": 4, "num_statements": 4, "percent_covered": 100.0, "percent_covered_display": "100", "missing_lines": 0, "excluded_lines": 0}, "missing_lines": [], "excluded_lines": []}, "TurkishAddressRules.normalize_patterns": {"executed_lines": [316, 324, 327, 335, 336, 338, 339, 340, 342, 343, 349, 351, 353, 354, 356, 365, 375, 376, 379, 380, 383, 385], "summary": {"covered_lines": 22, "num_statements": 22, "percent_covered": 100.0, "percent_covered_display": "100", "missing_lines": 0, "excluded_lines": 0}, "missing_lines": [], "excluded_lines": []}, "TurkishAddressRules.apply_heuristics": {"executed_lines": [402, 405, 413, 416, 417, 418, 419, 420, 423, 426, 427, 428, 429, 430, 433, 436, 438, 439, 441, 442, 443, 444, 448, 450, 451, 454, 457, 460, 461, 462, 463, 464, 467, 469], "summary": {"covered_lines": 34, "num_statements": 35, "percent_covered": 97.14285714285714, "percent_covered_display": "97", "missing_lines": 1, "excluded_lines": 0}, "missing_lines": [403], "excluded_lines": []}, "TurkishAddressRules._clean_text": {"executed_lines": [475, 478, 481, 483], "summary": {"covered_lines": 4, "num_statements": 4, "percent_covered": 100.0, "percent_covered_display": "100", "missing_lines": 0, "excluded_lines": 0}, "missing_lines": [], "excluded_lines": []}, "TurkishAddressRules._select_best_components": {"executed_lines": [490, 492, 493, 495, 496, 498], "summary": {"covered_lines": 6, "num_statements": 6, "percent_covered": 100.0, "percent_covered_display": "100", "missing_lines": 0, "excluded_lines": 0}, "missing_lines": [], "excluded_lines": []}, "TurkishAddressRules.get_pattern_stats": {"executed_lines": [], "summary": {"covered_lines": 0, "num_statements": 1, "percent_covered": 0.0, "percent_covered_display": "0", "missing_lines": 1, "excluded_lines": 0}, "missing_lines": [503], "excluded_lines": []}, "": {"executed_lines": [1, 6, 7, 8, 11, 12, 13, 15, 16, 17, 18, 19, 22, 23, 25, 29, 179, 305, 387, 471, 485, 500], "summary": {"covered_lines": 19, "num_statements": 19, "percent_covered": 100.0, "percent_covered_display": "100", "missing_lines": 0, "excluded_lines": 0}, "missing_lines": [], "excluded_lines": []}}, "classes": {"NormalizationRule": {"executed_lines": [], "summary": {"covered_lines": 0, "num_statements": 0, "percent_covered": 100.0, "percent_covered_display": "100", "missing_lines": 0, "excluded_lines": 0}, "missing_lines": [], "excluded_lines": []}, "TurkishAddressRules": {"executed_lines": [26, 27, 33, 51, 69, 94, 126, 144, 162, 183, 224, 278, 288, 316, 324, 327, 335, 336, 338, 339, 340, 342, 343, 349, 351, 353, 354, 356, 365, 375, 376, 379, 380, 383, 385, 402, 405, 413, 416, 417, 418, 419, 420, 423, 426, 427, 428, 429, 430, 433, 436, 438, 439, 441, 442, 443, 444, 448, 450, 451, 454, 457, 460, 461, 462, 463, 464, 467, 469, 475, 478, 481, 483, 490, 492, 493, 495, 496, 498], "summary": {"covered_lines": 79, "num_statements": 81, "percent_covered": 97.53086419753086, "percent_covered_display": "98", "missing_lines": 2, "excluded_lines": 0}, "missing_lines": [403, 503], "excluded_lines": []}, "": {"executed_lines": [1, 6, 7, 8, 11, 12, 13, 15, 16, 17, 18, 19, 22, 23, 25, 29, 179, 305, 387, 471, 485, 500], "summary": {"covered_lines": 19, "num_statements": 19, "percent_covered": 100.0, "percent_covered_display": "100", "missing_lines": 0, "excluded_lines": 0}, "missing_lines": [], "excluded_lines": []}}}, "src\\addrnorm\\ml\\__init__.py": {"executed_lines": [1, 7, 13, 15], "summary": {"covered_lines": 3, "num_statements": 3, "percent_covered": 100.0, "percent_covered_display": "100", "missing_lines": 0, "excluded_lines": 0}, "missing_lines": [], "excluded_lines": [], "functions": {"": {"executed_lines": [1, 7, 13, 15], "summary": {"covered_lines": 3, "num_statements": 3, "percent_covered": 100.0, "percent_covered_display": "100", "missing_lines": 0, "excluded_lines": 0}, "missing_lines": [], "excluded_lines": []}}, "classes": {"": {"executed_lines": [1, 7, 13, 15], "summary": {"covered_lines": 3, "num_statements": 3, "percent_covered": 100.0, "percent_covered_display": "100", "missing_lines": 0, "excluded_lines": 0}, "missing_lines": [], "excluded_lines": []}}}, "src\\addrnorm\\ml\\infer.py": {"executed_lines": [1, 8, 9, 10, 13, 14, 15, 17, 18, 20, 22, 27, 28, 30, 38, 39, 40, 41, 44, 46, 48, 52, 55, 56, 61, 62, 66, 67, 68, 70, 72, 74, 84, 85, 130, 218, 248, 257, 269, 272, 284, 306], "summary": {"covered_lines": 40, "num_statements": 112, "percent_covered": 35.714285714285715, "percent_covered_display": "36", "missing_lines": 72, "excluded_lines": 0}, "missing_lines": [23, 24, 49, 50, 53, 57, 58, 59, 63, 64, 65, 92, 94, 95, 98, 101, 102, 103, 113, 122, 123, 147, 156, 157, 159, 161, 169, 172, 173, 175, 177, 181, 194, 195, 206, 207, 216, 220, 222, 223, 224, 227, 228, 229, 230, 231, 232, 233, 234, 235, 236, 237, 238, 239, 240, 241, 242, 243, 244, 246, 250, 251, 254, 255, 259, 278, 279, 281, 302, 303, 308, 309], "excluded_lines": [], "functions": {"MLAddressNormalizer.__init__": {"executed_lines": [38, 39, 40, 41, 44], "summary": {"covered_lines": 5, "num_statements": 5, "percent_covered": 100.0, "percent_covered_display": "100", "missing_lines": 0, "excluded_lines": 0}, "missing_lines": [], "excluded_lines": []}, "MLAddressNormalizer._load_model": {"executed_lines": [48, 52, 55, 56, 61, 62, 66, 67, 68], "summary": {"covered_lines": 9, "num_statements": 18, "percent_covered": 50.0, "percent_covered_display": "50", "missing_lines": 9, "excluded_lines": 0}, "missing_lines": [49, 50, 53, 57, 58, 59, 63, 64, 65], "excluded_lines": []}, "MLAddressNormalizer.is_available": {"executed_lines": [72], "summary": {"covered_lines": 1, "num_statements": 1, "percent_covered": 100.0, "percent_covered_display": "100", "missing_lines": 0, "excluded_lines": 0}, "missing_lines": [], "excluded_lines": []}, "MLAddressNormalizer.extract_entities_ml": {"executed_lines": [84, 85], "summary": {"covered_lines": 2, "num_statements": 12, "percent_covered": 16.666666666666668, "percent_covered_display": "17", "missing_lines": 10, "excluded_lines": 0}, "missing_lines": [92, 94, 95, 98, 101, 102, 103, 113, 122, 123], "excluded_lines": []}, "MLAddressNormalizer.normalize_with_ml_fallback": {"executed_lines": [], "summary": {"covered_lines": 0, "num_statements": 16, "percent_covered": 0.0, "percent_covered_display": "0", "missing_lines": 16, "excluded_lines": 0}, "missing_lines": [147, 156, 157, 159, 161, 169, 172, 173, 175, 177, 181, 194, 195, 206, 207, 216], "excluded_lines": []}, "MLAddressNormalizer._convert_ml_entities_to_normalized": {"executed_lines": [], "summary": {"covered_lines": 0, "num_statements": 23, "percent_covered": 0.0, "percent_covered_display": "0", "missing_lines": 23, "excluded_lines": 0}, "missing_lines": [220, 222, 223, 224, 227, 228, 229, 230, 231, 232, 233, 234, 235, 236, 237, 238, 239, 240, 241, 242, 243, 244, 246], "excluded_lines": []}, "MLAddressNormalizer._calculate_ml_confidence": {"executed_lines": [], "summary": {"covered_lines": 0, "num_statements": 4, "percent_covered": 0.0, "percent_covered_display": "0", "missing_lines": 4, "excluded_lines": 0}, "missing_lines": [250, 251, 254, 255], "excluded_lines": []}, "MLAddressNormalizer.get_stats": {"executed_lines": [], "summary": {"covered_lines": 0, "num_statements": 1, "percent_covered": 0.0, "percent_covered_display": "0", "missing_lines": 1, "excluded_lines": 0}, "missing_lines": [259], "excluded_lines": []}, "get_ml_normalizer": {"executed_lines": [], "summary": {"covered_lines": 0, "num_statements": 3, "percent_covered": 0.0, "percent_covered_display": "0", "missing_lines": 3, "excluded_lines": 0}, "missing_lines": [278, 279, 281], "excluded_lines": []}, "normalize_with_ml_fallback": {"executed_lines": [], "summary": {"covered_lines": 0, "num_statements": 2, "percent_covered": 0.0, "percent_covered_display": "0", "missing_lines": 2, "excluded_lines": 0}, "missing_lines": [302, 303], "excluded_lines": []}, "is_ml_available": {"executed_lines": [], "summary": {"covered_lines": 0, "num_statements": 2, "percent_covered": 0.0, "percent_covered_display": "0", "missing_lines": 2, "excluded_lines": 0}, "missing_lines": [308, 309], "excluded_lines": []}, "": {"executed_lines": [1, 8, 9, 10, 13, 14, 15, 17, 18, 20, 22, 27, 28, 30, 46, 70, 74, 130, 218, 248, 257, 269, 272, 284, 306], "summary": {"covered_lines": 23, "num_statements": 25, "percent_covered": 92.0, "percent_covered_display": "92", "missing_lines": 2, "excluded_lines": 0}, "missing_lines": [23, 24], "excluded_lines": []}}, "classes": {"MLAddressNormalizer": {"executed_lines": [38, 39, 40, 41, 44, 48, 52, 55, 56, 61, 62, 66, 67, 68, 72, 84, 85], "summary": {"covered_lines": 17, "num_statements": 80, "percent_covered": 21.25, "percent_covered_display": "21", "missing_lines": 63, "excluded_lines": 0}, "missing_lines": [49, 50, 53, 57, 58, 59, 63, 64, 65, 92, 94, 95, 98, 101, 102, 103, 113, 122, 123, 147, 156, 157, 159, 161, 169, 172, 173, 175, 177, 181, 194, 195, 206, 207, 216, 220, 222, 223, 224, 227, 228, 229, 230, 231, 232, 233, 234, 235, 236, 237, 238, 239, 240, 241, 242, 243, 244, 246, 250, 251, 254, 255, 259], "excluded_lines": []}, "": {"executed_lines": [1, 8, 9, 10, 13, 14, 15, 17, 18, 20, 22, 27, 28, 30, 46, 70, 74, 130, 218, 248, 257, 269, 272, 284, 306], "summary": {"covered_lines": 23, "num_statements": 32, "percent_covered": 71.875, "percent_covered_display": "72", "missing_lines": 9, "excluded_lines": 0}, "missing_lines": [23, 24, 278, 279, 281, 302, 303, 308, 309], "excluded_lines": []}}}, "src\\addrnorm\\ml\\ner_baseline.py": {"executed_lines": [1, 8, 9, 10, 12, 13, 14, 17, 18, 20, 49, 70, 75, 81, 129, 166, 170, 224, 267, 291, 299, 351], "summary": {"covered_lines": 20, "num_statements": 132, "percent_covered": 15.151515151515152, "percent_covered_display": "15", "missing_lines": 112, "excluded_lines": 0}, "missing_lines": [27, 28, 29, 44, 45, 47, 52, 53, 54, 56, 59, 60, 62, 65, 66, 68, 72, 73, 77, 78, 79, 97, 98, 101, 102, 103, 104, 105, 108, 111, 113, 115, 116, 119, 121, 122, 124, 125, 127, 139, 140, 142, 144, 145, 146, 160, 168, 180, 181, 183, 184, 185, 187, 189, 190, 193, 196, 199, 202, 203, 204, 207, 208, 209, 215, 234, 237, 240, 241, 242, 245, 246, 247, 248, 249, 252, 253, 254, 257, 260, 261, 262, 264, 277, 279, 280, 281, 282, 283, 284, 285, 286, 288, 293, 294, 295, 296, 302, 330, 332, 333, 336, 337, 339, 340, 341, 342, 345, 346, 347, 348, 352], "excluded_lines": [], "functions": {"TurkishAddressNER.__init__": {"executed_lines": [], "summary": {"covered_lines": 0, "num_statements": 6, "percent_covered": 0.0, "percent_covered_display": "0", "missing_lines": 6, "excluded_lines": 0}, "missing_lines": [27, 28, 29, 44, 45, 47], "excluded_lines": []}, "TurkishAddressNER.create_blank_model": {"executed_lines": [], "summary": {"covered_lines": 0, "num_statements": 10, "percent_covered": 0.0, "percent_covered_display": "0", "missing_lines": 10, "excluded_lines": 0}, "missing_lines": [52, 53, 54, 56, 59, 60, 62, 65, 66, 68], "excluded_lines": []}, "TurkishAddressNER.load_model": {"executed_lines": [], "summary": {"covered_lines": 0, "num_statements": 2, "percent_covered": 0.0, "percent_covered_display": "0", "missing_lines": 2, "excluded_lines": 0}, "missing_lines": [72, 73], "excluded_lines": []}, "TurkishAddressNER.save_model": {"executed_lines": [], "summary": {"covered_lines": 0, "num_statements": 3, "percent_covered": 0.0, "percent_covered_display": "0", "missing_lines": 3, "excluded_lines": 0}, "missing_lines": [77, 78, 79], "excluded_lines": []}, "TurkishAddressNER.train": {"executed_lines": [], "summary": {"covered_lines": 0, "num_statements": 18, "percent_covered": 0.0, "percent_covered_display": "0", "missing_lines": 18, "excluded_lines": 0}, "missing_lines": [97, 98, 101, 102, 103, 104, 105, 108, 111, 113, 115, 116, 119, 121, 122, 124, 125, 127], "excluded_lines": []}, "TurkishAddressNER.predict": {"executed_lines": [], "summary": {"covered_lines": 0, "num_statements": 7, "percent_covered": 0.0, "percent_covered_display": "0", "missing_lines": 7, "excluded_lines": 0}, "missing_lines": [139, 140, 142, 144, 145, 146, 160], "excluded_lines": []}, "TurkishAddressNER.predict_batch": {"executed_lines": [], "summary": {"covered_lines": 0, "num_statements": 1, "percent_covered": 0.0, "percent_covered_display": "0", "missing_lines": 1, "excluded_lines": 0}, "missing_lines": [168], "excluded_lines": []}, "TurkishAddressNER.evaluate": {"executed_lines": [], "summary": {"covered_lines": 0, "num_statements": 18, "percent_covered": 0.0, "percent_covered_display": "0", "missing_lines": 18, "excluded_lines": 0}, "missing_lines": [180, 181, 183, 184, 185, 187, 189, 190, 193, 196, 199, 202, 203, 204, 207, 208, 209, 215], "excluded_lines": []}, "TurkishAddressNER.format_bio_output": {"executed_lines": [], "summary": {"covered_lines": 0, "num_statements": 18, "percent_covered": 0.0, "percent_covered_display": "0", "missing_lines": 18, "excluded_lines": 0}, "missing_lines": [234, 237, 240, 241, 242, 245, 246, 247, 248, 249, 252, 253, 254, 257, 260, 261, 262, 264], "excluded_lines": []}, "load_training_data": {"executed_lines": [], "summary": {"covered_lines": 0, "num_statements": 10, "percent_covered": 0.0, "percent_covered_display": "0", "missing_lines": 10, "excluded_lines": 0}, "missing_lines": [277, 279, 280, 281, 282, 283, 284, 285, 286, 288], "excluded_lines": []}, "save_training_data": {"executed_lines": [], "summary": {"covered_lines": 0, "num_statements": 4, "percent_covered": 0.0, "percent_covered_display": "0", "missing_lines": 4, "excluded_lines": 0}, "missing_lines": [293, 294, 295, 296], "excluded_lines": []}, "main": {"executed_lines": [], "summary": {"covered_lines": 0, "num_statements": 14, "percent_covered": 0.0, "percent_covered_display": "0", "missing_lines": 14, "excluded_lines": 0}, "missing_lines": [302, 330, 332, 333, 336, 337, 339, 340, 341, 342, 345, 346, 347, 348], "excluded_lines": []}, "": {"executed_lines": [1, 8, 9, 10, 12, 13, 14, 17, 18, 20, 49, 70, 75, 81, 129, 166, 170, 224, 267, 291, 299, 351], "summary": {"covered_lines": 20, "num_statements": 21, "percent_covered": 95.23809523809524, "percent_covered_display": "95", "missing_lines": 1, "excluded_lines": 0}, "missing_lines": [352], "excluded_lines": []}}, "classes": {"TurkishAddressNER": {"executed_lines": [], "summary": {"covered_lines": 0, "num_statements": 83, "percent_covered": 0.0, "percent_covered_display": "0", "missing_lines": 83, "excluded_lines": 0}, "missing_lines": [27, 28, 29, 44, 45, 47, 52, 53, 54, 56, 59, 60, 62, 65, 66, 68, 72, 73, 77, 78, 79, 97, 98, 101, 102, 103, 104, 105, 108, 111, 113, 115, 116, 119, 121, 122, 124, 125, 127, 139, 140, 142, 144, 145, 146, 160, 168, 180, 181, 183, 184, 185, 187, 189, 190, 193, 196, 199, 202, 203, 204, 207, 208, 209, 215, 234, 237, 240, 241, 242, 245, 246, 247, 248, 249, 252, 253, 254, 257, 260, 261, 262, 264], "excluded_lines": []}, "": {"executed_lines": [1, 8, 9, 10, 12, 13, 14, 17, 18, 20, 49, 70, 75, 81, 129, 166, 170, 224, 267, 291, 299, 351], "summary": {"covered_lines": 20, "num_statements": 49, "percent_covered": 40.816326530612244, "percent_covered_display": "41", "missing_lines": 29, "excluded_lines": 0}, "missing_lines": [277, 279, 280, 281, 282, 283, 284, 285, 286, 288, 293, 294, 295, 296, 302, 330, 332, 333, 336, 337, 339, 340, 341, 342, 345, 346, 347, 348, 352], "excluded_lines": []}}}, "src\\addrnorm\\patterns\\__init__.py": {"executed_lines": [1, 30, 31, 32, 34], "summary": {"covered_lines": 4, "num_statements": 4, "percent_covered": 100.0, "percent_covered_display": "100", "missing_lines": 0, "excluded_lines": 0}, "missing_lines": [], "excluded_lines": [], "functions": {"": {"executed_lines": [1, 30, 31, 32, 34], "summary": {"covered_lines": 4, "num_statements": 4, "percent_covered": 100.0, "percent_covered_display": "100", "missing_lines": 0, "excluded_lines": 0}, "missing_lines": [], "excluded_lines": []}}, "classes": {"": {"executed_lines": [1, 30, 31, 32, 34], "summary": {"covered_lines": 4, "num_statements": 4, "percent_covered": 100.0, "percent_covered_display": "100", "missing_lines": 0, "excluded_lines": 0}, "missing_lines": [], "excluded_lines": []}}}, "src\\addrnorm\\patterns\\compiler.py": {"executed_lines": [1, 7, 8, 9, 10, 12, 15, 16, 17, 19, 20, 21, 22, 23, 26, 27, 28, 30, 31, 32, 33, 34, 35, 36, 38, 40, 45, 46, 48, 50, 52, 53, 56, 58, 59, 60, 61, 65, 67, 68, 69, 77, 79, 80, 82, 83, 84, 85, 94, 95, 96, 98, 100, 101, 102, 103, 104, 107, 108, 110, 120, 122, 123, 124, 127, 129, 130, 132, 135, 136, 137, 140, 142, 143, 146, 148, 149, 152, 153, 158, 161, 168, 171, 172, 174, 176, 178, 180, 183, 184, 187, 189, 191, 193, 195, 197, 199, 208, 216, 240], "summary": {"covered_lines": 96, "num_statements": 129, "percent_covered": 74.4186046511628, "percent_covered_display": "74", "missing_lines": 33, "excluded_lines": 0}, "missing_lines": [70, 71, 74, 75, 86, 87, 91, 201, 202, 203, 204, 205, 206, 210, 211, 212, 213, 218, 219, 221, 222, 224, 225, 226, 227, 228, 229, 230, 231, 232, 236, 237, 241], "excluded_lines": [], "functions": {"CompiledPattern.__post_init__": {"executed_lines": [40], "summary": {"covered_lines": 1, "num_statements": 1, "percent_covered": 100.0, "percent_covered_display": "100", "missing_lines": 0, "excluded_lines": 0}, "missing_lines": [], "excluded_lines": []}, "PatternCompiler.__init__": {"executed_lines": [50, 52, 53, 56, 58, 59, 60, 61], "summary": {"covered_lines": 8, "num_statements": 8, "percent_covered": 100.0, "percent_covered_display": "100", "missing_lines": 0, "excluded_lines": 0}, "missing_lines": [], "excluded_lines": []}, "PatternCompiler._load_config": {"executed_lines": [67, 68, 69], "summary": {"covered_lines": 3, "num_statements": 7, "percent_covered": 42.857142857142854, "percent_covered_display": "43", "missing_lines": 4, "excluded_lines": 0}, "missing_lines": [70, 71, 74, 75], "excluded_lines": []}, "PatternCompiler.compile_all_patterns": {"executed_lines": [79, 80, 82, 83, 84, 85, 94, 95, 96], "summary": {"covered_lines": 9, "num_statements": 12, "percent_covered": 75.0, "percent_covered_display": "75", "missing_lines": 3, "excluded_lines": 0}, "missing_lines": [86, 87, 91], "excluded_lines": []}, "PatternCompiler._compile_single_pattern": {"executed_lines": [100, 101, 102, 103, 104, 107, 108, 110], "summary": {"covered_lines": 8, "num_statements": 8, "percent_covered": 100.0, "percent_covered_display": "100", "missing_lines": 0, "excluded_lines": 0}, "missing_lines": [], "excluded_lines": []}, "PatternCompiler._parse_pattern": {"executed_lines": [122, 123, 124, 127, 129, 130, 132, 135, 136, 137, 140, 142, 143, 146, 148, 149, 152, 153, 158, 161, 168, 171, 172, 174, 176, 178, 180, 183, 184, 187, 189], "summary": {"covered_lines": 31, "num_statements": 31, "percent_covered": 100.0, "percent_covered_display": "100", "missing_lines": 0, "excluded_lines": 0}, "missing_lines": [], "excluded_lines": []}, "PatternCompiler.get_keywords": {"executed_lines": [193], "summary": {"covered_lines": 1, "num_statements": 1, "percent_covered": 100.0, "percent_covered_display": "100", "missing_lines": 0, "excluded_lines": 0}, "missing_lines": [], "excluded_lines": []}, "PatternCompiler.get_scoring_config": {"executed_lines": [197], "summary": {"covered_lines": 1, "num_statements": 1, "percent_covered": 100.0, "percent_covered_display": "100", "missing_lines": 0, "excluded_lines": 0}, "missing_lines": [], "excluded_lines": []}, "PatternCompiler.validate_pattern": {"executed_lines": [], "summary": {"covered_lines": 0, "num_statements": 6, "percent_covered": 0.0, "percent_covered_display": "0", "missing_lines": 6, "excluded_lines": 0}, "missing_lines": [201, 202, 203, 204, 205, 206], "excluded_lines": []}, "PatternCompiler.get_pattern_by_id": {"executed_lines": [], "summary": {"covered_lines": 0, "num_statements": 4, "percent_covered": 0.0, "percent_covered_display": "0", "missing_lines": 4, "excluded_lines": 0}, "missing_lines": [210, 211, 212, 213], "excluded_lines": []}, "main": {"executed_lines": [], "summary": {"covered_lines": 0, "num_statements": 15, "percent_covered": 0.0, "percent_covered_display": "0", "missing_lines": 15, "excluded_lines": 0}, "missing_lines": [218, 219, 221, 222, 224, 225, 226, 227, 228, 229, 230, 231, 232, 236, 237], "excluded_lines": []}, "": {"executed_lines": [1, 7, 8, 9, 10, 12, 15, 16, 17, 19, 20, 21, 22, 23, 26, 27, 28, 30, 31, 32, 33, 34, 35, 36, 38, 45, 46, 48, 65, 77, 98, 120, 191, 195, 199, 208, 216, 240], "summary": {"covered_lines": 34, "num_statements": 35, "percent_covered": 97.14285714285714, "percent_covered_display": "97", "missing_lines": 1, "excluded_lines": 0}, "missing_lines": [241], "excluded_lines": []}}, "classes": {"CompiledSlot": {"executed_lines": [], "summary": {"covered_lines": 0, "num_statements": 0, "percent_covered": 100.0, "percent_covered_display": "100", "missing_lines": 0, "excluded_lines": 0}, "missing_lines": [], "excluded_lines": []}, "CompiledPattern": {"executed_lines": [40], "summary": {"covered_lines": 1, "num_statements": 1, "percent_covered": 100.0, "percent_covered_display": "100", "missing_lines": 0, "excluded_lines": 0}, "missing_lines": [], "excluded_lines": []}, "PatternCompiler": {"executed_lines": [50, 52, 53, 56, 58, 59, 60, 61, 67, 68, 69, 79, 80, 82, 83, 84, 85, 94, 95, 96, 100, 101, 102, 103, 104, 107, 108, 110, 122, 123, 124, 127, 129, 130, 132, 135, 136, 137, 140, 142, 143, 146, 148, 149, 152, 153, 158, 161, 168, 171, 172, 174, 176, 178, 180, 183, 184, 187, 189, 193, 197], "summary": {"covered_lines": 61, "num_statements": 78, "percent_covered": 78.2051282051282, "percent_covered_display": "78", "missing_lines": 17, "excluded_lines": 0}, "missing_lines": [70, 71, 74, 75, 86, 87, 91, 201, 202, 203, 204, 205, 206, 210, 211, 212, 213], "excluded_lines": []}, "": {"executed_lines": [1, 7, 8, 9, 10, 12, 15, 16, 17, 19, 20, 21, 22, 23, 26, 27, 28, 30, 31, 32, 33, 34, 35, 36, 38, 45, 46, 48, 65, 77, 98, 120, 191, 195, 199, 208, 216, 240], "summary": {"covered_lines": 34, "num_statements": 50, "percent_covered": 68.0, "percent_covered_display": "68", "missing_lines": 16, "excluded_lines": 0}, "missing_lines": [218, 219, 221, 222, 224, 225, 226, 227, 228, 229, 230, 231, 232, 236, 237, 241], "excluded_lines": []}}}, "src\\addrnorm\\patterns\\matcher.py": {"executed_lines": [1, 7, 8, 10, 11, 14, 15, 16, 18, 19, 20, 21, 22, 23, 25, 32, 33, 35, 41, 42, 43, 44, 47, 50, 51, 52, 54, 65, 66, 68, 71, 72, 73, 75, 78, 79, 82, 84, 86, 91, 101, 105, 109, 114, 115, 116, 119, 120, 121, 122, 123, 126, 130, 139, 156, 159, 160, 169, 170, 173, 174, 182, 183, 191, 194, 197, 198, 201, 205, 207, 211, 214, 215, 217, 218, 219, 221, 223, 226, 227, 228, 229, 230, 231, 233, 235, 244, 246, 248, 249, 251, 254, 255, 257, 259, 262, 263, 266, 269, 270, 271, 273, 275, 279, 283, 284, 286, 290, 291, 293, 295, 296, 298, 301, 302, 303, 304, 305, 306, 307, 308, 309, 311, 313, 322, 325, 326, 329, 332, 336, 337, 338, 340, 342, 360, 399], "summary": {"covered_lines": 133, "num_statements": 168, "percent_covered": 79.16666666666667, "percent_covered_display": "79", "missing_lines": 35, "excluded_lines": 0}, "missing_lines": [26, 88, 89, 99, 103, 107, 212, 236, 238, 241, 242, 252, 280, 287, 299, 333, 344, 362, 364, 367, 375, 376, 378, 379, 382, 383, 384, 387, 389, 390, 391, 392, 394, 396, 400], "excluded_lines": [], "functions": {"MatchResult.__str__": {"executed_lines": [], "summary": {"covered_lines": 0, "num_statements": 1, "percent_covered": 0.0, "percent_covered_display": "0", "missing_lines": 1, "excluded_lines": 0}, "missing_lines": [26], "excluded_lines": []}, "PatternMatcher.__init__": {"executed_lines": [41, 42, 43, 44, 47, 50, 51, 52], "summary": {"covered_lines": 8, "num_statements": 8, "percent_covered": 100.0, "percent_covered_display": "100", "missing_lines": 0, "excluded_lines": 0}, "missing_lines": [], "excluded_lines": []}, "PatternMatcher.match_text": {"executed_lines": [65, 66, 68, 71, 72, 73, 75, 78, 79, 82, 84], "summary": {"covered_lines": 11, "num_statements": 11, "percent_covered": 100.0, "percent_covered_display": "100", "missing_lines": 0, "excluded_lines": 0}, "missing_lines": [], "excluded_lines": []}, "PatternMatcher.get_best_match": {"executed_lines": [], "summary": {"covered_lines": 0, "num_statements": 2, "percent_covered": 0.0, "percent_covered_display": "0", "missing_lines": 2, "excluded_lines": 0}, "missing_lines": [88, 89], "excluded_lines": []}, "PatternMatcher.provide_feedback": {"executed_lines": [], "summary": {"covered_lines": 0, "num_statements": 1, "percent_covered": 0.0, "percent_covered_display": "0", "missing_lines": 1, "excluded_lines": 0}, "missing_lines": [99], "excluded_lines": []}, "PatternMatcher.get_threshold_info": {"executed_lines": [], "summary": {"covered_lines": 0, "num_statements": 1, "percent_covered": 0.0, "percent_covered_display": "0", "missing_lines": 1, "excluded_lines": 0}, "missing_lines": [103], "excluded_lines": []}, "PatternMatcher.get_current_threshold": {"executed_lines": [], "summary": {"covered_lines": 0, "num_statements": 1, "percent_covered": 0.0, "percent_covered_display": "0", "missing_lines": 1, "excluded_lines": 0}, "missing_lines": [107], "excluded_lines": []}, "PatternMatcher._try_pattern": {"executed_lines": [114, 115, 116, 119, 120, 121, 122, 123, 126, 130], "summary": {"covered_lines": 10, "num_statements": 10, "percent_covered": 100.0, "percent_covered_display": "100", "missing_lines": 0, "excluded_lines": 0}, "missing_lines": [], "excluded_lines": []}, "PatternMatcher._calculate_confidence": {"executed_lines": [156, 159, 160, 169, 170, 173, 174, 182, 183, 191, 194, 197, 198, 201, 205], "summary": {"covered_lines": 15, "num_statements": 15, "percent_covered": 100.0, "percent_covered_display": "100", "missing_lines": 0, "excluded_lines": 0}, "missing_lines": [], "excluded_lines": []}, "PatternMatcher._calculate_slot_score": {"executed_lines": [211, 214, 215, 217, 218, 219, 221, 223, 226, 227, 228, 229, 230, 231, 233, 235, 244], "summary": {"covered_lines": 17, "num_statements": 22, "percent_covered": 77.27272727272727, "percent_covered_display": "77", "missing_lines": 5, "excluded_lines": 0}, "missing_lines": [212, 236, 238, 241, 242], "excluded_lines": []}, "PatternMatcher._calculate_token_overlap": {"executed_lines": [248, 249, 251, 254, 255], "summary": {"covered_lines": 5, "num_statements": 6, "percent_covered": 83.33333333333333, "percent_covered_display": "83", "missing_lines": 1, "excluded_lines": 0}, "missing_lines": [252], "excluded_lines": []}, "PatternMatcher._calculate_keyword_score": {"executed_lines": [259, 262, 263, 266, 269, 270, 271, 273], "summary": {"covered_lines": 8, "num_statements": 8, "percent_covered": 100.0, "percent_covered_display": "100", "missing_lines": 0, "excluded_lines": 0}, "missing_lines": [], "excluded_lines": []}, "PatternMatcher._calculate_edit_distance_score": {"executed_lines": [279, 283, 284, 286, 290, 291], "summary": {"covered_lines": 6, "num_statements": 8, "percent_covered": 75.0, "percent_covered_display": "75", "missing_lines": 2, "excluded_lines": 0}, "missing_lines": [280, 287], "excluded_lines": []}, "PatternMatcher._levenshtein_distance": {"executed_lines": [295, 296, 298, 301, 302, 303, 304, 305, 306, 307, 308, 309, 311], "summary": {"covered_lines": 13, "num_statements": 14, "percent_covered": 92.85714285714286, "percent_covered_display": "93", "missing_lines": 1, "excluded_lines": 0}, "missing_lines": [299], "excluded_lines": []}, "PatternMatcher._apply_penalties": {"executed_lines": [322, 325, 326, 329, 332, 336, 337, 338, 340], "summary": {"covered_lines": 9, "num_statements": 10, "percent_covered": 90.0, "percent_covered_display": "90", "missing_lines": 1, "excluded_lines": 0}, "missing_lines": [333], "excluded_lines": []}, "PatternMatcher.get_pattern_stats": {"executed_lines": [], "summary": {"covered_lines": 0, "num_statements": 1, "percent_covered": 0.0, "percent_covered_display": "0", "missing_lines": 1, "excluded_lines": 0}, "missing_lines": [344], "excluded_lines": []}, "main": {"executed_lines": [], "summary": {"covered_lines": 0, "num_statements": 17, "percent_covered": 0.0, "percent_covered_display": "0", "missing_lines": 17, "excluded_lines": 0}, "missing_lines": [362, 364, 367, 375, 376, 378, 379, 382, 383, 384, 387, 389, 390, 391, 392, 394, 396], "excluded_lines": []}, "": {"executed_lines": [1, 7, 8, 10, 11, 14, 15, 16, 18, 19, 20, 21, 22, 23, 25, 32, 33, 35, 54, 86, 91, 101, 105, 109, 139, 207, 246, 257, 275, 293, 313, 342, 360, 399], "summary": {"covered_lines": 31, "num_statements": 32, "percent_covered": 96.875, "percent_covered_display": "97", "missing_lines": 1, "excluded_lines": 0}, "missing_lines": [400], "excluded_lines": []}}, "classes": {"MatchResult": {"executed_lines": [], "summary": {"covered_lines": 0, "num_statements": 1, "percent_covered": 0.0, "percent_covered_display": "0", "missing_lines": 1, "excluded_lines": 0}, "missing_lines": [26], "excluded_lines": []}, "PatternMatcher": {"executed_lines": [41, 42, 43, 44, 47, 50, 51, 52, 65, 66, 68, 71, 72, 73, 75, 78, 79, 82, 84, 114, 115, 116, 119, 120, 121, 122, 123, 126, 130, 156, 159, 160, 169, 170, 173, 174, 182, 183, 191, 194, 197, 198, 201, 205, 211, 214, 215, 217, 218, 219, 221, 223, 226, 227, 228, 229, 230, 231, 233, 235, 244, 248, 249, 251, 254, 255, 259, 262, 263, 266, 269, 270, 271, 273, 279, 283, 284, 286, 290, 291, 295, 296, 298, 301, 302, 303, 304, 305, 306, 307, 308, 309, 311, 322, 325, 326, 329, 332, 336, 337, 338, 340], "summary": {"covered_lines": 102, "num_statements": 118, "percent_covered": 86.44067796610169, "percent_covered_display": "86", "missing_lines": 16, "excluded_lines": 0}, "missing_lines": [88, 89, 99, 103, 107, 212, 236, 238, 241, 242, 252, 280, 287, 299, 333, 344], "excluded_lines": []}, "": {"executed_lines": [1, 7, 8, 10, 11, 14, 15, 16, 18, 19, 20, 21, 22, 23, 25, 32, 33, 35, 54, 86, 91, 101, 105, 109, 139, 207, 246, 257, 275, 293, 313, 342, 360, 399], "summary": {"covered_lines": 31, "num_statements": 49, "percent_covered": 63.265306122448976, "percent_covered_display": "63", "missing_lines": 18, "excluded_lines": 0}, "missing_lines": [362, 364, 367, 375, 376, 378, 379, 382, 383, 384, 387, 389, 390, 391, 392, 394, 396, 400], "excluded_lines": []}}}, "src\\addrnorm\\patterns\\thresholds.py": {"executed_lines": [1, 9, 10, 11, 12, 13, 14, 15, 17, 20, 21, 22, 24, 25, 26, 28, 32, 33, 35, 38, 39, 48, 56, 57, 58, 59, 62, 63, 65, 66, 67, 70, 71, 72, 75, 78, 80, 82, 85, 86, 87, 89, 90, 91, 93, 99, 126, 136, 137, 138, 140, 143, 150, 158, 159, 162, 164, 200, 213, 218, 236], "summary": {"covered_lines": 58, "num_statements": 114, "percent_covered": 50.87719298245614, "percent_covered_display": "51", "missing_lines": 56, "excluded_lines": 0}, "missing_lines": [30, 83, 94, 96, 97, 102, 104, 105, 106, 107, 109, 110, 113, 114, 115, 116, 118, 120, 122, 123, 124, 144, 172, 173, 175, 177, 178, 182, 185, 186, 191, 192, 195, 196, 197, 198, 210, 211, 215, 216, 225, 226, 227, 229, 231, 232, 233, 234, 246, 247, 248, 250, 258, 259, 268, 277], "excluded_lines": [], "functions": {"PatternStats.to_dict": {"executed_lines": [], "summary": {"covered_lines": 0, "num_statements": 1, "percent_covered": 0.0, "percent_covered_display": "0", "missing_lines": 1, "excluded_lines": 0}, "missing_lines": [30], "excluded_lines": []}, "PatternStats.from_dict": {"executed_lines": [35], "summary": {"covered_lines": 1, "num_statements": 1, "percent_covered": 100.0, "percent_covered_display": "100", "missing_lines": 0, "excluded_lines": 0}, "missing_lines": [], "excluded_lines": []}, "ThresholdManager.__init__": {"executed_lines": [56, 57, 58, 59, 62, 63, 65, 66, 67, 70, 71, 72, 75, 78], "summary": {"covered_lines": 14, "num_statements": 14, "percent_covered": 100.0, "percent_covered_display": "100", "missing_lines": 0, "excluded_lines": 0}, "missing_lines": [], "excluded_lines": []}, "ThresholdManager._load_stats": {"executed_lines": [82, 85, 86, 87, 89, 90, 91, 93], "summary": {"covered_lines": 8, "num_statements": 12, "percent_covered": 66.66666666666667, "percent_covered_display": "67", "missing_lines": 4, "excluded_lines": 0}, "missing_lines": [83, 94, 96, 97], "excluded_lines": []}, "ThresholdManager._save_stats": {"executed_lines": [], "summary": {"covered_lines": 0, "num_statements": 16, "percent_covered": 0.0, "percent_covered_display": "0", "missing_lines": 16, "excluded_lines": 0}, "missing_lines": [102, 104, 105, 106, 107, 109, 110, 113, 114, 115, 116, 118, 120, 122, 123, 124], "excluded_lines": []}, "ThresholdManager.get_threshold": {"executed_lines": [136, 137, 138, 140, 143, 150, 158, 159, 162], "summary": {"covered_lines": 9, "num_statements": 10, "percent_covered": 90.0, "percent_covered_display": "90", "missing_lines": 1, "excluded_lines": 0}, "missing_lines": [144], "excluded_lines": []}, "ThresholdManager.update_success": {"executed_lines": [], "summary": {"covered_lines": 0, "num_statements": 14, "percent_covered": 0.0, "percent_covered_display": "0", "missing_lines": 14, "excluded_lines": 0}, "missing_lines": [172, 173, 175, 177, 178, 182, 185, 186, 191, 192, 195, 196, 197, 198], "excluded_lines": []}, "ThresholdManager.get_stats": {"executed_lines": [], "summary": {"covered_lines": 0, "num_statements": 2, "percent_covered": 0.0, "percent_covered_display": "0", "missing_lines": 2, "excluded_lines": 0}, "missing_lines": [210, 211], "excluded_lines": []}, "ThresholdManager.get_all_stats": {"executed_lines": [], "summary": {"covered_lines": 0, "num_statements": 2, "percent_covered": 0.0, "percent_covered_display": "0", "missing_lines": 2, "excluded_lines": 0}, "missing_lines": [215, 216], "excluded_lines": []}, "ThresholdManager.reset_stats": {"executed_lines": [], "summary": {"covered_lines": 0, "num_statements": 8, "percent_covered": 0.0, "percent_covered_display": "0", "missing_lines": 8, "excluded_lines": 0}, "missing_lines": [225, 226, 227, 229, 231, 232, 233, 234], "excluded_lines": []}, "ThresholdManager.get_threshold_info": {"executed_lines": [], "summary": {"covered_lines": 0, "num_statements": 8, "percent_covered": 0.0, "percent_covered_display": "0", "missing_lines": 8, "excluded_lines": 0}, "missing_lines": [246, 247, 248, 250, 258, 259, 268, 277], "excluded_lines": []}, "": {"executed_lines": [1, 9, 10, 11, 12, 13, 14, 15, 17, 20, 21, 22, 24, 25, 26, 28, 32, 33, 38, 39, 48, 80, 99, 126, 164, 200, 213, 218, 236], "summary": {"covered_lines": 26, "num_statements": 26, "percent_covered": 100.0, "percent_covered_display": "100", "missing_lines": 0, "excluded_lines": 0}, "missing_lines": [], "excluded_lines": []}}, "classes": {"PatternStats": {"executed_lines": [35], "summary": {"covered_lines": 1, "num_statements": 2, "percent_covered": 50.0, "percent_covered_display": "50", "missing_lines": 1, "excluded_lines": 0}, "missing_lines": [30], "excluded_lines": []}, "ThresholdManager": {"executed_lines": [56, 57, 58, 59, 62, 63, 65, 66, 67, 70, 71, 72, 75, 78, 82, 85, 86, 87, 89, 90, 91, 93, 136, 137, 138, 140, 143, 150, 158, 159, 162], "summary": {"covered_lines": 31, "num_statements": 86, "percent_covered": 36.04651162790697, "percent_covered_display": "36", "missing_lines": 55, "excluded_lines": 0}, "missing_lines": [83, 94, 96, 97, 102, 104, 105, 106, 107, 109, 110, 113, 114, 115, 116, 118, 120, 122, 123, 124, 144, 172, 173, 175, 177, 178, 182, 185, 186, 191, 192, 195, 196, 197, 198, 210, 211, 215, 216, 225, 226, 227, 229, 231, 232, 233, 234, 246, 247, 248, 250, 258, 259, 268, 277], "excluded_lines": []}, "": {"executed_lines": [1, 9, 10, 11, 12, 13, 14, 15, 17, 20, 21, 22, 24, 25, 26, 28, 32, 33, 38, 39, 48, 80, 99, 126, 164, 200, 213, 218, 236], "summary": {"covered_lines": 26, "num_statements": 26, "percent_covered": 100.0, "percent_covered_display": "100", "missing_lines": 0, "excluded_lines": 0}, "missing_lines": [], "excluded_lines": []}}}, "src\\addrnorm\\pipeline\\__init__.py": {"executed_lines": [1, 5, 12], "summary": {"covered_lines": 2, "num_statements": 2, "percent_covered": 100.0, "percent_covered_display": "100", "missing_lines": 0, "excluded_lines": 0}, "missing_lines": [], "excluded_lines": [], "functions": {"": {"executed_lines": [1, 5, 12], "summary": {"covered_lines": 2, "num_statements": 2, "percent_covered": 100.0, "percent_covered_display": "100", "missing_lines": 0, "excluded_lines": 0}, "missing_lines": [], "excluded_lines": []}}, "classes": {"": {"executed_lines": [1, 5, 12], "summary": {"covered_lines": 2, "num_statements": 2, "percent_covered": 100.0, "percent_covered_display": "100", "missing_lines": 0, "excluded_lines": 0}, "missing_lines": [], "excluded_lines": []}}}, "src\\addrnorm\\pipeline\\__main__.py": {"executed_lines": [], "summary": {"covered_lines": 0, "num_statements": 4, "percent_covered": 0.0, "percent_covered_display": "0", "missing_lines": 4, "excluded_lines": 0}, "missing_lines": [5, 7, 9, 10], "excluded_lines": [], "functions": {"": {"executed_lines": [], "summary": {"covered_lines": 0, "num_statements": 4, "percent_covered": 0.0, "percent_covered_display": "0", "missing_lines": 4, "excluded_lines": 0}, "missing_lines": [5, 7, 9, 10], "excluded_lines": []}}, "classes": {"": {"executed_lines": [], "summary": {"covered_lines": 0, "num_statements": 4, "percent_covered": 0.0, "percent_covered_display": "0", "missing_lines": 4, "excluded_lines": 0}, "missing_lines": [5, 7, 9, 10], "excluded_lines": []}}}, "src\\addrnorm\\pipeline\\cli.py": {"executed_lines": [], "summary": {"covered_lines": 0, "num_statements": 93, "percent_covered": 0.0, "percent_covered_display": "0", "missing_lines": 93, "excluded_lines": 0}, "missing_lines": [5, 6, 7, 8, 10, 13, 16, 34, 35, 36, 41, 46, 52, 58, 63, 69, 75, 83, 91, 94, 99, 102, 105, 108, 113, 120, 123, 128, 130, 131, 133, 134, 136, 137, 139, 140, 141, 142, 145, 146, 147, 149, 151, 152, 159, 160, 163, 168, 169, 170, 172, 173, 174, 175, 177, 179, 180, 181, 183, 184, 185, 186, 187, 188, 189, 190, 191, 192, 193, 196, 199, 202, 217, 218, 219, 221, 223, 224, 226, 227, 228, 231, 232, 234, 237, 239, 240, 241, 242, 243, 244, 247, 248], "excluded_lines": [], "functions": {"parse_args": {"executed_lines": [], "summary": {"covered_lines": 0, "num_statements": 20, "percent_covered": 0.0, "percent_covered_display": "0", "missing_lines": 20, "excluded_lines": 0}, "missing_lines": [16, 34, 35, 36, 41, 46, 52, 58, 63, 69, 75, 83, 91, 94, 99, 102, 105, 108, 113, 120], "excluded_lines": []}, "process_single_address": {"executed_lines": [], "summary": {"covered_lines": 0, "num_statements": 19, "percent_covered": 0.0, "percent_covered_display": "0", "missing_lines": 19, "excluded_lines": 0}, "missing_lines": [128, 130, 131, 133, 134, 136, 137, 139, 140, 141, 142, 145, 146, 147, 149, 151, 152, 159, 160], "excluded_lines": []}, "process_file": {"executed_lines": [], "summary": {"covered_lines": 0, "num_statements": 22, "percent_covered": 0.0, "percent_covered_display": "0", "missing_lines": 22, "excluded_lines": 0}, "missing_lines": [168, 169, 170, 172, 173, 174, 175, 177, 179, 180, 181, 183, 184, 185, 186, 187, 188, 189, 190, 191, 192, 193], "excluded_lines": []}, "main": {"executed_lines": [], "summary": {"covered_lines": 0, "num_statements": 21, "percent_covered": 0.0, "percent_covered_display": "0", "missing_lines": 21, "excluded_lines": 0}, "missing_lines": [199, 202, 217, 218, 219, 221, 223, 224, 226, 227, 228, 231, 232, 234, 237, 239, 240, 241, 242, 243, 244], "excluded_lines": []}, "": {"executed_lines": [], "summary": {"covered_lines": 0, "num_statements": 11, "percent_covered": 0.0, "percent_covered_display": "0", "missing_lines": 11, "excluded_lines": 0}, "missing_lines": [5, 6, 7, 8, 10, 13, 123, 163, 196, 247, 248], "excluded_lines": []}}, "classes": {"": {"executed_lines": [], "summary": {"covered_lines": 0, "num_statements": 93, "percent_covered": 0.0, "percent_covered_display": "0", "missing_lines": 93, "excluded_lines": 0}, "missing_lines": [5, 6, 7, 8, 10, 13, 16, 34, 35, 36, 41, 46, 52, 58, 63, 69, 75, 83, 91, 94, 99, 102, 105, 108, 113, 120, 123, 128, 130, 131, 133, 134, 136, 137, 139, 140, 141, 142, 145, 146, 147, 149, 151, 152, 159, 160, 163, 168, 169, 170, 172, 173, 174, 175, 177, 179, 180, 181, 183, 184, 185, 186, 187, 188, 189, 190, 191, 192, 193, 196, 199, 202, 217, 218, 219, 221, 223, 224, 226, 227, 228, 231, 232, 234, 237, 239, 240, 241, 242, 243, 244, 247, 248], "excluded_lines": []}}}, "src\\addrnorm\\pipeline\\run.py": {"executed_lines": [1, 6, 7, 8, 9, 10, 11, 12, 14, 15, 16, 17, 20, 21, 22, 25, 26, 27, 30, 31, 32, 35, 36, 39, 40, 41, 44, 45, 48, 51, 54, 55, 56, 58, 59, 60, 61, 62, 63, 64, 67, 68, 81, 84, 87, 90, 93, 94, 96, 98, 101, 105, 108, 112, 114, 117, 119, 120, 121, 126, 127, 128, 129, 130, 133, 142, 143, 144, 152, 163, 165, 167, 169, 170, 173, 176, 182, 185, 186, 188, 194, 195, 196, 209, 212, 213, 224, 225, 226, 238, 239, 240, 248, 249, 251, 253, 278, 282, 283, 285, 287, 290, 291, 293, 294, 296, 306, 308, 311, 314, 315, 317, 333, 335, 338, 340, 356, 362, 376, 387, 388, 392, 394, 416, 450, 464, 468, 482, 483, 484, 501, 503, 506, 509, 512, 513, 514, 519, 520, 523, 524, 527, 531, 532, 535, 536, 539, 540, 543, 553, 555, 557, 571, 577, 657, 659], "summary": {"covered_lines": 152, "num_statements": 259, "percent_covered": 58.68725868725869, "percent_covered_display": "59", "missing_lines": 107, "excluded_lines": 0}, "missing_lines": [134, 135, 137, 146, 148, 149, 150, 202, 205, 206, 216, 219, 220, 231, 234, 235, 243, 244, 245, 263, 264, 265, 266, 268, 303, 304, 312, 319, 320, 321, 323, 330, 331, 342, 343, 346, 389, 390, 399, 410, 411, 412, 414, 420, 433, 435, 436, 437, 439, 440, 443, 444, 446, 448, 453, 454, 457, 458, 459, 460, 462, 485, 488, 491, 492, 493, 494, 495, 496, 497, 499, 507, 544, 545, 549, 550, 569, 575, 591, 592, 595, 596, 598, 601, 602, 604, 605, 606, 607, 609, 615, 616, 617, 619, 620, 623, 628, 631, 632, 633, 636, 638, 639, 640, 642, 653, 654], "excluded_lines": [], "functions": {"AddressNormalizationPipeline.__init__": {"executed_lines": [84, 87, 90, 93, 94, 96], "summary": {"covered_lines": 6, "num_statements": 6, "percent_covered": 100.0, "percent_covered_display": "100", "missing_lines": 0, "excluded_lines": 0}, "missing_lines": [], "excluded_lines": []}, "AddressNormalizationPipeline._setup_determinism": {"executed_lines": [101], "summary": {"covered_lines": 1, "num_statements": 1, "percent_covered": 100.0, "percent_covered_display": "100", "missing_lines": 0, "excluded_lines": 0}, "missing_lines": [], "excluded_lines": []}, "AddressNormalizationPipeline._setup_logging": {"executed_lines": [108, 112], "summary": {"covered_lines": 2, "num_statements": 2, "percent_covered": 100.0, "percent_covered_display": "100", "missing_lines": 0, "excluded_lines": 0}, "missing_lines": [], "excluded_lines": []}, "AddressNormalizationPipeline._initialize_components": {"executed_lines": [117, 119, 120, 121, 126, 127, 128, 129, 130, 133, 142, 143, 144], "summary": {"covered_lines": 13, "num_statements": 20, "percent_covered": 65.0, "percent_covered_display": "65", "missing_lines": 7, "excluded_lines": 0}, "missing_lines": [134, 135, 137, 146, 148, 149, 150], "excluded_lines": []}, "AddressNormalizationPipeline.process_single": {"executed_lines": [163, 165, 167, 169, 170, 173, 176, 182, 185, 186, 188, 194, 195, 196, 209, 212, 213, 224, 225, 226, 238, 239, 240, 248, 249, 251, 253], "summary": {"covered_lines": 27, "num_statements": 44, "percent_covered": 61.36363636363637, "percent_covered_display": "61", "missing_lines": 17, "excluded_lines": 0}, "missing_lines": [202, 205, 206, 216, 219, 220, 231, 234, 235, 243, 244, 245, 263, 264, 265, 266, 268], "excluded_lines": []}, "AddressNormalizationPipeline._preprocess": {"executed_lines": [282, 283, 285], "summary": {"covered_lines": 3, "num_statements": 3, "percent_covered": 100.0, "percent_covered_display": "100", "missing_lines": 0, "excluded_lines": 0}, "missing_lines": [], "excluded_lines": []}, "AddressNormalizationPipeline._pattern_match": {"executed_lines": [290, 291, 293, 294, 296, 306], "summary": {"covered_lines": 6, "num_statements": 8, "percent_covered": 75.0, "percent_covered_display": "75", "missing_lines": 2, "excluded_lines": 0}, "missing_lines": [303, 304], "excluded_lines": []}, "AddressNormalizationPipeline._ml_extract": {"executed_lines": [311, 314, 315, 317, 333], "summary": {"covered_lines": 5, "num_statements": 12, "percent_covered": 41.666666666666664, "percent_covered_display": "42", "missing_lines": 7, "excluded_lines": 0}, "missing_lines": [312, 319, 320, 321, 323, 330, 331], "excluded_lines": []}, "AddressNormalizationPipeline._fallback_extract": {"executed_lines": [338, 340], "summary": {"covered_lines": 2, "num_statements": 5, "percent_covered": 40.0, "percent_covered_display": "40", "missing_lines": 3, "excluded_lines": 0}, "missing_lines": [342, 343, 346], "excluded_lines": []}, "AddressNormalizationPipeline._create_address_out_from_pattern": {"executed_lines": [362, 376, 387, 388, 392], "summary": {"covered_lines": 5, "num_statements": 7, "percent_covered": 71.42857142857143, "percent_covered_display": "71", "missing_lines": 2, "excluded_lines": 0}, "missing_lines": [389, 390], "excluded_lines": []}, "AddressNormalizationPipeline._create_address_out_from_ml": {"executed_lines": [], "summary": {"covered_lines": 0, "num_statements": 5, "percent_covered": 0.0, "percent_covered_display": "0", "missing_lines": 5, "excluded_lines": 0}, "missing_lines": [399, 410, 411, 412, 414], "excluded_lines": []}, "AddressNormalizationPipeline._entities_to_components": {"executed_lines": [], "summary": {"covered_lines": 0, "num_statements": 11, "percent_covered": 0.0, "percent_covered_display": "0", "missing_lines": 11, "excluded_lines": 0}, "missing_lines": [420, 433, 435, 436, 437, 439, 440, 443, 444, 446, 448], "excluded_lines": []}, "AddressNormalizationPipeline._calculate_ml_confidence": {"executed_lines": [], "summary": {"covered_lines": 0, "num_statements": 7, "percent_covered": 0.0, "percent_covered_display": "0", "missing_lines": 7, "excluded_lines": 0}, "missing_lines": [453, 454, 457, 458, 459, 460, 462], "excluded_lines": []}, "AddressNormalizationPipeline._build_normalized_address": {"executed_lines": [468, 482, 483, 484, 501], "summary": {"covered_lines": 5, "num_statements": 15, "percent_covered": 33.333333333333336, "percent_covered_display": "33", "missing_lines": 10, "excluded_lines": 0}, "missing_lines": [485, 488, 491, 492, 493, 494, 495, 496, 497, 499], "excluded_lines": []}, "AddressNormalizationPipeline._validate_address": {"executed_lines": [506, 509, 512, 513, 514, 519, 520, 523, 524, 527, 531, 532, 535, 536, 539, 540, 543, 553, 555], "summary": {"covered_lines": 19, "num_statements": 24, "percent_covered": 79.16666666666667, "percent_covered_display": "79", "missing_lines": 5, "excluded_lines": 0}, "missing_lines": [507, 544, 545, 549, 550], "excluded_lines": []}, "AddressNormalizationPipeline.process_batch": {"executed_lines": [], "summary": {"covered_lines": 0, "num_statements": 1, "percent_covered": 0.0, "percent_covered_display": "0", "missing_lines": 1, "excluded_lines": 0}, "missing_lines": [569], "excluded_lines": []}, "AddressNormalizationPipeline._process_single_worker": {"executed_lines": [], "summary": {"covered_lines": 0, "num_statements": 1, "percent_covered": 0.0, "percent_covered_display": "0", "missing_lines": 1, "excluded_lines": 0}, "missing_lines": [575], "excluded_lines": []}, "AddressNormalizationPipeline.process_file": {"executed_lines": [], "summary": {"covered_lines": 0, "num_statements": 29, "percent_covered": 0.0, "percent_covered_display": "0", "missing_lines": 29, "excluded_lines": 0}, "missing_lines": [591, 592, 595, 596, 598, 601, 602, 604, 605, 606, 607, 609, 615, 616, 617, 619, 620, 623, 628, 631, 632, 633, 636, 638, 639, 640, 642, 653, 654], "excluded_lines": []}, "create_pipeline": {"executed_lines": [659], "summary": {"covered_lines": 1, "num_statements": 1, "percent_covered": 100.0, "percent_covered_display": "100", "missing_lines": 0, "excluded_lines": 0}, "missing_lines": [], "excluded_lines": []}, "": {"executed_lines": [1, 6, 7, 8, 9, 10, 11, 12, 14, 15, 16, 17, 20, 21, 22, 25, 26, 27, 30, 31, 32, 35, 36, 39, 40, 41, 44, 45, 48, 51, 54, 55, 56, 58, 59, 60, 61, 62, 63, 64, 67, 68, 81, 98, 105, 114, 152, 278, 287, 308, 335, 356, 394, 416, 450, 464, 503, 557, 571, 577, 657], "summary": {"covered_lines": 57, "num_statements": 57, "percent_covered": 100.0, "percent_covered_display": "100", "missing_lines": 0, "excluded_lines": 0}, "missing_lines": [], "excluded_lines": []}}, "classes": {"PipelineConfig": {"executed_lines": [], "summary": {"covered_lines": 0, "num_statements": 0, "percent_covered": 100.0, "percent_covered_display": "100", "missing_lines": 0, "excluded_lines": 0}, "missing_lines": [], "excluded_lines": []}, "ProcessingResult": {"executed_lines": [], "summary": {"covered_lines": 0, "num_statements": 0, "percent_covered": 100.0, "percent_covered_display": "100", "missing_lines": 0, "excluded_lines": 0}, "missing_lines": [], "excluded_lines": []}, "AddressNormalizationPipeline": {"executed_lines": [84, 87, 90, 93, 94, 96, 101, 108, 112, 117, 119, 120, 121, 126, 127, 128, 129, 130, 133, 142, 143, 144, 163, 165, 167, 169, 170, 173, 176, 182, 185, 186, 188, 194, 195, 196, 209, 212, 213, 224, 225, 226, 238, 239, 240, 248, 249, 251, 253, 282, 283, 285, 290, 291, 293, 294, 296, 306, 311, 314, 315, 317, 333, 338, 340, 362, 376, 387, 388, 392, 468, 482, 483, 484, 501, 506, 509, 512, 513, 514, 519, 520, 523, 524, 527, 531, 532, 535, 536, 539, 540, 543, 553, 555], "summary": {"covered_lines": 94, "num_statements": 201, "percent_covered": 46.766169154228855, "percent_covered_display": "47", "missing_lines": 107, "excluded_lines": 0}, "missing_lines": [134, 135, 137, 146, 148, 149, 150, 202, 205, 206, 216, 219, 220, 231, 234, 235, 243, 244, 245, 263, 264, 265, 266, 268, 303, 304, 312, 319, 320, 321, 323, 330, 331, 342, 343, 346, 389, 390, 399, 410, 411, 412, 414, 420, 433, 435, 436, 437, 439, 440, 443, 444, 446, 448, 453, 454, 457, 458, 459, 460, 462, 485, 488, 491, 492, 493, 494, 495, 496, 497, 499, 507, 544, 545, 549, 550, 569, 575, 591, 592, 595, 596, 598, 601, 602, 604, 605, 606, 607, 609, 615, 616, 617, 619, 620, 623, 628, 631, 632, 633, 636, 638, 639, 640, 642, 653, 654], "excluded_lines": []}, "": {"executed_lines": [1, 6, 7, 8, 9, 10, 11, 12, 14, 15, 16, 17, 20, 21, 22, 25, 26, 27, 30, 31, 32, 35, 36, 39, 40, 41, 44, 45, 48, 51, 54, 55, 56, 58, 59, 60, 61, 62, 63, 64, 67, 68, 81, 98, 105, 114, 152, 278, 287, 308, 335, 356, 394, 416, 450, 464, 503, 557, 571, 577, 657, 659], "summary": {"covered_lines": 58, "num_statements": 58, "percent_covered": 100.0, "percent_covered_display": "100", "missing_lines": 0, "excluded_lines": 0}, "missing_lines": [], "excluded_lines": []}}}, "src\\addrnorm\\preprocess\\__init__.py": {"executed_lines": [1, 5, 15], "summary": {"covered_lines": 2, "num_statements": 2, "percent_covered": 100.0, "percent_covered_display": "100", "missing_lines": 0, "excluded_lines": 0}, "missing_lines": [], "excluded_lines": [], "functions": {"": {"executed_lines": [1, 5, 15], "summary": {"covered_lines": 2, "num_statements": 2, "percent_covered": 100.0, "percent_covered_display": "100", "missing_lines": 0, "excluded_lines": 0}, "missing_lines": [], "excluded_lines": []}}, "classes": {"": {"executed_lines": [1, 5, 15], "summary": {"covered_lines": 2, "num_statements": 2, "percent_covered": 100.0, "percent_covered_display": "100", "missing_lines": 0, "excluded_lines": 0}, "missing_lines": [], "excluded_lines": []}}}, "src\\addrnorm\\preprocess\\cli.py": {"executed_lines": [], "summary": {"covered_lines": 0, "num_statements": 67, "percent_covered": 0.0, "percent_covered_display": "0", "missing_lines": 67, "excluded_lines": 0}, "missing_lines": [6, 7, 8, 9, 11, 13, 14, 15, 17, 19, 20, 21, 24, 26, 28, 29, 30, 32, 33, 34, 36, 38, 40, 43, 49, 55, 58, 59, 60, 61, 62, 64, 66, 68, 69, 70, 73, 75, 86, 90, 92, 96, 98, 100, 102, 103, 107, 113, 115, 117, 118, 120, 121, 122, 126, 132, 134, 135, 136, 138, 140, 142, 143, 146, 147, 150, 151], "excluded_lines": [], "functions": {"process_file": {"executed_lines": [], "summary": {"covered_lines": 0, "num_statements": 23, "percent_covered": 0.0, "percent_covered_display": "0", "missing_lines": 23, "excluded_lines": 0}, "missing_lines": [26, 28, 29, 30, 32, 33, 34, 36, 38, 40, 43, 49, 55, 58, 59, 60, 61, 62, 64, 66, 68, 69, 70], "excluded_lines": []}, "main": {"executed_lines": [], "summary": {"covered_lines": 0, "num_statements": 28, "percent_covered": 0.0, "percent_covered_display": "0", "missing_lines": 28, "excluded_lines": 0}, "missing_lines": [75, 86, 90, 92, 96, 98, 100, 102, 103, 107, 113, 115, 117, 118, 120, 121, 122, 126, 132, 134, 135, 136, 138, 140, 142, 143, 146, 147], "excluded_lines": []}, "": {"executed_lines": [], "summary": {"covered_lines": 0, "num_statements": 16, "percent_covered": 0.0, "percent_covered_display": "0", "missing_lines": 16, "excluded_lines": 0}, "missing_lines": [6, 7, 8, 9, 11, 13, 14, 15, 17, 19, 20, 21, 24, 73, 150, 151], "excluded_lines": []}}, "classes": {"": {"executed_lines": [], "summary": {"covered_lines": 0, "num_statements": 67, "percent_covered": 0.0, "percent_covered_display": "0", "missing_lines": 67, "excluded_lines": 0}, "missing_lines": [6, 7, 8, 9, 11, 13, 14, 15, 17, 19, 20, 21, 24, 26, 28, 29, 30, 32, 33, 34, 36, 38, 40, 43, 49, 55, 58, 59, 60, 61, 62, 64, 66, 68, 69, 70, 73, 75, 86, 90, 92, 96, 98, 100, 102, 103, 107, 113, 115, 117, 118, 120, 121, 122, 126, 132, 134, 135, 136, 138, 140, 142, 143, 146, 147, 150, 151], "excluded_lines": []}}}, "src\\addrnorm\\preprocess\\core.py": {"executed_lines": [1, 5, 6, 7, 8, 10, 12, 15, 25, 26, 29, 32, 43, 44, 46, 49, 59, 60, 63, 64, 67, 74, 75, 77, 80, 90, 91, 93, 95, 97, 98, 100, 101, 104, 105, 106, 107, 109, 114, 125, 128, 131, 135, 136, 138, 140, 141, 144, 148, 151, 152, 153, 158, 159, 162, 164, 167, 177, 180, 182, 185, 186, 189, 191, 194, 204, 207, 210, 213, 214, 216, 219, 229, 230, 233, 236, 238, 241, 252, 253, 255, 258, 259, 261, 264, 267, 270, 271, 273, 276, 279, 282, 283, 285], "summary": {"covered_lines": 93, "num_statements": 103, "percent_covered": 90.29126213592232, "percent_covered_display": "90", "missing_lines": 10, "excluded_lines": 0}, "missing_lines": [110, 111, 126, 129, 132, 142, 155, 156, 178, 205], "excluded_lines": [], "functions": {"normalize_case": {"executed_lines": [25, 26, 29, 32, 43, 44, 46], "summary": {"covered_lines": 7, "num_statements": 7, "percent_covered": 100.0, "percent_covered_display": "100", "missing_lines": 0, "excluded_lines": 0}, "missing_lines": [], "excluded_lines": []}, "normalize_unicode": {"executed_lines": [59, 60, 63, 64, 67, 74, 75, 77], "summary": {"covered_lines": 8, "num_statements": 8, "percent_covered": 100.0, "percent_covered_display": "100", "missing_lines": 0, "excluded_lines": 0}, "missing_lines": [], "excluded_lines": []}, "load_abbreviations": {"executed_lines": [90, 91, 93, 95, 97, 98, 100, 101, 104, 105, 106, 107, 109], "summary": {"covered_lines": 13, "num_statements": 15, "percent_covered": 86.66666666666667, "percent_covered_display": "87", "missing_lines": 2, "excluded_lines": 0}, "missing_lines": [110, 111], "excluded_lines": []}, "expand_abbreviations": {"executed_lines": [125, 128, 131, 135, 136, 138, 140, 141, 144, 148, 151, 152, 153, 158, 159, 162, 164], "summary": {"covered_lines": 17, "num_statements": 23, "percent_covered": 73.91304347826087, "percent_covered_display": "74", "missing_lines": 6, "excluded_lines": 0}, "missing_lines": [126, 129, 132, 142, 155, 156], "excluded_lines": []}, "clean_punctuation": {"executed_lines": [177, 180, 182, 185, 186, 189, 191], "summary": {"covered_lines": 7, "num_statements": 8, "percent_covered": 87.5, "percent_covered_display": "88", "missing_lines": 1, "excluded_lines": 0}, "missing_lines": [178], "excluded_lines": []}, "tokenize": {"executed_lines": [204, 207, 210, 213, 214, 216], "summary": {"covered_lines": 6, "num_statements": 7, "percent_covered": 85.71428571428571, "percent_covered_display": "86", "missing_lines": 1, "excluded_lines": 0}, "missing_lines": [205], "excluded_lines": []}, "clean_address": {"executed_lines": [229, 230, 233, 236, 238], "summary": {"covered_lines": 5, "num_statements": 5, "percent_covered": 100.0, "percent_covered_display": "100", "missing_lines": 0, "excluded_lines": 0}, "missing_lines": [], "excluded_lines": []}, "preprocess": {"executed_lines": [252, 253, 255, 258, 259, 261, 264, 267, 270, 271, 273, 276, 279, 282, 283, 285], "summary": {"covered_lines": 16, "num_statements": 16, "percent_covered": 100.0, "percent_covered_display": "100", "missing_lines": 0, "excluded_lines": 0}, "missing_lines": [], "excluded_lines": []}, "": {"executed_lines": [1, 5, 6, 7, 8, 10, 12, 15, 49, 80, 114, 167, 194, 219, 241], "summary": {"covered_lines": 14, "num_statements": 14, "percent_covered": 100.0, "percent_covered_display": "100", "missing_lines": 0, "excluded_lines": 0}, "missing_lines": [], "excluded_lines": []}}, "classes": {"": {"executed_lines": [1, 5, 6, 7, 8, 10, 12, 15, 25, 26, 29, 32, 43, 44, 46, 49, 59, 60, 63, 64, 67, 74, 75, 77, 80, 90, 91, 93, 95, 97, 98, 100, 101, 104, 105, 106, 107, 109, 114, 125, 128, 131, 135, 136, 138, 140, 141, 144, 148, 151, 152, 153, 158, 159, 162, 164, 167, 177, 180, 182, 185, 186, 189, 191, 194, 204, 207, 210, 213, 214, 216, 219, 229, 230, 233, 236, 238, 241, 252, 253, 255, 258, 259, 261, 264, 267, 270, 271, 273, 276, 279, 282, 283, 285], "summary": {"covered_lines": 93, "num_statements": 103, "percent_covered": 90.29126213592232, "percent_covered_display": "90", "missing_lines": 10, "excluded_lines": 0}, "missing_lines": [110, 111, 126, 129, 132, 142, 155, 156, 178, 205], "excluded_lines": []}}}, "src\\addrnorm\\utils\\__init__.py": {"executed_lines": [1], "summary": {"covered_lines": 0, "num_statements": 0, "percent_covered": 100.0, "percent_covered_display": "100", "missing_lines": 0, "excluded_lines": 0}, "missing_lines": [], "excluded_lines": [], "functions": {"": {"executed_lines": [], "summary": {"covered_lines": 0, "num_statements": 0, "percent_covered": 100.0, "percent_covered_display": "100", "missing_lines": 0, "excluded_lines": 0}, "missing_lines": [], "excluded_lines": []}}, "classes": {"": {"executed_lines": [], "summary": {"covered_lines": 0, "num_statements": 0, "percent_covered": 100.0, "percent_covered_display": "100", "missing_lines": 0, "excluded_lines": 0}, "missing_lines": [], "excluded_lines": []}}}, "src\\addrnorm\\utils\\config.py": {"executed_lines": [1, 5, 7, 10, 11, 13, 15, 16, 18, 21, 23, 59, 68, 84, 86, 87, 89, 90, 91, 95, 97, 111, 114, 116], "summary": {"covered_lines": 22, "num_statements": 43, "percent_covered": 51.16279069767442, "percent_covered_display": "51", "missing_lines": 21, "excluded_lines": 0}, "missing_lines": [19, 61, 62, 63, 64, 65, 66, 71, 72, 73, 78, 80, 82, 93, 99, 100, 102, 103, 104, 105, 107], "excluded_lines": [], "functions": {"Config.__init__": {"executed_lines": [15, 16, 18], "summary": {"covered_lines": 3, "num_statements": 4, "percent_covered": 75.0, "percent_covered_display": "75", "missing_lines": 1, "excluded_lines": 0}, "missing_lines": [19], "excluded_lines": []}, "Config._load_default_config": {"executed_lines": [23], "summary": {"covered_lines": 1, "num_statements": 1, "percent_covered": 100.0, "percent_covered_display": "100", "missing_lines": 0, "excluded_lines": 0}, "missing_lines": [], "excluded_lines": []}, "Config.load_config": {"executed_lines": [], "summary": {"covered_lines": 0, "num_statements": 6, "percent_covered": 0.0, "percent_covered_display": "0", "missing_lines": 6, "excluded_lines": 0}, "missing_lines": [61, 62, 63, 64, 65, 66], "excluded_lines": []}, "Config._merge_config": {"executed_lines": [], "summary": {"covered_lines": 0, "num_statements": 2, "percent_covered": 0.0, "percent_covered_display": "0", "missing_lines": 2, "excluded_lines": 0}, "missing_lines": [71, 82], "excluded_lines": []}, "Config._merge_config.deep_merge": {"executed_lines": [], "summary": {"covered_lines": 0, "num_statements": 4, "percent_covered": 0.0, "percent_covered_display": "0", "missing_lines": 4, "excluded_lines": 0}, "missing_lines": [72, 73, 78, 80], "excluded_lines": []}, "Config.get": {"executed_lines": [86, 87, 89, 90, 91, 95], "summary": {"covered_lines": 6, "num_statements": 7, "percent_covered": 85.71428571428571, "percent_covered_display": "86", "missing_lines": 1, "excluded_lines": 0}, "missing_lines": [93], "excluded_lines": []}, "Config.set": {"executed_lines": [], "summary": {"covered_lines": 0, "num_statements": 7, "percent_covered": 0.0, "percent_covered_display": "0", "missing_lines": 7, "excluded_lines": 0}, "missing_lines": [99, 100, 102, 103, 104, 105, 107], "excluded_lines": []}, "get_config": {"executed_lines": [116], "summary": {"covered_lines": 1, "num_statements": 1, "percent_covered": 100.0, "percent_covered_display": "100", "missing_lines": 0, "excluded_lines": 0}, "missing_lines": [], "excluded_lines": []}, "": {"executed_lines": [1, 5, 7, 10, 11, 13, 21, 59, 68, 84, 97, 111, 114], "summary": {"covered_lines": 11, "num_statements": 11, "percent_covered": 100.0, "percent_covered_display": "100", "missing_lines": 0, "excluded_lines": 0}, "missing_lines": [], "excluded_lines": []}}, "classes": {"Config": {"executed_lines": [15, 16, 18, 23, 86, 87, 89, 90, 91, 95], "summary": {"covered_lines": 10, "num_statements": 31, "percent_covered": 32.25806451612903, "percent_covered_display": "32", "missing_lines": 21, "excluded_lines": 0}, "missing_lines": [19, 61, 62, 63, 64, 65, 66, 71, 72, 73, 78, 80, 82, 93, 99, 100, 102, 103, 104, 105, 107], "excluded_lines": []}, "": {"executed_lines": [1, 5, 7, 10, 11, 13, 21, 59, 68, 84, 97, 111, 114, 116], "summary": {"covered_lines": 12, "num_statements": 12, "percent_covered": 100.0, "percent_covered_display": "100", "missing_lines": 0, "excluded_lines": 0}, "missing_lines": [], "excluded_lines": []}}}, "src\\addrnorm\\utils\\contracts.py": {"executed_lines": [1, 5, 6, 7, 8, 9, 11, 14, 15, 17, 18, 19, 20, 21, 22, 23, 26, 27, 29, 30, 31, 34, 35, 37, 40, 41, 44, 45, 47, 50, 51, 52, 53, 54, 55, 56, 57, 58, 59, 60, 63, 66, 67, 70, 74, 76, 78, 80, 82, 107, 108, 131, 132], "summary": {"covered_lines": 48, "num_statements": 57, "percent_covered": 84.21052631578948, "percent_covered_display": "84", "missing_lines": 9, "excluded_lines": 0}, "missing_lines": [84, 86, 110, 134, 135, 138, 141, 142, 144], "excluded_lines": [], "functions": {"AddressOut.to_json": {"executed_lines": [76], "summary": {"covered_lines": 1, "num_statements": 1, "percent_covered": 100.0, "percent_covered_display": "100", "missing_lines": 0, "excluded_lines": 0}, "missing_lines": [], "excluded_lines": []}, "AddressOut.to_dict": {"executed_lines": [80], "summary": {"covered_lines": 1, "num_statements": 1, "percent_covered": 100.0, "percent_covered_display": "100", "missing_lines": 0, "excluded_lines": 0}, "missing_lines": [], "excluded_lines": []}, "AddressOut.to_csv_row": {"executed_lines": [], "summary": {"covered_lines": 0, "num_statements": 2, "percent_covered": 0.0, "percent_covered_display": "0", "missing_lines": 2, "excluded_lines": 0}, "missing_lines": [84, 86], "excluded_lines": []}, "AddressOut.csv_headers": {"executed_lines": [], "summary": {"covered_lines": 0, "num_statements": 1, "percent_covered": 0.0, "percent_covered_display": "0", "missing_lines": 1, "excluded_lines": 0}, "missing_lines": [110], "excluded_lines": []}, "AddressOut.to_csv_string": {"executed_lines": [], "summary": {"covered_lines": 0, "num_statements": 6, "percent_covered": 0.0, "percent_covered_display": "0", "missing_lines": 6, "excluded_lines": 0}, "missing_lines": [134, 135, 138, 141, 142, 144], "excluded_lines": []}, "": {"executed_lines": [1, 5, 6, 7, 8, 9, 11, 14, 15, 17, 18, 19, 20, 21, 22, 23, 26, 27, 29, 30, 31, 34, 35, 37, 40, 41, 44, 45, 47, 50, 51, 52, 53, 54, 55, 56, 57, 58, 59, 60, 63, 66, 67, 70, 74, 78, 82, 107, 108, 131, 132], "summary": {"covered_lines": 46, "num_statements": 46, "percent_covered": 100.0, "percent_covered_display": "100", "missing_lines": 0, "excluded_lines": 0}, "missing_lines": [], "excluded_lines": []}}, "classes": {"RelationEnum": {"executed_lines": [], "summary": {"covered_lines": 0, "num_statements": 0, "percent_covered": 100.0, "percent_covered_display": "100", "missing_lines": 0, "excluded_lines": 0}, "missing_lines": [], "excluded_lines": []}, "MethodEnum": {"executed_lines": [], "summary": {"covered_lines": 0, "num_statements": 0, "percent_covered": 100.0, "percent_covered_display": "100", "missing_lines": 0, "excluded_lines": 0}, "missing_lines": [], "excluded_lines": []}, "ExplanationParsed": {"executed_lines": [], "summary": {"covered_lines": 0, "num_statements": 0, "percent_covered": 100.0, "percent_covered_display": "100", "missing_lines": 0, "excluded_lines": 0}, "missing_lines": [], "excluded_lines": []}, "AddressOut": {"executed_lines": [76, 80], "summary": {"covered_lines": 2, "num_statements": 11, "percent_covered": 18.181818181818183, "percent_covered_display": "18", "missing_lines": 9, "excluded_lines": 0}, "missing_lines": [84, 86, 110, 134, 135, 138, 141, 142, 144], "excluded_lines": []}, "": {"executed_lines": [1, 5, 6, 7, 8, 9, 11, 14, 15, 17, 18, 19, 20, 21, 22, 23, 26, 27, 29, 30, 31, 34, 35, 37, 40, 41, 44, 45, 47, 50, 51, 52, 53, 54, 55, 56, 57, 58, 59, 60, 63, 66, 67, 70, 74, 78, 82, 107, 108, 131, 132], "summary": {"covered_lines": 46, "num_statements": 46, "percent_covered": 100.0, "percent_covered_display": "100", "missing_lines": 0, "excluded_lines": 0}, "missing_lines": [], "excluded_lines": []}}}, "src\\addrnorm\\validate\\__init__.py": {"executed_lines": [1, 11, 18], "summary": {"covered_lines": 2, "num_statements": 2, "percent_covered": 100.0, "percent_covered_display": "100", "missing_lines": 0, "excluded_lines": 0}, "missing_lines": [], "excluded_lines": [], "functions": {"": {"executed_lines": [1, 11, 18], "summary": {"covered_lines": 2, "num_statements": 2, "percent_covered": 100.0, "percent_covered_display": "100", "missing_lines": 0, "excluded_lines": 0}, "missing_lines": [], "excluded_lines": []}}, "classes": {"": {"executed_lines": [1, 11, 18], "summary": {"covered_lines": 2, "num_statements": 2, "percent_covered": 100.0, "percent_covered_display": "100", "missing_lines": 0, "excluded_lines": 0}, "missing_lines": [], "excluded_lines": []}}}, "src\\addrnorm\\validate\\geo.py": {"executed_lines": [1, 6, 7, 8, 9, 10, 11, 12, 15, 16, 17, 19, 20, 21, 22, 23, 26, 27, 28, 30, 31, 32, 33, 34, 37, 38, 43, 50, 52, 53, 55, 56, 57, 58, 60, 62, 66, 67, 68, 69, 70, 71, 72, 75, 76, 77, 78, 81, 82, 84, 89, 103, 113, 116, 117, 164, 179, 189, 190, 193, 194, 197, 207, 211, 233, 234, 245, 249, 250, 251, 255, 278, 293, 294, 296, 297, 298, 301, 302, 307, 308, 310, 320, 321, 322, 325, 327, 343, 406, 408, 411, 414, 416, 418, 421, 433, 434, 436, 438, 461, 463], "summary": {"covered_lines": 97, "num_statements": 129, "percent_covered": 75.1937984496124, "percent_covered_display": "75", "missing_lines": 32, "excluded_lines": 0}, "missing_lines": [104, 126, 130, 131, 132, 136, 137, 145, 156, 180, 198, 212, 213, 217, 270, 311, 323, 335, 354, 355, 364, 367, 368, 377, 378, 379, 380, 388, 397, 398, 409, 441], "excluded_lines": [], "functions": {"TurkishGeoValidator.__init__": {"executed_lines": [50, 52, 53, 55, 56, 57, 58, 60], "summary": {"covered_lines": 8, "num_statements": 8, "percent_covered": 100.0, "percent_covered_display": "100", "missing_lines": 0, "excluded_lines": 0}, "missing_lines": [], "excluded_lines": []}, "TurkishGeoValidator._load_data": {"executed_lines": [66, 67, 68, 69, 70, 71, 72, 75, 76, 77, 78, 81, 82, 84], "summary": {"covered_lines": 14, "num_statements": 14, "percent_covered": 100.0, "percent_covered_display": "100", "missing_lines": 0, "excluded_lines": 0}, "missing_lines": [], "excluded_lines": []}, "TurkishGeoValidator.validate_city": {"executed_lines": [103, 113, 116, 117], "summary": {"covered_lines": 4, "num_statements": 13, "percent_covered": 30.76923076923077, "percent_covered_display": "31", "missing_lines": 9, "excluded_lines": 0}, "missing_lines": [104, 126, 130, 131, 132, 136, 137, 145, 156], "excluded_lines": []}, "TurkishGeoValidator.validate_district": {"executed_lines": [179, 189, 190, 193, 194, 197, 207, 211, 233, 234, 245, 249, 250, 251, 255], "summary": {"covered_lines": 15, "num_statements": 21, "percent_covered": 71.42857142857143, "percent_covered_display": "71", "missing_lines": 6, "excluded_lines": 0}, "missing_lines": [180, 198, 212, 213, 217, 270], "excluded_lines": []}, "TurkishGeoValidator.validate_city_district_consistency": {"executed_lines": [293, 294, 296, 297, 298, 301, 302, 307, 308, 310, 320, 321, 322, 325, 327], "summary": {"covered_lines": 15, "num_statements": 18, "percent_covered": 83.33333333333333, "percent_covered_display": "83", "missing_lines": 3, "excluded_lines": 0}, "missing_lines": [311, 323, 335], "excluded_lines": []}, "TurkishGeoValidator.validate_postcode": {"executed_lines": [], "summary": {"covered_lines": 0, "num_statements": 12, "percent_covered": 0.0, "percent_covered_display": "0", "missing_lines": 12, "excluded_lines": 0}, "missing_lines": [354, 355, 364, 367, 368, 377, 378, 379, 380, 388, 397, 398], "excluded_lines": []}, "TurkishGeoValidator._normalize_text": {"executed_lines": [408, 411, 414, 416, 418, 421, 433, 434, 436], "summary": {"covered_lines": 9, "num_statements": 10, "percent_covered": 90.0, "percent_covered_display": "90", "missing_lines": 1, "excluded_lines": 0}, "missing_lines": [409], "excluded_lines": []}, "TurkishGeoValidator.get_stats": {"executed_lines": [], "summary": {"covered_lines": 0, "num_statements": 1, "percent_covered": 0.0, "percent_covered_display": "0", "missing_lines": 1, "excluded_lines": 0}, "missing_lines": [441], "excluded_lines": []}, "create_geo_validator": {"executed_lines": [463], "summary": {"covered_lines": 1, "num_statements": 1, "percent_covered": 100.0, "percent_covered_display": "100", "missing_lines": 0, "excluded_lines": 0}, "missing_lines": [], "excluded_lines": []}, "": {"executed_lines": [1, 6, 7, 8, 9, 10, 11, 12, 15, 16, 17, 19, 20, 21, 22, 23, 26, 27, 28, 30, 31, 32, 33, 34, 37, 38, 43, 62, 89, 164, 278, 343, 406, 438, 461], "summary": {"covered_lines": 31, "num_statements": 31, "percent_covered": 100.0, "percent_covered_display": "100", "missing_lines": 0, "excluded_lines": 0}, "missing_lines": [], "excluded_lines": []}}, "classes": {"ValidationResult": {"executed_lines": [], "summary": {"covered_lines": 0, "num_statements": 0, "percent_covered": 100.0, "percent_covered_display": "100", "missing_lines": 0, "excluded_lines": 0}, "missing_lines": [], "excluded_lines": []}, "ConsistencyResult": {"executed_lines": [], "summary": {"covered_lines": 0, "num_statements": 0, "percent_covered": 100.0, "percent_covered_display": "100", "missing_lines": 0, "excluded_lines": 0}, "missing_lines": [], "excluded_lines": []}, "TurkishGeoValidator": {"executed_lines": [50, 52, 53, 55, 56, 57, 58, 60, 66, 67, 68, 69, 70, 71, 72, 75, 76, 77, 78, 81, 82, 84, 103, 113, 116, 117, 179, 189, 190, 193, 194, 197, 207, 211, 233, 234, 245, 249, 250, 251, 255, 293, 294, 296, 297, 298, 301, 302, 307, 308, 310, 320, 321, 322, 325, 327, 408, 411, 414, 416, 418, 421, 433, 434, 436], "summary": {"covered_lines": 65, "num_statements": 97, "percent_covered": 67.01030927835052, "percent_covered_display": "67", "missing_lines": 32, "excluded_lines": 0}, "missing_lines": [104, 126, 130, 131, 132, 136, 137, 145, 156, 180, 198, 212, 213, 217, 270, 311, 323, 335, 354, 355, 364, 367, 368, 377, 378, 379, 380, 388, 397, 398, 409, 441], "excluded_lines": []}, "": {"executed_lines": [1, 6, 7, 8, 9, 10, 11, 12, 15, 16, 17, 19, 20, 21, 22, 23, 26, 27, 28, 30, 31, 32, 33, 34, 37, 38, 43, 62, 89, 164, 278, 343, 406, 438, 461, 463], "summary": {"covered_lines": 32, "num_statements": 32, "percent_covered": 100.0, "percent_covered_display": "100", "missing_lines": 0, "excluded_lines": 0}, "missing_lines": [], "excluded_lines": []}}}}, "totals": {"covered_lines": 1044, "num_statements": 2074, "percent_covered": 50.33751205400193, "percent_covered_display": "50", "missing_lines": 1030, "excluded_lines": 0}}
